2025-06-29 18:26:03.786 [info] GitLens v17.2.1 activating in Visual Studio Code (1.100.3) on the desktop; language='en', logLevel='warn', defaultDateLocale='null' (18d4f8d818f9d98b575ae8d85c4ac2bcb8c22d35ed7d3d5be59bb712531d179c|5e0f13f7-475e-44c2-9982-829cbae37cb81751201756157)
To enable debug logging, set `"gitlens.outputLevel": "debug"` or run "GitLens: Enable Debug Logging" from the Command Palette

2025-06-29 18:26:03.787 [info] [2025-06-29 12:56:03.659] Warning(/usr/bin/git -c core.quotepath=false -c color.ui=false rev-parse --show-toplevel): fatal: not a git repository (or any parent up to mount point /)
Stopping at filesystem boundary (GIT_DISCOVERY_ACROSS_FILESYSTEM not set).

[2025-06-29 12:56:03.660] [GIT          ] [/home/ero/.config/hypr] git rev-parse --show-toplevel • not a git repository (or any parent up to mount point /) • Stopping at filesystem boundary (GIT_DISCOVERY_ACROSS_FILESYSTEM not set). [498ms]

2025-06-29 18:26:55.482 [info] [2025-06-29 12:56:54.981] Warning(/usr/bin/git -c core.quotepath=false -c color.ui=false rev-parse --show-toplevel): fatal: not a git repository (or any parent up to mount point /)
Stopping at filesystem boundary (GIT_DISCOVERY_ACROSS_FILESYSTEM not set).

[2025-06-29 12:56:54.981] [GIT          ] [/home/ero/.config/waybar] git rev-parse --show-toplevel • not a git repository (or any parent up to mount point /) • Stopping at filesystem boundary (GIT_DISCOVERY_ACROSS_FILESYSTEM not set). [49ms]

2025-06-29 18:37:03.638 [info] GitLens v17.2.1 activating in Visual Studio Code (1.100.3) on the desktop; language='en', logLevel='warn', defaultDateLocale='null' (18d4f8d818f9d98b575ae8d85c4ac2bcb8c22d35ed7d3d5be59bb712531d179c|1146748d-338e-4d3d-9299-186e8eb4a14a1751202416569)
To enable debug logging, set `"gitlens.outputLevel": "debug"` or run "GitLens: Enable Debug Logging" from the Command Palette

2025-06-29 18:37:04.254 [info] [2025-06-29 13:07:03.409] Warning(/usr/bin/git -c core.quotepath=false -c color.ui=false rev-parse --show-toplevel): fatal: not a git repository (or any parent up to mount point /)
Stopping at filesystem boundary (GIT_DISCOVERY_ACROSS_FILESYSTEM not set).

[2025-06-29 13:07:03.410] [GIT          ] [/home/ero/.config/waybar] git rev-parse --show-toplevel • not a git repository (or any parent up to mount point /) • Stopping at filesystem boundary (GIT_DISCOVERY_ACROSS_FILESYSTEM not set). [74ms]

2025-06-29 18:37:23.143 [info] GitLens v17.2.1 activating in Visual Studio Code (1.100.3) on the desktop; language='en', logLevel='warn', defaultDateLocale='null' (18d4f8d818f9d98b575ae8d85c4ac2bcb8c22d35ed7d3d5be59bb712531d179c|32077d21-3261-4cee-885a-88938c9ae9ee1751202434296)
To enable debug logging, set `"gitlens.outputLevel": "debug"` or run "GitLens: Enable Debug Logging" from the Command Palette
[2025-06-29 13:07:22.832] Warning(/usr/bin/git -c core.quotepath=false -c color.ui=false rev-parse --show-toplevel): fatal: not a git repository (or any parent up to mount point /)
Stopping at filesystem boundary (GIT_DISCOVERY_ACROSS_FILESYSTEM not set).

[2025-06-29 13:07:22.832] [GIT          ] [/home/ero/.config] git rev-parse --show-toplevel • not a git repository (or any parent up to mount point /) • Stopping at filesystem boundary (GIT_DISCOVERY_ACROSS_FILESYSTEM not set). [296ms]

2025-06-29 18:37:24.777 [info] [2025-06-29 13:07:24.498] [           10] GitCodeLensProvider.provideCodeLenses(TextDocument(properties, dirty=false, file:///home/ero/.config/hypr/hyprland.conf)) Warning(/usr/bin/git -c core.quotepath=false -c color.ui=false rev-parse --show-toplevel): fatal: not a git repository (or any parent up to mount point /)
Stopping at filesystem boundary (GIT_DISCOVERY_ACROSS_FILESYSTEM not set).

[2025-06-29 13:07:24.499] [GIT          ] [/home/ero/.config/hypr] git rev-parse --show-toplevel • not a git repository (or any parent up to mount point /) • Stopping at filesystem boundary (GIT_DISCOVERY_ACROSS_FILESYSTEM not set). [41ms]

2025-06-29 18:37:51.805 [info] [2025-06-29 13:07:51.304] Warning(/usr/bin/git -c core.quotepath=false -c color.ui=false rev-parse --show-toplevel): fatal: not a git repository (or any parent up to mount point /)
Stopping at filesystem boundary (GIT_DISCOVERY_ACROSS_FILESYSTEM not set).

[2025-06-29 13:07:51.304] [GIT          ] [/home/ero/.config/hypr/scripts] git rev-parse --show-toplevel • not a git repository (or any parent up to mount point /) • Stopping at filesystem boundary (GIT_DISCOVERY_ACROSS_FILESYSTEM not set). [54ms]

2025-06-29 18:38:52.666 [info] [2025-06-29 13:08:52.165] Warning(/usr/bin/git -c core.quotepath=false -c color.ui=false rev-parse --show-toplevel): fatal: not a git repository (or any parent up to mount point /)
Stopping at filesystem boundary (GIT_DISCOVERY_ACROSS_FILESYSTEM not set).

[2025-06-29 13:08:52.166] [GIT          ] [/home/ero/.config/waybar] git rev-parse --show-toplevel • not a git repository (or any parent up to mount point /) • Stopping at filesystem boundary (GIT_DISCOVERY_ACROSS_FILESYSTEM not set). [60ms]

2025-06-29 18:38:53.205 [info] [2025-06-29 13:08:52.949] Warning(/usr/bin/git -c core.quotepath=false -c color.ui=false rev-parse --show-toplevel): fatal: not a git repository (or any parent up to mount point /)
Stopping at filesystem boundary (GIT_DISCOVERY_ACROSS_FILESYSTEM not set).

[2025-06-29 13:08:52.949] [GIT          ] [/home/ero/.config/waybar] git rev-parse --show-toplevel • not a git repository (or any parent up to mount point /) • Stopping at filesystem boundary (GIT_DISCOVERY_ACROSS_FILESYSTEM not set). [40ms]

2025-06-29 18:38:59.599 [info] [2025-06-29 13:08:59.099] Warning(/usr/bin/git -c core.quotepath=false -c color.ui=false rev-parse --show-toplevel): fatal: not a git repository (or any parent up to mount point /)
Stopping at filesystem boundary (GIT_DISCOVERY_ACROSS_FILESYSTEM not set).

[2025-06-29 13:08:59.099] [GIT          ] [/home/ero/.config/discord/0.0.99/modules/discord_game_utils] git rev-parse --show-toplevel • not a git repository (or any parent up to mount point /) • Stopping at filesystem boundary (GIT_DISCOVERY_ACROSS_FILESYSTEM not set). [52ms]
[2025-06-29 13:08:59.153] Warning(/usr/bin/git -c core.quotepath=false -c color.ui=false rev-parse --show-toplevel): fatal: not a git repository (or any parent up to mount point /)
Stopping at filesystem boundary (GIT_DISCOVERY_ACROSS_FILESYSTEM not set).

[2025-06-29 13:08:59.153] [GIT          ] [/home/ero/.config/discord/0.0.99/modules/discord_spellcheck] git rev-parse --show-toplevel • not a git repository (or any parent up to mount point /) • Stopping at filesystem boundary (GIT_DISCOVERY_ACROSS_FILESYSTEM not set). [52ms]
[2025-06-29 13:08:59.209] Warning(/usr/bin/git -c core.quotepath=false -c color.ui=false rev-parse --show-toplevel): fatal: not a git repository (or any parent up to mount point /)
Stopping at filesystem boundary (GIT_DISCOVERY_ACROSS_FILESYSTEM not set).

[2025-06-29 13:08:59.209] [GIT          ] [/home/ero/.config/discord/0.0.99/modules/discord_utils] git rev-parse --show-toplevel • not a git repository (or any parent up to mount point /) • Stopping at filesystem boundary (GIT_DISCOVERY_ACROSS_FILESYSTEM not set). [54ms]
[2025-06-29 13:08:59.264] Warning(/usr/bin/git -c core.quotepath=false -c color.ui=false rev-parse --show-toplevel): fatal: not a git repository (or any parent up to mount point /)
Stopping at filesystem boundary (GIT_DISCOVERY_ACROSS_FILESYSTEM not set).

[2025-06-29 13:08:59.265] [GIT          ] [/home/ero/.config/discord/0.0.99/modules/discord_zstd] git rev-parse --show-toplevel • not a git repository (or any parent up to mount point /) • Stopping at filesystem boundary (GIT_DISCOVERY_ACROSS_FILESYSTEM not set). [54ms]
[2025-06-29 13:08:59.318] Warning(/usr/bin/git -c core.quotepath=false -c color.ui=false rev-parse --show-toplevel): fatal: not a git repository (or any parent up to mount point /)
Stopping at filesystem boundary (GIT_DISCOVERY_ACROSS_FILESYSTEM not set).

[2025-06-29 13:08:59.319] [GIT          ] [/home/ero/.config/discord/0.0.99/modules/discord_rpc] git rev-parse --show-toplevel • not a git repository (or any parent up to mount point /) • Stopping at filesystem boundary (GIT_DISCOVERY_ACROSS_FILESYSTEM not set). [52ms]
[2025-06-29 13:08:59.371] Warning(/usr/bin/git -c core.quotepath=false -c color.ui=false rev-parse --show-toplevel): fatal: not a git repository (or any parent up to mount point /)
Stopping at filesystem boundary (GIT_DISCOVERY_ACROSS_FILESYSTEM not set).

[2025-06-29 13:08:59.371] [GIT          ] [/home/ero/.config/discord/0.0.99/modules/discord_krisp] git rev-parse --show-toplevel • not a git repository (or any parent up to mount point /) • Stopping at filesystem boundary (GIT_DISCOVERY_ACROSS_FILESYSTEM not set). [51ms]
[2025-06-29 13:08:59.427] Warning(/usr/bin/git -c core.quotepath=false -c color.ui=false rev-parse --show-toplevel): fatal: not a git repository (or any parent up to mount point /)
Stopping at filesystem boundary (GIT_DISCOVERY_ACROSS_FILESYSTEM not set).

[2025-06-29 13:08:59.427] [GIT          ] [/home/ero/.config/discord/0.0.99/modules/discord_voice] git rev-parse --show-toplevel • not a git repository (or any parent up to mount point /) • Stopping at filesystem boundary (GIT_DISCOVERY_ACROSS_FILESYSTEM not set). [55ms]
[2025-06-29 13:08:59.480] Warning(/usr/bin/git -c core.quotepath=false -c color.ui=false rev-parse --show-toplevel): fatal: not a git repository (or any parent up to mount point /)
Stopping at filesystem boundary (GIT_DISCOVERY_ACROSS_FILESYSTEM not set).

[2025-06-29 13:08:59.480] [GIT          ] [/home/ero/.config/discord/0.0.99/modules/discord_erlpack] git rev-parse --show-toplevel • not a git repository (or any parent up to mount point /) • Stopping at filesystem boundary (GIT_DISCOVERY_ACROSS_FILESYSTEM not set). [52ms]
[2025-06-29 13:08:59.529] Warning(/usr/bin/git -c core.quotepath=false -c color.ui=false rev-parse --show-toplevel): fatal: not a git repository (or any parent up to mount point /)
Stopping at filesystem boundary (GIT_DISCOVERY_ACROSS_FILESYSTEM not set).

[2025-06-29 13:08:59.529] [GIT          ] [/home/ero/.config/discord/0.0.99/modules/discord_desktop_core] git rev-parse --show-toplevel • not a git repository (or any parent up to mount point /) • Stopping at filesystem boundary (GIT_DISCOVERY_ACROSS_FILESYSTEM not set). [48ms]

