2025-06-29 23:17:49.455 [info] [AutoSync] Using settings sync service https://vscode-sync.trafficmanager.net/
2025-06-29 23:17:49.455 [info] [AutoSync] Enabled.
2025-06-29 23:17:49.455 [info] [AutoSync] Suspended until auth token is available.
2025-06-29 23:17:51.770 [info] [AutoSync] Triggered by Interval
2025-06-29 23:17:51.770 [info] Sync started.
2025-06-29 23:17:52.435 [info] Settings: No changes found during synchronizing settings.
2025-06-29 23:17:52.457 [info] Keybindings: No changes found during synchronizing keybindings.
2025-06-29 23:17:52.482 [info] Snippets: No changes found during synchronizing snippets.
2025-06-29 23:17:52.515 [info] Tasks: No changes found during synchronizing tasks.
2025-06-29 23:17:52.522 [info] GlobalState: No changes found during synchronizing ui state.
2025-06-29 23:17:52.585 [info] Extensions: No changes found during synchronizing extensions.
2025-06-29 23:17:52.590 [info] Prompts: No changes found during synchronizing prompts.
2025-06-29 23:17:52.592 [info] Profiles: No changes found during synchronizing profiles.
2025-06-29 23:17:52.595 [info] Sync done. Took 827ms
2025-06-29 23:22:52.599 [info] [AutoSync] Triggered by Interval
2025-06-29 23:22:52.599 [info] Sync started.
2025-06-29 23:22:53.005 [info] Settings: No changes found during synchronizing settings.
2025-06-29 23:22:53.010 [info] Keybindings: No changes found during synchronizing keybindings.
2025-06-29 23:22:53.014 [info] Snippets: No changes found during synchronizing snippets.
2025-06-29 23:22:53.017 [info] Tasks: No changes found during synchronizing tasks.
2025-06-29 23:22:53.021 [info] GlobalState: No changes found during synchronizing ui state.
2025-06-29 23:22:53.104 [info] Extensions: No changes found during synchronizing extensions.
2025-06-29 23:22:53.108 [info] Prompts: No changes found during synchronizing prompts.
2025-06-29 23:22:53.110 [info] Profiles: No changes found during synchronizing profiles.
2025-06-29 23:22:53.112 [info] Sync done. Took 514ms
2025-06-29 23:27:53.116 [info] [AutoSync] Triggered by Interval
2025-06-29 23:27:53.116 [info] Sync started.
2025-06-29 23:27:53.490 [info] Settings: No changes found during synchronizing settings.
2025-06-29 23:27:53.494 [info] Keybindings: No changes found during synchronizing keybindings.
2025-06-29 23:27:53.498 [info] Snippets: No changes found during synchronizing snippets.
2025-06-29 23:27:53.501 [info] Tasks: No changes found during synchronizing tasks.
2025-06-29 23:27:53.504 [info] GlobalState: No changes found during synchronizing ui state.
2025-06-29 23:27:53.574 [info] Extensions: No changes found during synchronizing extensions.
2025-06-29 23:27:53.577 [info] Prompts: No changes found during synchronizing prompts.
2025-06-29 23:27:53.578 [info] Profiles: No changes found during synchronizing profiles.
2025-06-29 23:27:53.580 [info] Sync done. Took 465ms
2025-06-29 23:29:13.899 [info] [AutoSync] Triggered by Activity
2025-06-29 23:29:13.899 [info] Sync started.
2025-06-29 23:29:14.042 [info] Settings: No changes found during synchronizing settings.
2025-06-29 23:29:14.046 [info] Keybindings: No changes found during synchronizing keybindings.
2025-06-29 23:29:14.050 [info] Snippets: No changes found during synchronizing snippets.
2025-06-29 23:29:14.053 [info] Tasks: No changes found during synchronizing tasks.
2025-06-29 23:29:14.057 [info] GlobalState: No changes found during synchronizing ui state.
2025-06-29 23:29:14.143 [info] Extensions: No changes found during synchronizing extensions.
2025-06-29 23:29:14.147 [info] Prompts: No changes found during synchronizing prompts.
2025-06-29 23:29:14.148 [info] Profiles: No changes found during synchronizing profiles.
2025-06-29 23:29:14.150 [info] Sync done. Took 252ms
2025-06-29 23:33:24.164 [info] [AutoSync] Triggered by Activity
2025-06-29 23:33:24.165 [info] Sync started.
2025-06-29 23:33:24.510 [info] Settings: No changes found during synchronizing settings.
2025-06-29 23:33:24.515 [info] Keybindings: No changes found during synchronizing keybindings.
2025-06-29 23:33:24.519 [info] Snippets: No changes found during synchronizing snippets.
2025-06-29 23:33:24.522 [info] Tasks: No changes found during synchronizing tasks.
2025-06-29 23:33:24.530 [info] GlobalState: No changes found during synchronizing ui state.
2025-06-29 23:33:24.610 [info] Extensions: No changes found during synchronizing extensions.
2025-06-29 23:33:24.617 [info] Prompts: No changes found during synchronizing prompts.
2025-06-29 23:33:24.619 [info] Profiles: No changes found during synchronizing profiles.
2025-06-29 23:33:24.620 [info] Sync done. Took 456ms
2025-06-29 23:35:08.127 [info] [AutoSync] Triggered by Activity
2025-06-29 23:35:08.127 [info] Sync started.
2025-06-29 23:35:08.251 [info] Settings: No changes found during synchronizing settings.
2025-06-29 23:35:08.255 [info] Keybindings: No changes found during synchronizing keybindings.
2025-06-29 23:35:08.259 [info] Snippets: No changes found during synchronizing snippets.
2025-06-29 23:35:08.262 [info] Tasks: No changes found during synchronizing tasks.
2025-06-29 23:35:08.266 [info] GlobalState: No changes found during synchronizing ui state.
2025-06-29 23:35:08.332 [info] Extensions: No changes found during synchronizing extensions.
2025-06-29 23:35:08.335 [info] Prompts: No changes found during synchronizing prompts.
2025-06-29 23:35:08.336 [info] Profiles: No changes found during synchronizing profiles.
2025-06-29 23:35:08.338 [info] Sync done. Took 212ms
2025-06-29 23:35:36.278 [info] [AutoSync] Triggered by Activity
2025-06-29 23:35:36.278 [info] Sync started.
2025-06-29 23:35:36.405 [info] Settings: No changes found during synchronizing settings.
2025-06-29 23:35:36.409 [info] Keybindings: No changes found during synchronizing keybindings.
2025-06-29 23:35:36.413 [info] Snippets: No changes found during synchronizing snippets.
2025-06-29 23:35:36.416 [info] Tasks: No changes found during synchronizing tasks.
2025-06-29 23:35:36.419 [info] GlobalState: No changes found during synchronizing ui state.
2025-06-29 23:35:36.484 [info] Extensions: No changes found during synchronizing extensions.
2025-06-29 23:35:36.486 [info] Prompts: No changes found during synchronizing prompts.
2025-06-29 23:35:36.488 [info] Profiles: No changes found during synchronizing profiles.
2025-06-29 23:35:36.489 [info] Sync done. Took 212ms
2025-06-29 23:37:26.059 [info] [AutoSync] Triggered by Activity
2025-06-29 23:37:26.059 [info] Sync started.
2025-06-29 23:37:26.182 [info] Settings: No changes found during synchronizing settings.
2025-06-29 23:37:26.186 [info] Keybindings: No changes found during synchronizing keybindings.
2025-06-29 23:37:26.190 [info] Snippets: No changes found during synchronizing snippets.
2025-06-29 23:37:26.193 [info] Tasks: No changes found during synchronizing tasks.
2025-06-29 23:37:26.197 [info] GlobalState: No changes found during synchronizing ui state.
2025-06-29 23:37:26.269 [info] Extensions: No changes found during synchronizing extensions.
2025-06-29 23:37:26.271 [info] Prompts: No changes found during synchronizing prompts.
2025-06-29 23:37:26.273 [info] Profiles: No changes found during synchronizing profiles.
2025-06-29 23:37:26.275 [info] Sync done. Took 217ms
2025-06-29 23:40:17.439 [info] [AutoSync] Triggered by Activity
2025-06-29 23:40:17.440 [info] Sync started.
2025-06-29 23:40:17.790 [info] Settings: No changes found during synchronizing settings.
2025-06-29 23:40:17.793 [info] Keybindings: No changes found during synchronizing keybindings.
2025-06-29 23:40:17.797 [info] Snippets: No changes found during synchronizing snippets.
2025-06-29 23:40:17.800 [info] Tasks: No changes found during synchronizing tasks.
2025-06-29 23:40:17.804 [info] GlobalState: No changes found during synchronizing ui state.
2025-06-29 23:40:17.864 [info] Extensions: No changes found during synchronizing extensions.
2025-06-29 23:40:17.867 [info] Prompts: No changes found during synchronizing prompts.
2025-06-29 23:40:17.869 [info] Profiles: No changes found during synchronizing profiles.
2025-06-29 23:40:17.871 [info] Sync done. Took 432ms
2025-06-29 23:42:26.159 [info] [AutoSync] Triggered by Activity
2025-06-29 23:42:26.159 [info] Sync started.
2025-06-29 23:42:26.289 [info] Settings: No changes found during synchronizing settings.
2025-06-29 23:42:26.294 [info] Keybindings: No changes found during synchronizing keybindings.
2025-06-29 23:42:26.298 [info] Snippets: No changes found during synchronizing snippets.
2025-06-29 23:42:26.301 [info] Tasks: No changes found during synchronizing tasks.
2025-06-29 23:42:26.305 [info] GlobalState: No changes found during synchronizing ui state.
2025-06-29 23:42:26.369 [info] Extensions: No changes found during synchronizing extensions.
2025-06-29 23:42:26.372 [info] Prompts: No changes found during synchronizing prompts.
2025-06-29 23:42:26.373 [info] Profiles: No changes found during synchronizing profiles.
2025-06-29 23:42:26.375 [info] Sync done. Took 217ms
2025-06-29 23:42:37.013 [info] [AutoSync] Triggered by Activity
2025-06-29 23:42:37.013 [info] Sync started.
2025-06-29 23:42:37.131 [info] Settings: No changes found during synchronizing settings.
2025-06-29 23:42:37.135 [info] Keybindings: No changes found during synchronizing keybindings.
2025-06-29 23:42:37.138 [info] Snippets: No changes found during synchronizing snippets.
2025-06-29 23:42:37.142 [info] Tasks: No changes found during synchronizing tasks.
2025-06-29 23:42:37.146 [info] GlobalState: No changes found during synchronizing ui state.
2025-06-29 23:42:37.205 [info] Extensions: No changes found during synchronizing extensions.
2025-06-29 23:42:37.210 [info] Prompts: No changes found during synchronizing prompts.
2025-06-29 23:42:37.212 [info] Profiles: No changes found during synchronizing profiles.
2025-06-29 23:42:37.214 [info] Sync done. Took 202ms
2025-06-29 23:42:49.367 [info] [AutoSync] Triggered by Activity
2025-06-29 23:42:49.368 [info] Sync started.
2025-06-29 23:42:49.494 [info] Settings: No changes found during synchronizing settings.
2025-06-29 23:42:49.497 [info] Keybindings: No changes found during synchronizing keybindings.
2025-06-29 23:42:49.501 [info] Snippets: No changes found during synchronizing snippets.
2025-06-29 23:42:49.504 [info] Tasks: No changes found during synchronizing tasks.
2025-06-29 23:42:49.508 [info] GlobalState: No changes found during synchronizing ui state.
2025-06-29 23:42:49.574 [info] Extensions: No changes found during synchronizing extensions.
2025-06-29 23:42:49.576 [info] Prompts: No changes found during synchronizing prompts.
2025-06-29 23:42:49.578 [info] Profiles: No changes found during synchronizing profiles.
2025-06-29 23:42:49.579 [info] Sync done. Took 213ms
2025-06-29 23:43:21.499 [info] [AutoSync] Triggered by Activity
2025-06-29 23:43:21.499 [info] Sync started.
2025-06-29 23:43:21.719 [info] Settings: No changes found during synchronizing settings.
2025-06-29 23:43:21.723 [info] Keybindings: No changes found during synchronizing keybindings.
2025-06-29 23:43:21.727 [info] Snippets: No changes found during synchronizing snippets.
2025-06-29 23:43:21.731 [info] Tasks: No changes found during synchronizing tasks.
2025-06-29 23:43:21.734 [info] GlobalState: No changes found during synchronizing ui state.
2025-06-29 23:43:21.798 [info] Extensions: No changes found during synchronizing extensions.
2025-06-29 23:43:21.801 [info] Prompts: No changes found during synchronizing prompts.
2025-06-29 23:43:21.802 [info] Profiles: No changes found during synchronizing profiles.
2025-06-29 23:43:21.804 [info] Sync done. Took 306ms
2025-06-29 23:44:22.709 [info] [AutoSync] Triggered by Activity
2025-06-29 23:44:22.710 [info] Sync started.
2025-06-29 23:44:22.894 [info] Settings: No changes found during synchronizing settings.
2025-06-29 23:44:22.897 [info] Keybindings: No changes found during synchronizing keybindings.
2025-06-29 23:44:22.901 [info] Snippets: No changes found during synchronizing snippets.
2025-06-29 23:44:22.904 [info] Tasks: No changes found during synchronizing tasks.
2025-06-29 23:44:22.908 [info] GlobalState: No changes found during synchronizing ui state.
2025-06-29 23:44:22.970 [info] Extensions: No changes found during synchronizing extensions.
2025-06-29 23:44:22.972 [info] Prompts: No changes found during synchronizing prompts.
2025-06-29 23:44:22.973 [info] Profiles: No changes found during synchronizing profiles.
2025-06-29 23:44:22.975 [info] Sync done. Took 266ms
2025-06-29 23:49:23.010 [info] [AutoSync] Triggered by Interval
2025-06-29 23:49:23.011 [info] Sync started.
2025-06-29 23:49:23.397 [info] Settings: No changes found during synchronizing settings.
2025-06-29 23:49:23.401 [info] Keybindings: No changes found during synchronizing keybindings.
2025-06-29 23:49:23.405 [info] Snippets: No changes found during synchronizing snippets.
2025-06-29 23:49:23.408 [info] Tasks: No changes found during synchronizing tasks.
2025-06-29 23:49:23.412 [info] GlobalState: No changes found during synchronizing ui state.
2025-06-29 23:49:23.473 [info] Extensions: No changes found during synchronizing extensions.
2025-06-29 23:49:23.475 [info] Prompts: No changes found during synchronizing prompts.
2025-06-29 23:49:23.477 [info] Profiles: No changes found during synchronizing profiles.
2025-06-29 23:49:23.478 [info] Sync done. Took 469ms
2025-06-29 23:50:28.392 [info] [AutoSync] Triggered by Activity
2025-06-29 23:50:28.393 [info] Sync started.
2025-06-29 23:50:28.517 [info] Settings: No changes found during synchronizing settings.
2025-06-29 23:50:28.521 [info] Keybindings: No changes found during synchronizing keybindings.
2025-06-29 23:50:28.524 [info] Snippets: No changes found during synchronizing snippets.
2025-06-29 23:50:28.527 [info] Tasks: No changes found during synchronizing tasks.
2025-06-29 23:50:28.531 [info] GlobalState: No changes found during synchronizing ui state.
2025-06-29 23:50:28.592 [info] Extensions: No changes found during synchronizing extensions.
2025-06-29 23:50:28.594 [info] Prompts: No changes found during synchronizing prompts.
2025-06-29 23:50:28.595 [info] Profiles: No changes found during synchronizing profiles.
2025-06-29 23:50:28.597 [info] Sync done. Took 205ms
2025-06-29 23:51:20.439 [info] [AutoSync] Triggered by Activity
2025-06-29 23:51:20.440 [info] Sync started.
2025-06-29 23:51:20.579 [info] Settings: No changes found during synchronizing settings.
2025-06-29 23:51:20.582 [info] Keybindings: No changes found during synchronizing keybindings.
2025-06-29 23:51:20.586 [info] Snippets: No changes found during synchronizing snippets.
2025-06-29 23:51:20.589 [info] Tasks: No changes found during synchronizing tasks.
2025-06-29 23:51:20.593 [info] GlobalState: No changes found during synchronizing ui state.
2025-06-29 23:51:20.656 [info] Extensions: No changes found during synchronizing extensions.
2025-06-29 23:51:20.659 [info] Prompts: No changes found during synchronizing prompts.
2025-06-29 23:51:20.660 [info] Profiles: No changes found during synchronizing profiles.
2025-06-29 23:51:20.662 [info] Sync done. Took 223ms
2025-06-29 23:54:39.860 [info] [AutoSync] Triggered by Activity
2025-06-29 23:54:39.861 [info] Sync started.
2025-06-29 23:54:40.239 [info] Settings: No changes found during synchronizing settings.
2025-06-29 23:54:40.243 [info] Keybindings: No changes found during synchronizing keybindings.
2025-06-29 23:54:40.246 [info] Snippets: No changes found during synchronizing snippets.
2025-06-29 23:54:40.249 [info] Tasks: No changes found during synchronizing tasks.
2025-06-29 23:54:40.253 [info] GlobalState: No changes found during synchronizing ui state.
2025-06-29 23:54:40.311 [info] Extensions: No changes found during synchronizing extensions.
2025-06-29 23:54:40.314 [info] Prompts: No changes found during synchronizing prompts.
2025-06-29 23:54:40.315 [info] Profiles: No changes found during synchronizing profiles.
2025-06-29 23:54:40.317 [info] Sync done. Took 457ms
2025-06-29 23:57:29.906 [info] [AutoSync] Triggered by Activity
2025-06-29 23:57:29.906 [info] Sync started.
2025-06-29 23:57:30.263 [info] Settings: No changes found during synchronizing settings.
2025-06-29 23:57:30.267 [info] Keybindings: No changes found during synchronizing keybindings.
2025-06-29 23:57:30.270 [info] Snippets: No changes found during synchronizing snippets.
2025-06-29 23:57:30.273 [info] Tasks: No changes found during synchronizing tasks.
2025-06-29 23:57:30.277 [info] GlobalState: No changes found during synchronizing ui state.
2025-06-29 23:57:30.348 [info] Extensions: No changes found during synchronizing extensions.
2025-06-29 23:57:30.351 [info] Prompts: No changes found during synchronizing prompts.
2025-06-29 23:57:30.353 [info] Profiles: No changes found during synchronizing profiles.
2025-06-29 23:57:30.354 [info] Sync done. Took 450ms
2025-06-29 23:58:35.892 [info] [AutoSync] Triggered by Activity
2025-06-29 23:58:35.893 [info] Sync started.
2025-06-29 23:58:36.012 [info] Settings: No changes found during synchronizing settings.
2025-06-29 23:58:36.015 [info] Keybindings: No changes found during synchronizing keybindings.
2025-06-29 23:58:36.019 [info] Snippets: No changes found during synchronizing snippets.
2025-06-29 23:58:36.022 [info] Tasks: No changes found during synchronizing tasks.
2025-06-29 23:58:36.026 [info] GlobalState: No changes found during synchronizing ui state.
2025-06-29 23:58:36.085 [info] Extensions: No changes found during synchronizing extensions.
2025-06-29 23:58:36.087 [info] Prompts: No changes found during synchronizing prompts.
2025-06-29 23:58:36.089 [info] Profiles: No changes found during synchronizing profiles.
2025-06-29 23:58:36.091 [info] Sync done. Took 200ms
2025-06-30 00:03:36.126 [info] [AutoSync] Triggered by Interval
2025-06-30 00:03:36.126 [info] Sync started.
2025-06-30 00:03:36.494 [info] Settings: No changes found during synchronizing settings.
2025-06-30 00:03:36.499 [info] Keybindings: No changes found during synchronizing keybindings.
2025-06-30 00:03:36.502 [info] Snippets: No changes found during synchronizing snippets.
2025-06-30 00:03:36.505 [info] Tasks: No changes found during synchronizing tasks.
2025-06-30 00:03:36.509 [info] GlobalState: No changes found during synchronizing ui state.
2025-06-30 00:03:36.576 [info] Extensions: No changes found during synchronizing extensions.
2025-06-30 00:03:36.578 [info] Prompts: No changes found during synchronizing prompts.
2025-06-30 00:03:36.580 [info] Profiles: No changes found during synchronizing profiles.
2025-06-30 00:03:36.582 [info] Sync done. Took 457ms
2025-06-30 00:08:36.617 [info] [AutoSync] Triggered by Interval
2025-06-30 00:08:36.617 [info] Sync started.
2025-06-30 00:08:36.998 [info] Settings: No changes found during synchronizing settings.
2025-06-30 00:08:37.001 [info] Keybindings: No changes found during synchronizing keybindings.
2025-06-30 00:08:37.005 [info] Snippets: No changes found during synchronizing snippets.
2025-06-30 00:08:37.008 [info] Tasks: No changes found during synchronizing tasks.
2025-06-30 00:08:37.011 [info] GlobalState: No changes found during synchronizing ui state.
2025-06-30 00:08:37.078 [info] Extensions: No changes found during synchronizing extensions.
2025-06-30 00:08:37.081 [info] Prompts: No changes found during synchronizing prompts.
2025-06-30 00:08:37.082 [info] Profiles: No changes found during synchronizing profiles.
2025-06-30 00:08:37.084 [info] Sync done. Took 468ms
2025-06-30 00:10:24.271 [info] [AutoSync] Triggered by Activity
2025-06-30 00:10:24.272 [info] Sync started.
2025-06-30 00:10:24.378 [info] Settings: No changes found during synchronizing settings.
2025-06-30 00:10:24.381 [info] Keybindings: No changes found during synchronizing keybindings.
2025-06-30 00:10:24.385 [info] Snippets: No changes found during synchronizing snippets.
2025-06-30 00:10:24.388 [info] Tasks: No changes found during synchronizing tasks.
2025-06-30 00:10:24.391 [info] GlobalState: No changes found during synchronizing ui state.
2025-06-30 00:10:24.449 [info] Extensions: No changes found during synchronizing extensions.
2025-06-30 00:10:24.452 [info] Prompts: No changes found during synchronizing prompts.
2025-06-30 00:10:24.453 [info] Profiles: No changes found during synchronizing profiles.
2025-06-30 00:10:24.455 [info] Sync done. Took 184ms
2025-06-30 00:11:56.975 [info] [AutoSync] Triggered by Activity
2025-06-30 00:11:56.975 [info] Sync started.
2025-06-30 00:11:57.103 [info] Settings: No changes found during synchronizing settings.
2025-06-30 00:11:57.107 [info] Keybindings: No changes found during synchronizing keybindings.
2025-06-30 00:11:57.111 [info] Snippets: No changes found during synchronizing snippets.
2025-06-30 00:11:57.114 [info] Tasks: No changes found during synchronizing tasks.
2025-06-30 00:11:57.117 [info] GlobalState: No changes found during synchronizing ui state.
2025-06-30 00:11:57.178 [info] Extensions: No changes found during synchronizing extensions.
2025-06-30 00:11:57.181 [info] Prompts: No changes found during synchronizing prompts.
2025-06-30 00:11:57.182 [info] Profiles: No changes found during synchronizing profiles.
2025-06-30 00:11:57.184 [info] Sync done. Took 210ms
2025-06-30 00:12:10.849 [info] [AutoSync] Triggered by Activity
2025-06-30 00:12:10.850 [info] Sync started.
2025-06-30 00:12:10.960 [info] Settings: No changes found during synchronizing settings.
2025-06-30 00:12:10.964 [info] Keybindings: No changes found during synchronizing keybindings.
2025-06-30 00:12:10.967 [info] Snippets: No changes found during synchronizing snippets.
2025-06-30 00:12:10.971 [info] Tasks: No changes found during synchronizing tasks.
2025-06-30 00:12:10.975 [info] GlobalState: No changes found during synchronizing ui state.
2025-06-30 00:12:11.040 [info] Extensions: No changes found during synchronizing extensions.
2025-06-30 00:12:11.043 [info] Prompts: No changes found during synchronizing prompts.
2025-06-30 00:12:11.044 [info] Profiles: No changes found during synchronizing profiles.
2025-06-30 00:12:11.046 [info] Sync done. Took 197ms
2025-06-30 00:13:03.406 [info] [AutoSync] Triggered by Activity
2025-06-30 00:13:03.406 [info] Sync started.
2025-06-30 00:13:04.026 [info] Settings: No changes found during synchronizing settings.
2025-06-30 00:13:04.030 [info] Keybindings: No changes found during synchronizing keybindings.
2025-06-30 00:13:04.034 [info] Snippets: No changes found during synchronizing snippets.
2025-06-30 00:13:04.036 [info] Tasks: No changes found during synchronizing tasks.
2025-06-30 00:13:04.040 [info] GlobalState: No changes found during synchronizing ui state.
2025-06-30 00:13:04.106 [info] Extensions: No changes found during synchronizing extensions.
2025-06-30 00:13:04.109 [info] Prompts: No changes found during synchronizing prompts.
2025-06-30 00:13:04.110 [info] Profiles: No changes found during synchronizing profiles.
2025-06-30 00:13:04.112 [info] Sync done. Took 707ms
2025-06-30 00:14:08.989 [info] [AutoSync] Triggered by Activity
2025-06-30 00:14:08.989 [info] Sync started.
2025-06-30 00:14:09.115 [info] Settings: No changes found during synchronizing settings.
2025-06-30 00:14:09.119 [info] Keybindings: No changes found during synchronizing keybindings.
2025-06-30 00:14:09.123 [info] Snippets: No changes found during synchronizing snippets.
2025-06-30 00:14:09.126 [info] Tasks: No changes found during synchronizing tasks.
2025-06-30 00:14:09.129 [info] GlobalState: No changes found during synchronizing ui state.
2025-06-30 00:14:09.187 [info] Extensions: No changes found during synchronizing extensions.
2025-06-30 00:14:09.189 [info] Prompts: No changes found during synchronizing prompts.
2025-06-30 00:14:09.191 [info] Profiles: No changes found during synchronizing profiles.
2025-06-30 00:14:09.193 [info] Sync done. Took 205ms
2025-06-30 00:19:09.213 [info] [AutoSync] Triggered by Interval
2025-06-30 00:19:09.214 [info] Sync started.
2025-06-30 00:19:09.605 [info] Settings: No changes found during synchronizing settings.
2025-06-30 00:19:09.609 [info] Keybindings: No changes found during synchronizing keybindings.
2025-06-30 00:19:09.613 [info] Snippets: No changes found during synchronizing snippets.
2025-06-30 00:19:09.616 [info] Tasks: No changes found during synchronizing tasks.
2025-06-30 00:19:09.620 [info] GlobalState: No changes found during synchronizing ui state.
2025-06-30 00:19:09.684 [info] Extensions: No changes found during synchronizing extensions.
2025-06-30 00:19:09.687 [info] Prompts: No changes found during synchronizing prompts.
2025-06-30 00:19:09.688 [info] Profiles: No changes found during synchronizing profiles.
2025-06-30 00:19:09.690 [info] Sync done. Took 478ms
2025-06-30 00:22:00.372 [info] [AutoSync] Triggered by Activity
2025-06-30 00:22:00.372 [info] Sync started.
2025-06-30 00:22:00.746 [info] Settings: No changes found during synchronizing settings.
2025-06-30 00:22:00.752 [info] Keybindings: No changes found during synchronizing keybindings.
2025-06-30 00:22:00.755 [info] Snippets: No changes found during synchronizing snippets.
2025-06-30 00:22:00.759 [info] Tasks: No changes found during synchronizing tasks.
2025-06-30 00:22:00.762 [info] GlobalState: No changes found during synchronizing ui state.
2025-06-30 00:22:00.826 [info] Extensions: No changes found during synchronizing extensions.
2025-06-30 00:22:00.829 [info] Prompts: No changes found during synchronizing prompts.
2025-06-30 00:22:00.831 [info] Profiles: No changes found during synchronizing profiles.
2025-06-30 00:22:00.832 [info] Sync done. Took 462ms
2025-06-30 00:27:00.844 [info] [AutoSync] Triggered by Interval
2025-06-30 00:27:00.844 [info] Sync started.
2025-06-30 00:27:01.195 [info] Settings: No changes found during synchronizing settings.
2025-06-30 00:27:01.199 [info] Keybindings: No changes found during synchronizing keybindings.
2025-06-30 00:27:01.203 [info] Snippets: No changes found during synchronizing snippets.
2025-06-30 00:27:01.205 [info] Tasks: No changes found during synchronizing tasks.
2025-06-30 00:27:01.209 [info] GlobalState: No changes found during synchronizing ui state.
2025-06-30 00:27:01.287 [info] Extensions: No changes found during synchronizing extensions.
2025-06-30 00:27:01.290 [info] Prompts: No changes found during synchronizing prompts.
2025-06-30 00:27:01.291 [info] Profiles: No changes found during synchronizing profiles.
2025-06-30 00:27:01.293 [info] Sync done. Took 451ms
2025-06-30 00:29:52.109 [info] [AutoSync] Triggered by Activity
2025-06-30 00:29:52.109 [info] Sync started.
2025-06-30 00:29:52.483 [info] Settings: No changes found during synchronizing settings.
2025-06-30 00:29:52.486 [info] Keybindings: No changes found during synchronizing keybindings.
2025-06-30 00:29:52.491 [info] Snippets: No changes found during synchronizing snippets.
2025-06-30 00:29:52.494 [info] Tasks: No changes found during synchronizing tasks.
2025-06-30 00:29:52.498 [info] GlobalState: No changes found during synchronizing ui state.
2025-06-30 00:29:52.566 [info] Extensions: No changes found during synchronizing extensions.
2025-06-30 00:29:52.569 [info] Prompts: No changes found during synchronizing prompts.
2025-06-30 00:29:52.570 [info] Profiles: No changes found during synchronizing profiles.
2025-06-30 00:29:52.572 [info] Sync done. Took 463ms
2025-06-30 00:30:15.395 [info] [AutoSync] Triggered by Activity
2025-06-30 00:30:15.396 [info] Sync started.
2025-06-30 00:30:15.491 [info] Settings: No changes found during synchronizing settings.
2025-06-30 00:30:15.495 [info] Keybindings: No changes found during synchronizing keybindings.
2025-06-30 00:30:15.498 [info] Snippets: No changes found during synchronizing snippets.
2025-06-30 00:30:15.500 [info] Tasks: No changes found during synchronizing tasks.
2025-06-30 00:30:15.504 [info] GlobalState: No changes found during synchronizing ui state.
2025-06-30 00:30:15.564 [info] Extensions: No changes found during synchronizing extensions.
2025-06-30 00:30:15.567 [info] Prompts: No changes found during synchronizing prompts.
2025-06-30 00:30:15.569 [info] Profiles: No changes found during synchronizing profiles.
2025-06-30 00:30:15.571 [info] Sync done. Took 176ms
2025-06-30 00:30:45.137 [info] [AutoSync] Triggered by Activity
2025-06-30 00:30:45.137 [info] Sync started.
2025-06-30 00:30:45.256 [info] Settings: No changes found during synchronizing settings.
2025-06-30 00:30:45.261 [info] Keybindings: No changes found during synchronizing keybindings.
2025-06-30 00:30:45.290 [info] Snippets: No changes found during synchronizing snippets.
2025-06-30 00:30:45.293 [info] Tasks: No changes found during synchronizing tasks.
2025-06-30 00:30:45.297 [info] GlobalState: No changes found during synchronizing ui state.
2025-06-30 00:30:45.371 [info] Extensions: No changes found during synchronizing extensions.
2025-06-30 00:30:45.375 [info] Prompts: No changes found during synchronizing prompts.
2025-06-30 00:30:45.376 [info] Profiles: No changes found during synchronizing profiles.
2025-06-30 00:30:45.378 [info] Sync done. Took 242ms
2025-06-30 00:30:58.703 [info] [AutoSync] Triggered by Activity
2025-06-30 00:30:58.703 [info] Sync started.
2025-06-30 00:30:58.826 [info] Settings: No changes found during synchronizing settings.
2025-06-30 00:30:58.830 [info] Keybindings: No changes found during synchronizing keybindings.
2025-06-30 00:30:58.834 [info] Snippets: No changes found during synchronizing snippets.
2025-06-30 00:30:58.837 [info] Tasks: No changes found during synchronizing tasks.
2025-06-30 00:30:58.840 [info] GlobalState: No changes found during synchronizing ui state.
2025-06-30 00:30:58.888 [info] Extensions: No changes found during synchronizing extensions.
2025-06-30 00:30:58.891 [info] Prompts: No changes found during synchronizing prompts.
2025-06-30 00:30:58.892 [info] Profiles: No changes found during synchronizing profiles.
2025-06-30 00:30:58.894 [info] Sync done. Took 192ms
2025-06-30 00:31:32.385 [info] [AutoSync] Triggered by Activity
2025-06-30 00:31:32.386 [info] Sync started.
2025-06-30 00:31:32.515 [info] Settings: No changes found during synchronizing settings.
2025-06-30 00:31:32.519 [info] Keybindings: No changes found during synchronizing keybindings.
2025-06-30 00:31:32.523 [info] Snippets: No changes found during synchronizing snippets.
2025-06-30 00:31:32.527 [info] Tasks: No changes found during synchronizing tasks.
2025-06-30 00:31:32.531 [info] GlobalState: No changes found during synchronizing ui state.
2025-06-30 00:31:32.603 [info] Extensions: No changes found during synchronizing extensions.
2025-06-30 00:31:32.607 [info] Prompts: No changes found during synchronizing prompts.
2025-06-30 00:31:32.608 [info] Profiles: No changes found during synchronizing profiles.
2025-06-30 00:31:32.611 [info] Sync done. Took 226ms
