2025-06-29 18:47:10.480 [info] [main] Log level: Info
2025-06-29 18:47:10.480 [info] [main] Validating found git in: "git"
2025-06-29 18:47:10.480 [info] [main] Using git "2.49.0" from "git"
2025-06-29 18:47:10.480 [info] [Model][doInitialScan] Initial repository scan started
2025-06-29 18:47:10.480 [info] > git rev-parse --show-toplevel [27ms]
2025-06-29 18:47:10.480 [info] fatal: not a git repository (or any parent up to mount point /)
Stopping at filesystem boundary (GIT_DISCOVERY_ACROSS_FILESYSTEM not set).
2025-06-29 18:47:10.480 [info] > git rev-parse --show-toplevel [4ms]
2025-06-29 18:47:10.480 [info] fatal: not a git repository (or any parent up to mount point /)
Stopping at filesystem boundary (GIT_DISCOVERY_ACROSS_FILESYSTEM not set).
2025-06-29 18:47:10.482 [info] > git rev-parse --show-toplevel [1ms]
2025-06-29 18:47:10.482 [info] fatal: not a git repository (or any parent up to mount point /)
Stopping at filesystem boundary (GIT_DISCOVERY_ACROSS_FILESYSTEM not set).
2025-06-29 18:47:10.497 [info] > git rev-parse --show-toplevel [2ms]
2025-06-29 18:47:10.497 [info] fatal: not a git repository (or any parent up to mount point /)
Stopping at filesystem boundary (GIT_DISCOVERY_ACROSS_FILESYSTEM not set).
2025-06-29 18:47:10.508 [info] > git rev-parse --show-toplevel [3ms]
2025-06-29 18:47:10.508 [info] fatal: not a git repository (or any parent up to mount point /)
Stopping at filesystem boundary (GIT_DISCOVERY_ACROSS_FILESYSTEM not set).
2025-06-29 18:47:14.724 [info] > git rev-parse --show-toplevel [484ms]
2025-06-29 18:47:14.724 [info] fatal: not a git repository (or any parent up to mount point /)
Stopping at filesystem boundary (GIT_DISCOVERY_ACROSS_FILESYSTEM not set).
2025-06-29 18:47:15.257 [info] > git rev-parse --show-toplevel [199ms]
2025-06-29 18:47:15.257 [info] fatal: not a git repository (or any parent up to mount point /)
Stopping at filesystem boundary (GIT_DISCOVERY_ACROSS_FILESYSTEM not set).
2025-06-29 18:47:15.512 [info] > git rev-parse --show-toplevel [32ms]
2025-06-29 18:47:15.512 [info] fatal: not a git repository (or any parent up to mount point /)
Stopping at filesystem boundary (GIT_DISCOVERY_ACROSS_FILESYSTEM not set).
2025-06-29 18:47:15.629 [info] > git rev-parse --show-toplevel [59ms]
2025-06-29 18:47:15.629 [info] fatal: not a git repository (or any parent up to mount point /)
Stopping at filesystem boundary (GIT_DISCOVERY_ACROSS_FILESYSTEM not set).
2025-06-29 18:47:15.763 [info] > git rev-parse --show-toplevel [39ms]
2025-06-29 18:47:15.763 [info] fatal: not a git repository (or any parent up to mount point /)
Stopping at filesystem boundary (GIT_DISCOVERY_ACROSS_FILESYSTEM not set).
2025-06-29 18:47:16.152 [info] > git rev-parse --show-toplevel [334ms]
2025-06-29 18:47:16.152 [info] fatal: not a git repository (or any parent up to mount point /)
Stopping at filesystem boundary (GIT_DISCOVERY_ACROSS_FILESYSTEM not set).
2025-06-29 18:47:16.274 [info] > git rev-parse --show-toplevel [59ms]
2025-06-29 18:47:16.274 [info] fatal: not a git repository (or any parent up to mount point /)
Stopping at filesystem boundary (GIT_DISCOVERY_ACROSS_FILESYSTEM not set).
2025-06-29 18:47:16.936 [info] > git rev-parse --show-toplevel [38ms]
2025-06-29 18:47:16.936 [info] fatal: not a git repository (or any parent up to mount point /)
Stopping at filesystem boundary (GIT_DISCOVERY_ACROSS_FILESYSTEM not set).
2025-06-29 18:47:17.024 [info] > git rev-parse --show-toplevel [43ms]
2025-06-29 18:47:17.024 [info] fatal: not a git repository (or any parent up to mount point /)
Stopping at filesystem boundary (GIT_DISCOVERY_ACROSS_FILESYSTEM not set).
2025-06-29 18:47:17.046 [info] > git rev-parse --show-toplevel [2ms]
2025-06-29 18:47:17.046 [info] fatal: not a git repository (or any parent up to mount point /)
Stopping at filesystem boundary (GIT_DISCOVERY_ACROSS_FILESYSTEM not set).
2025-06-29 18:47:17.066 [info] > git rev-parse --show-toplevel [3ms]
2025-06-29 18:47:17.066 [info] fatal: not a git repository (or any parent up to mount point /)
Stopping at filesystem boundary (GIT_DISCOVERY_ACROSS_FILESYSTEM not set).
2025-06-29 18:47:17.084 [info] > git rev-parse --show-toplevel [1ms]
2025-06-29 18:47:17.084 [info] fatal: not a git repository (or any parent up to mount point /)
Stopping at filesystem boundary (GIT_DISCOVERY_ACROSS_FILESYSTEM not set).
2025-06-29 18:47:17.107 [info] > git rev-parse --show-toplevel [4ms]
2025-06-29 18:47:17.107 [info] fatal: not a git repository (or any parent up to mount point /)
Stopping at filesystem boundary (GIT_DISCOVERY_ACROSS_FILESYSTEM not set).
2025-06-29 18:47:17.127 [info] > git rev-parse --show-toplevel [3ms]
2025-06-29 18:47:17.127 [info] fatal: not a git repository (or any parent up to mount point /)
Stopping at filesystem boundary (GIT_DISCOVERY_ACROSS_FILESYSTEM not set).
2025-06-29 18:47:17.174 [info] > git rev-parse --show-toplevel [29ms]
2025-06-29 18:47:17.174 [info] fatal: not a git repository (or any parent up to mount point /)
Stopping at filesystem boundary (GIT_DISCOVERY_ACROSS_FILESYSTEM not set).
2025-06-29 18:47:17.202 [info] > git rev-parse --show-toplevel [9ms]
2025-06-29 18:47:17.202 [info] fatal: not a git repository (or any parent up to mount point /)
Stopping at filesystem boundary (GIT_DISCOVERY_ACROSS_FILESYSTEM not set).
2025-06-29 18:47:17.242 [info] > git rev-parse --show-toplevel [21ms]
2025-06-29 18:47:17.242 [info] fatal: not a git repository (or any parent up to mount point /)
Stopping at filesystem boundary (GIT_DISCOVERY_ACROSS_FILESYSTEM not set).
2025-06-29 18:47:17.264 [info] > git rev-parse --show-toplevel [2ms]
2025-06-29 18:47:17.264 [info] fatal: not a git repository (or any parent up to mount point /)
Stopping at filesystem boundary (GIT_DISCOVERY_ACROSS_FILESYSTEM not set).
2025-06-29 18:47:17.282 [info] > git rev-parse --show-toplevel [1ms]
2025-06-29 18:47:17.282 [info] fatal: not a git repository (or any parent up to mount point /)
Stopping at filesystem boundary (GIT_DISCOVERY_ACROSS_FILESYSTEM not set).
2025-06-29 18:47:17.301 [info] > git rev-parse --show-toplevel [0ms]
2025-06-29 18:47:17.301 [info] fatal: not a git repository (or any parent up to mount point /)
Stopping at filesystem boundary (GIT_DISCOVERY_ACROSS_FILESYSTEM not set).
2025-06-29 18:47:17.320 [info] > git rev-parse --show-toplevel [2ms]
2025-06-29 18:47:17.320 [info] fatal: not a git repository (or any parent up to mount point /)
Stopping at filesystem boundary (GIT_DISCOVERY_ACROSS_FILESYSTEM not set).
2025-06-29 18:47:17.337 [info] > git rev-parse --show-toplevel [1ms]
2025-06-29 18:47:17.337 [info] fatal: not a git repository (or any parent up to mount point /)
Stopping at filesystem boundary (GIT_DISCOVERY_ACROSS_FILESYSTEM not set).
2025-06-29 18:47:17.356 [info] > git rev-parse --show-toplevel [1ms]
2025-06-29 18:47:17.356 [info] fatal: not a git repository (or any parent up to mount point /)
Stopping at filesystem boundary (GIT_DISCOVERY_ACROSS_FILESYSTEM not set).
2025-06-29 18:47:17.377 [info] > git rev-parse --show-toplevel [4ms]
2025-06-29 18:47:17.377 [info] fatal: not a git repository (or any parent up to mount point /)
Stopping at filesystem boundary (GIT_DISCOVERY_ACROSS_FILESYSTEM not set).
2025-06-29 18:47:17.398 [info] > git rev-parse --show-toplevel [3ms]
2025-06-29 18:47:17.398 [info] fatal: not a git repository (or any parent up to mount point /)
Stopping at filesystem boundary (GIT_DISCOVERY_ACROSS_FILESYSTEM not set).
2025-06-29 18:47:17.416 [info] > git rev-parse --show-toplevel [1ms]
2025-06-29 18:47:17.416 [info] fatal: not a git repository (or any parent up to mount point /)
Stopping at filesystem boundary (GIT_DISCOVERY_ACROSS_FILESYSTEM not set).
2025-06-29 18:47:17.436 [info] > git rev-parse --show-toplevel [2ms]
2025-06-29 18:47:17.436 [info] fatal: not a git repository (or any parent up to mount point /)
Stopping at filesystem boundary (GIT_DISCOVERY_ACROSS_FILESYSTEM not set).
2025-06-29 18:47:17.455 [info] > git rev-parse --show-toplevel [1ms]
2025-06-29 18:47:17.455 [info] fatal: not a git repository (or any parent up to mount point /)
Stopping at filesystem boundary (GIT_DISCOVERY_ACROSS_FILESYSTEM not set).
2025-06-29 18:47:17.476 [info] > git rev-parse --show-toplevel [1ms]
2025-06-29 18:47:17.476 [info] fatal: not a git repository (or any parent up to mount point /)
Stopping at filesystem boundary (GIT_DISCOVERY_ACROSS_FILESYSTEM not set).
2025-06-29 18:47:17.495 [info] > git rev-parse --show-toplevel [1ms]
2025-06-29 18:47:17.495 [info] fatal: not a git repository (or any parent up to mount point /)
Stopping at filesystem boundary (GIT_DISCOVERY_ACROSS_FILESYSTEM not set).
2025-06-29 18:47:17.518 [info] > git rev-parse --show-toplevel [2ms]
2025-06-29 18:47:17.518 [info] fatal: not a git repository (or any parent up to mount point /)
Stopping at filesystem boundary (GIT_DISCOVERY_ACROSS_FILESYSTEM not set).
2025-06-29 18:47:17.521 [info] [Model][doInitialScan] Initial repository scan completed - repositories (0), closed repositories (0), parent repositories (0), unsafe repositories (0)
2025-06-29 18:47:17.543 [info] > git rev-parse --show-toplevel [2ms]
2025-06-29 18:47:17.543 [info] fatal: not a git repository (or any parent up to mount point /)
Stopping at filesystem boundary (GIT_DISCOVERY_ACROSS_FILESYSTEM not set).
2025-06-29 18:47:17.563 [info] > git rev-parse --show-toplevel [3ms]
2025-06-29 18:47:17.563 [info] fatal: not a git repository (or any parent up to mount point /)
Stopping at filesystem boundary (GIT_DISCOVERY_ACROSS_FILESYSTEM not set).
2025-06-29 18:47:17.582 [info] > git rev-parse --show-toplevel [2ms]
2025-06-29 18:47:17.582 [info] fatal: not a git repository (or any parent up to mount point /)
Stopping at filesystem boundary (GIT_DISCOVERY_ACROSS_FILESYSTEM not set).
2025-06-29 18:49:26.793 [info] > git rev-parse --show-toplevel [7ms]
2025-06-29 18:49:26.793 [info] fatal: not a git repository (or any parent up to mount point /)
Stopping at filesystem boundary (GIT_DISCOVERY_ACROSS_FILESYSTEM not set).
