2025-06-29 17:03:35.245 [info] Reading sessions from keychain...
2025-06-29 17:03:35.245 [info] Getting sessions for all scopes...
2025-06-29 17:03:35.245 [info] Getting sessions for all scopes...
2025-06-29 17:03:35.247 [info] Getting sessions for all scopes...
2025-06-29 17:03:35.248 [info] Getting sessions for all scopes...
2025-06-29 17:03:35.248 [info] Getting sessions for all scopes...
2025-06-29 17:03:35.249 [info] Getting sessions for all scopes...
2025-06-29 17:03:35.249 [info] Getting sessions for all scopes...
2025-06-29 17:03:35.345 [info] Got stored sessions!
2025-06-29 17:03:35.345 [info] Got 3 verified sessions.
2025-06-29 17:03:35.345 [info] Got 3 sessions for ...
2025-06-29 17:03:35.345 [info] Got 3 sessions for ...
2025-06-29 17:03:35.345 [info] Got 3 sessions for ...
2025-06-29 17:03:35.345 [info] Got 3 sessions for ...
2025-06-29 17:03:35.345 [info] Got 3 sessions for ...
2025-06-29 17:03:35.345 [info] Got 3 sessions for ...
2025-06-29 17:03:35.345 [info] Got 3 sessions for ...
2025-06-29 17:03:35.480 [info] Getting sessions for all scopes...
2025-06-29 17:03:35.480 [info] Got 3 sessions for ...
2025-06-29 17:03:35.481 [info] Getting sessions for all scopes...
2025-06-29 17:03:35.481 [info] Got 3 sessions for ...
2025-06-29 17:03:35.481 [info] Getting sessions for all scopes...
2025-06-29 17:03:35.481 [info] Got 3 sessions for ...
2025-06-29 17:03:35.481 [info] Getting sessions for all scopes...
2025-06-29 17:03:35.481 [info] Got 3 sessions for ...
2025-06-29 17:03:35.481 [info] Getting sessions for all scopes...
2025-06-29 17:03:35.481 [info] Got 3 sessions for ...
2025-06-29 17:03:35.481 [info] Getting sessions for all scopes...
2025-06-29 17:03:35.481 [info] Got 3 sessions for ...
2025-06-29 17:03:35.519 [info] Getting sessions for all scopes...
2025-06-29 17:03:35.519 [info] Got 3 sessions for ...
2025-06-29 17:03:39.457 [info] Getting sessions for user:email...
2025-06-29 17:03:39.457 [info] Got 1 sessions for user:email...
2025-06-29 17:03:39.469 [info] Getting sessions for all scopes...
2025-06-29 17:03:39.469 [info] Got 3 sessions for ...
2025-06-29 17:03:40.857 [info] Getting sessions for all scopes...
2025-06-29 17:03:40.857 [info] Got 3 sessions for ...
2025-06-29 17:03:41.523 [info] Getting sessions for read:user,repo,user:email...
2025-06-29 17:03:41.523 [info] Got 1 sessions for read:user,repo,user:email...
2025-06-29 17:03:41.523 [info] Getting sessions for all scopes...
2025-06-29 17:03:41.523 [info] Got 3 sessions for ...
2025-06-29 17:03:41.524 [info] Getting sessions for all scopes...
2025-06-29 17:03:41.524 [info] Got 3 sessions for ...
2025-06-29 17:03:41.575 [info] Getting sessions for all scopes...
2025-06-29 17:03:41.575 [info] Got 3 sessions for ...
2025-06-29 17:03:41.746 [info] Getting sessions for all scopes...
2025-06-29 17:03:41.746 [info] Got 3 sessions for ...
2025-06-29 17:03:41.747 [info] Getting sessions for read:user,repo,user:email,workflow...
2025-06-29 17:03:41.747 [info] Got 1 sessions for read:user,repo,user:email,workflow...
2025-06-29 17:03:41.812 [info] Getting sessions for read:user,repo,user:email,workflow...
2025-06-29 17:03:41.812 [info] Got 1 sessions for read:user,repo,user:email,workflow...
2025-06-29 17:03:42.273 [info] Getting sessions for all scopes...
2025-06-29 17:03:42.273 [info] Got 3 sessions for ...
2025-06-29 17:03:42.904 [info] Getting sessions for read:user,repo,user:email,workflow...
2025-06-29 17:03:42.904 [info] Got 1 sessions for read:user,repo,user:email,workflow...
2025-06-29 17:03:42.905 [info] Getting sessions for all scopes...
2025-06-29 17:03:42.905 [info] Got 3 sessions for ...
2025-06-29 17:03:42.907 [info] Getting sessions for read:user,repo,user:email,workflow...
2025-06-29 17:03:42.907 [info] Got 1 sessions for read:user,repo,user:email,workflow...
2025-06-29 17:03:43.921 [info] Getting sessions for all scopes...
2025-06-29 17:03:43.921 [info] Got 3 sessions for ...
2025-06-29 17:03:43.922 [info] Getting sessions for all scopes...
2025-06-29 17:03:43.922 [info] Got 3 sessions for ...
2025-06-29 17:03:43.938 [info] Getting sessions for read:user,repo,user:email,workflow...
2025-06-29 17:03:43.938 [info] Got 1 sessions for read:user,repo,user:email,workflow...
2025-06-29 17:03:43.942 [info] Getting sessions for all scopes...
2025-06-29 17:03:43.942 [info] Got 3 sessions for ...
2025-06-29 17:03:43.944 [info] Getting sessions for read:user,repo,user:email,workflow...
2025-06-29 17:03:43.944 [info] Got 1 sessions for read:user,repo,user:email,workflow...
2025-06-29 17:03:44.027 [info] Getting sessions for all scopes...
2025-06-29 17:03:44.027 [info] Got 3 sessions for ...
2025-06-29 17:03:44.029 [info] Getting sessions for read:user,repo,user:email,workflow...
2025-06-29 17:03:44.029 [info] Got 1 sessions for read:user,repo,user:email,workflow...
2025-06-29 17:03:44.033 [info] Getting sessions for all scopes...
2025-06-29 17:03:44.033 [info] Got 3 sessions for ...
2025-06-29 17:03:44.035 [info] Getting sessions for all scopes...
2025-06-29 17:03:44.035 [info] Got 3 sessions for ...
2025-06-29 17:03:45.779 [info] Getting sessions for all scopes...
2025-06-29 17:03:45.779 [info] Got 3 sessions for ...
2025-06-29 17:03:45.781 [info] Getting sessions for read:user,repo,user:email,workflow...
2025-06-29 17:03:45.781 [info] Got 1 sessions for read:user,repo,user:email,workflow...
