2025-06-29 18:47:09.941 [info] Reading sessions from keychain...
2025-06-29 18:47:09.941 [info] Getting sessions for all scopes...
2025-06-29 18:47:09.941 [info] Getting sessions for all scopes...
2025-06-29 18:47:09.948 [info] Getting sessions for all scopes...
2025-06-29 18:47:09.948 [info] Getting sessions for all scopes...
2025-06-29 18:47:09.948 [info] Getting sessions for all scopes...
2025-06-29 18:47:09.948 [info] Getting sessions for all scopes...
2025-06-29 18:47:09.949 [info] Getting sessions for all scopes...
2025-06-29 18:47:10.145 [info] Got stored sessions!
2025-06-29 18:47:10.145 [info] Got 3 verified sessions.
2025-06-29 18:47:10.146 [info] Got 3 sessions for ...
2025-06-29 18:47:10.146 [info] Got 3 sessions for ...
2025-06-29 18:47:10.146 [info] Got 3 sessions for ...
2025-06-29 18:47:10.146 [info] Got 3 sessions for ...
2025-06-29 18:47:10.146 [info] Got 3 sessions for ...
2025-06-29 18:47:10.146 [info] Got 3 sessions for ...
2025-06-29 18:47:10.146 [info] Got 3 sessions for ...
2025-06-29 18:47:10.295 [info] Getting sessions for all scopes...
2025-06-29 18:47:10.295 [info] Got 3 sessions for ...
2025-06-29 18:47:10.295 [info] Getting sessions for all scopes...
2025-06-29 18:47:10.295 [info] Got 3 sessions for ...
2025-06-29 18:47:10.295 [info] Getting sessions for all scopes...
2025-06-29 18:47:10.295 [info] Got 3 sessions for ...
2025-06-29 18:47:10.295 [info] Getting sessions for all scopes...
2025-06-29 18:47:10.295 [info] Got 3 sessions for ...
2025-06-29 18:47:10.296 [info] Getting sessions for all scopes...
2025-06-29 18:47:10.296 [info] Got 3 sessions for ...
2025-06-29 18:47:10.296 [info] Getting sessions for all scopes...
2025-06-29 18:47:10.296 [info] Got 3 sessions for ...
2025-06-29 18:47:10.418 [info] Getting sessions for all scopes...
2025-06-29 18:47:10.418 [info] Got 3 sessions for ...
2025-06-29 18:47:14.306 [info] Getting sessions for user:email...
2025-06-29 18:47:14.306 [info] Got 1 sessions for user:email...
2025-06-29 18:47:14.320 [info] Getting sessions for all scopes...
2025-06-29 18:47:14.320 [info] Got 3 sessions for ...
2025-06-29 18:47:14.531 [info] Getting sessions for all scopes...
2025-06-29 18:47:14.531 [info] Got 3 sessions for ...
2025-06-29 18:47:15.198 [info] Getting sessions for read:user,repo,user:email...
2025-06-29 18:47:15.199 [info] Got 1 sessions for read:user,repo,user:email...
2025-06-29 18:47:15.199 [info] Getting sessions for all scopes...
2025-06-29 18:47:15.199 [info] Got 3 sessions for ...
2025-06-29 18:47:15.199 [info] Getting sessions for all scopes...
2025-06-29 18:47:15.199 [info] Got 3 sessions for ...
2025-06-29 18:47:15.260 [info] Getting sessions for all scopes...
2025-06-29 18:47:15.260 [info] Got 3 sessions for ...
2025-06-29 18:47:15.506 [info] Getting sessions for all scopes...
2025-06-29 18:47:15.506 [info] Got 3 sessions for ...
2025-06-29 18:47:15.506 [info] Getting sessions for read:user,repo,user:email,workflow...
2025-06-29 18:47:15.506 [info] Got 1 sessions for read:user,repo,user:email,workflow...
2025-06-29 18:47:15.597 [info] Getting sessions for read:user,repo,user:email,workflow...
2025-06-29 18:47:15.597 [info] Got 1 sessions for read:user,repo,user:email,workflow...
2025-06-29 18:47:16.153 [info] Getting sessions for all scopes...
2025-06-29 18:47:16.153 [info] Got 3 sessions for ...
2025-06-29 18:47:16.938 [info] Getting sessions for read:user,repo,user:email,workflow...
2025-06-29 18:47:16.938 [info] Got 1 sessions for read:user,repo,user:email,workflow...
2025-06-29 18:47:17.046 [info] Getting sessions for all scopes...
2025-06-29 18:47:17.046 [info] Got 3 sessions for ...
2025-06-29 18:47:17.083 [info] Getting sessions for read:user,repo,user:email,workflow...
2025-06-29 18:47:17.083 [info] Got 1 sessions for read:user,repo,user:email,workflow...
2025-06-29 18:47:18.173 [info] Getting sessions for all scopes...
2025-06-29 18:47:18.173 [info] Got 3 sessions for ...
2025-06-29 18:47:18.173 [info] Getting sessions for all scopes...
2025-06-29 18:47:18.173 [info] Got 3 sessions for ...
2025-06-29 18:47:18.181 [info] Getting sessions for read:user,repo,user:email,workflow...
2025-06-29 18:47:18.181 [info] Got 1 sessions for read:user,repo,user:email,workflow...
2025-06-29 18:47:18.184 [info] Getting sessions for all scopes...
2025-06-29 18:47:18.184 [info] Got 3 sessions for ...
2025-06-29 18:47:18.185 [info] Getting sessions for read:user,repo,user:email,workflow...
2025-06-29 18:47:18.185 [info] Got 1 sessions for read:user,repo,user:email,workflow...
2025-06-29 18:47:18.238 [info] Getting sessions for all scopes...
2025-06-29 18:47:18.239 [info] Got 3 sessions for ...
2025-06-29 18:47:18.240 [info] Getting sessions for read:user,repo,user:email,workflow...
2025-06-29 18:47:18.240 [info] Got 1 sessions for read:user,repo,user:email,workflow...
2025-06-29 18:47:18.242 [info] Getting sessions for all scopes...
2025-06-29 18:47:18.242 [info] Got 3 sessions for ...
2025-06-29 18:47:18.246 [info] Getting sessions for all scopes...
2025-06-29 18:47:18.246 [info] Got 3 sessions for ...
2025-06-29 18:47:20.013 [info] Getting sessions for all scopes...
2025-06-29 18:47:20.013 [info] Got 3 sessions for ...
2025-06-29 18:47:20.015 [info] Getting sessions for read:user,repo,user:email,workflow...
2025-06-29 18:47:20.015 [info] Got 1 sessions for read:user,repo,user:email,workflow...
