[2025-Jun-27 18:49:49.073 +05:30][12955:12955][info ] Logging initialized
[2025-Jun-27 18:49:49.073 +05:30][12955:12955][info ] Initializing krisp SDK...
[2025-Jun-27 18:49:49.073 +05:30][12955:12955][info ] DoKrispInitialize
[2025-Jun-27 18:49:49.660 +05:30][12955:12955][info ] LoadDynamicKrisp
[2025-Jun-27 18:49:49.660 +05:30][12955:12955][info ] Did not find KRISP_DYLIB_PATH, skipping dynamic loading
[2025-Jun-27 18:49:49.660 +05:30][12955:12955][info ] Initializing Krisp SDK in PID 12955, addr 0x7f9aa798d8e0
[2025-Jun-27 18:49:49.961 +05:30][12955:12955][info ] Initialized Krisp SDK successfully
[2025-Jun-27 18:49:49.961 +05:30][12955:12955][info ] Krisp SDK initialized
[2025-Jun-27 18:50:20.929 +05:30][12955:12955][info ] KrispNCSetModel: model = 
[2025-Jun-27 18:55:47.212 +05:30][13609:13609][info ] Logging initialized
[2025-Jun-27 18:55:47.212 +05:30][13609:13609][info ] Initializing krisp SDK...
[2025-Jun-27 18:55:47.212 +05:30][13609:13609][info ] DoKrispInitialize
[2025-Jun-27 18:55:47.787 +05:30][13609:13609][info ] LoadDynamicKrisp
[2025-Jun-27 18:55:47.787 +05:30][13609:13609][info ] Did not find KRISP_DYLIB_PATH, skipping dynamic loading
[2025-Jun-27 18:55:47.787 +05:30][13609:13609][info ] Initializing Krisp SDK in PID 13609, addr 0x7f79f058d8e0
[2025-Jun-27 18:55:48.086 +05:30][13609:13609][info ] Initialized Krisp SDK successfully
[2025-Jun-27 18:55:48.086 +05:30][13609:13609][info ] Krisp SDK initialized
[2025-Jun-27 18:55:50.120 +05:30][13609:13609][info ] Logging initialized
[2025-Jun-27 18:55:50.120 +05:30][13609:13609][info ] Initializing krisp SDK...
[2025-Jun-27 18:55:50.120 +05:30][13609:13609][info ] Krisp SDK initialized
[2025-Jun-27 18:56:37.536 +05:30][13609:13609][info ] KrispNCSetModel: model = 
