2025-06-30 00:33:12.151 [info] Reading sessions from keychain...
2025-06-30 00:33:12.151 [info] Getting sessions for all scopes...
2025-06-30 00:33:12.151 [info] Getting sessions for all scopes...
2025-06-30 00:33:12.151 [info] Getting sessions for all scopes...
2025-06-30 00:33:12.151 [info] Getting sessions for all scopes...
2025-06-30 00:33:12.151 [info] Getting sessions for all scopes...
2025-06-30 00:33:12.151 [info] Getting sessions for all scopes...
2025-06-30 00:33:12.151 [info] Getting sessions for all scopes...
2025-06-30 00:33:12.346 [info] Got stored sessions!
2025-06-30 00:33:12.346 [info] Got 3 verified sessions.
2025-06-30 00:33:12.347 [info] Got 3 sessions for ...
2025-06-30 00:33:12.347 [info] Got 3 sessions for ...
2025-06-30 00:33:12.347 [info] Got 3 sessions for ...
2025-06-30 00:33:12.347 [info] Got 3 sessions for ...
2025-06-30 00:33:12.347 [info] Got 3 sessions for ...
2025-06-30 00:33:12.347 [info] Got 3 sessions for ...
2025-06-30 00:33:12.347 [info] Got 3 sessions for ...
2025-06-30 00:33:12.503 [info] Getting sessions for all scopes...
2025-06-30 00:33:12.503 [info] Got 3 sessions for ...
2025-06-30 00:33:12.503 [info] Getting sessions for all scopes...
2025-06-30 00:33:12.503 [info] Got 3 sessions for ...
2025-06-30 00:33:12.504 [info] Getting sessions for all scopes...
2025-06-30 00:33:12.504 [info] Got 3 sessions for ...
2025-06-30 00:33:12.504 [info] Getting sessions for all scopes...
2025-06-30 00:33:12.504 [info] Got 3 sessions for ...
2025-06-30 00:33:12.504 [info] Getting sessions for all scopes...
2025-06-30 00:33:12.504 [info] Got 3 sessions for ...
2025-06-30 00:33:12.505 [info] Getting sessions for all scopes...
2025-06-30 00:33:12.505 [info] Got 3 sessions for ...
2025-06-30 00:33:12.565 [info] Getting sessions for all scopes...
2025-06-30 00:33:12.565 [info] Got 3 sessions for ...
2025-06-30 00:33:16.556 [info] Getting sessions for user:email...
2025-06-30 00:33:16.556 [info] Got 1 sessions for user:email...
2025-06-30 00:33:16.566 [info] Getting sessions for all scopes...
2025-06-30 00:33:16.566 [info] Got 3 sessions for ...
2025-06-30 00:33:16.785 [info] Getting sessions for all scopes...
2025-06-30 00:33:16.785 [info] Got 3 sessions for ...
2025-06-30 00:33:17.456 [info] Getting sessions for read:user,repo,user:email...
2025-06-30 00:33:17.456 [info] Got 1 sessions for read:user,repo,user:email...
2025-06-30 00:33:17.456 [info] Getting sessions for all scopes...
2025-06-30 00:33:17.456 [info] Got 3 sessions for ...
2025-06-30 00:33:17.456 [info] Getting sessions for all scopes...
2025-06-30 00:33:17.456 [info] Got 3 sessions for ...
2025-06-30 00:33:17.508 [info] Getting sessions for all scopes...
2025-06-30 00:33:17.508 [info] Got 3 sessions for ...
2025-06-30 00:33:17.740 [info] Getting sessions for all scopes...
2025-06-30 00:33:17.740 [info] Got 3 sessions for ...
2025-06-30 00:33:17.740 [info] Getting sessions for read:user,repo,user:email,workflow...
2025-06-30 00:33:17.740 [info] Got 1 sessions for read:user,repo,user:email,workflow...
2025-06-30 00:33:17.822 [info] Getting sessions for read:user,repo,user:email,workflow...
2025-06-30 00:33:17.823 [info] Got 1 sessions for read:user,repo,user:email,workflow...
2025-06-30 00:33:18.486 [info] Getting sessions for all scopes...
2025-06-30 00:33:18.486 [info] Got 3 sessions for ...
2025-06-30 00:33:19.200 [info] Getting sessions for read:user,repo,user:email,workflow...
2025-06-30 00:33:19.200 [info] Got 1 sessions for read:user,repo,user:email,workflow...
2025-06-30 00:33:19.289 [info] Getting sessions for all scopes...
2025-06-30 00:33:19.289 [info] Got 3 sessions for ...
2025-06-30 00:33:19.311 [info] Getting sessions for read:user,repo,user:email,workflow...
2025-06-30 00:33:19.311 [info] Got 1 sessions for read:user,repo,user:email,workflow...
2025-06-30 00:33:20.416 [info] Getting sessions for all scopes...
2025-06-30 00:33:20.416 [info] Got 3 sessions for ...
2025-06-30 00:33:20.416 [info] Getting sessions for all scopes...
2025-06-30 00:33:20.416 [info] Got 3 sessions for ...
2025-06-30 00:33:20.425 [info] Getting sessions for read:user,repo,user:email,workflow...
2025-06-30 00:33:20.425 [info] Got 1 sessions for read:user,repo,user:email,workflow...
2025-06-30 00:33:20.427 [info] Getting sessions for all scopes...
2025-06-30 00:33:20.427 [info] Got 3 sessions for ...
2025-06-30 00:33:20.428 [info] Getting sessions for read:user,repo,user:email,workflow...
2025-06-30 00:33:20.428 [info] Got 1 sessions for read:user,repo,user:email,workflow...
2025-06-30 00:33:20.484 [info] Getting sessions for all scopes...
2025-06-30 00:33:20.484 [info] Got 3 sessions for ...
2025-06-30 00:33:20.491 [info] Getting sessions for read:user,repo,user:email,workflow...
2025-06-30 00:33:20.491 [info] Got 1 sessions for read:user,repo,user:email,workflow...
2025-06-30 00:33:20.494 [info] Getting sessions for all scopes...
2025-06-30 00:33:20.494 [info] Got 3 sessions for ...
2025-06-30 00:33:20.494 [info] Getting sessions for all scopes...
2025-06-30 00:33:20.494 [info] Got 3 sessions for ...
2025-06-30 00:33:22.251 [info] Getting sessions for all scopes...
2025-06-30 00:33:22.251 [info] Got 3 sessions for ...
2025-06-30 00:33:22.253 [info] Getting sessions for read:user,repo,user:email,workflow...
2025-06-30 00:33:22.253 [info] Got 1 sessions for read:user,repo,user:email,workflow...
