2025-06-29 18:20:28.588 [info] Reading sessions from keychain...
2025-06-29 18:20:28.588 [info] Getting sessions for all scopes...
2025-06-29 18:20:28.588 [info] Getting sessions for all scopes...
2025-06-29 18:20:28.588 [info] Got stored sessions!
2025-06-29 18:20:28.588 [info] Got 3 verified sessions.
2025-06-29 18:20:28.588 [info] Got 3 sessions for ...
2025-06-29 18:20:28.588 [info] Got 3 sessions for ...
2025-06-29 18:20:28.588 [info] Getting sessions for all scopes...
2025-06-29 18:20:28.588 [info] Got 3 sessions for ...
2025-06-29 18:20:28.588 [info] Getting sessions for all scopes...
2025-06-29 18:20:28.588 [info] Got 3 sessions for ...
2025-06-29 18:20:28.588 [info] Getting sessions for all scopes...
2025-06-29 18:20:28.588 [info] Got 3 sessions for ...
2025-06-29 18:20:28.588 [info] Getting sessions for all scopes...
2025-06-29 18:20:28.588 [info] Got 3 sessions for ...
2025-06-29 18:20:28.588 [info] Getting sessions for all scopes...
2025-06-29 18:20:28.588 [info] Got 3 sessions for ...
2025-06-29 18:20:28.588 [info] Getting sessions for all scopes...
2025-06-29 18:20:28.588 [info] Got 3 sessions for ...
2025-06-29 18:20:28.588 [info] Getting sessions for all scopes...
2025-06-29 18:20:28.588 [info] Got 3 sessions for ...
2025-06-29 18:20:28.588 [info] Getting sessions for all scopes...
2025-06-29 18:20:28.588 [info] Got 3 sessions for ...
2025-06-29 18:20:28.588 [info] Getting sessions for all scopes...
2025-06-29 18:20:28.588 [info] Got 3 sessions for ...
2025-06-29 18:20:28.588 [info] Getting sessions for all scopes...
2025-06-29 18:20:28.588 [info] Got 3 sessions for ...
2025-06-29 18:20:28.588 [info] Getting sessions for all scopes...
2025-06-29 18:20:28.588 [info] Got 3 sessions for ...
2025-06-29 18:20:28.588 [info] Getting sessions for all scopes...
2025-06-29 18:20:28.588 [info] Got 3 sessions for ...
2025-06-29 18:20:32.618 [info] Getting sessions for user:email...
2025-06-29 18:20:32.619 [info] Got 1 sessions for user:email...
2025-06-29 18:20:32.697 [info] Getting sessions for all scopes...
2025-06-29 18:20:32.698 [info] Got 3 sessions for ...
2025-06-29 18:20:32.720 [info] Getting sessions for all scopes...
2025-06-29 18:20:32.720 [info] Got 3 sessions for ...
2025-06-29 18:20:33.190 [info] Getting sessions for read:user,repo,user:email...
2025-06-29 18:20:33.190 [info] Got 1 sessions for read:user,repo,user:email...
2025-06-29 18:20:33.190 [info] Getting sessions for all scopes...
2025-06-29 18:20:33.190 [info] Got 3 sessions for ...
2025-06-29 18:20:33.321 [info] Getting sessions for all scopes...
2025-06-29 18:20:33.321 [info] Got 3 sessions for ...
2025-06-29 18:20:33.321 [info] Getting sessions for all scopes...
2025-06-29 18:20:33.321 [info] Got 3 sessions for ...
2025-06-29 18:20:33.569 [info] Getting sessions for all scopes...
2025-06-29 18:20:33.569 [info] Got 3 sessions for ...
2025-06-29 18:20:33.569 [info] Getting sessions for read:user,repo,user:email,workflow...
2025-06-29 18:20:33.569 [info] Got 1 sessions for read:user,repo,user:email,workflow...
2025-06-29 18:20:33.672 [info] Getting sessions for read:user,repo,user:email,workflow...
2025-06-29 18:20:33.672 [info] Got 1 sessions for read:user,repo,user:email,workflow...
2025-06-29 18:20:34.369 [info] Getting sessions for all scopes...
2025-06-29 18:20:34.369 [info] Got 3 sessions for ...
2025-06-29 18:20:35.228 [info] Getting sessions for read:user,repo,user:email,workflow...
2025-06-29 18:20:35.228 [info] Got 1 sessions for read:user,repo,user:email,workflow...
2025-06-29 18:20:35.232 [info] Getting sessions for all scopes...
2025-06-29 18:20:35.232 [info] Got 3 sessions for ...
2025-06-29 18:20:35.233 [info] Getting sessions for read:user,repo,user:email,workflow...
2025-06-29 18:20:35.233 [info] Got 1 sessions for read:user,repo,user:email,workflow...
2025-06-29 18:20:36.433 [info] Getting sessions for all scopes...
2025-06-29 18:20:36.433 [info] Got 3 sessions for ...
2025-06-29 18:20:36.433 [info] Getting sessions for all scopes...
2025-06-29 18:20:36.433 [info] Got 3 sessions for ...
2025-06-29 18:20:36.448 [info] Getting sessions for read:user,repo,user:email,workflow...
2025-06-29 18:20:36.448 [info] Got 1 sessions for read:user,repo,user:email,workflow...
2025-06-29 18:20:36.451 [info] Getting sessions for all scopes...
2025-06-29 18:20:36.451 [info] Got 3 sessions for ...
2025-06-29 18:20:36.453 [info] Getting sessions for read:user,repo,user:email,workflow...
2025-06-29 18:20:36.453 [info] Got 1 sessions for read:user,repo,user:email,workflow...
2025-06-29 18:20:36.530 [info] Getting sessions for all scopes...
2025-06-29 18:20:36.530 [info] Got 3 sessions for ...
2025-06-29 18:20:36.532 [info] Getting sessions for read:user,repo,user:email,workflow...
2025-06-29 18:20:36.532 [info] Got 1 sessions for read:user,repo,user:email,workflow...
2025-06-29 18:20:36.537 [info] Getting sessions for all scopes...
2025-06-29 18:20:36.537 [info] Got 3 sessions for ...
2025-06-29 18:20:36.543 [info] Getting sessions for all scopes...
2025-06-29 18:20:36.543 [info] Got 3 sessions for ...
2025-06-29 18:20:38.260 [info] Getting sessions for all scopes...
2025-06-29 18:20:38.260 [info] Got 3 sessions for ...
2025-06-29 18:20:38.262 [info] Getting sessions for read:user,repo,user:email,workflow...
2025-06-29 18:20:38.262 [info] Got 1 sessions for read:user,repo,user:email,workflow...
