2025-06-29 23:17:51.692 [info] [main] Log level: Info
2025-06-29 23:17:51.692 [info] [main] Validating found git in: "git"
2025-06-29 23:17:51.692 [info] [main] Using git "2.49.0" from "git"
2025-06-29 23:17:51.692 [info] [Model][doInitialScan] Initial repository scan started
2025-06-29 23:17:51.692 [info] > git rev-parse --show-toplevel [6ms]
2025-06-29 23:17:51.692 [info] fatal: not a git repository (or any parent up to mount point /)
Stopping at filesystem boundary (GIT_DISCOVERY_ACROSS_FILESYSTEM not set).
2025-06-29 23:17:51.692 [info] > git rev-parse --show-toplevel [7ms]
2025-06-29 23:17:51.692 [info] fatal: not a git repository (or any parent up to mount point /)
Stopping at filesystem boundary (GIT_DISCOVERY_ACROSS_FILESYSTEM not set).
2025-06-29 23:17:51.693 [info] > git rev-parse --show-toplevel [12ms]
2025-06-29 23:17:51.693 [info] fatal: not a git repository (or any parent up to mount point /)
Stopping at filesystem boundary (GIT_DISCOVERY_ACROSS_FILESYSTEM not set).
2025-06-29 23:17:57.333 [info] > git rev-parse --show-toplevel [180ms]
2025-06-29 23:17:57.333 [info] fatal: not a git repository (or any parent up to mount point /)
Stopping at filesystem boundary (GIT_DISCOVERY_ACROSS_FILESYSTEM not set).
2025-06-29 23:17:57.501 [info] > git rev-parse --show-toplevel [143ms]
2025-06-29 23:17:57.501 [info] fatal: not a git repository (or any parent up to mount point /)
Stopping at filesystem boundary (GIT_DISCOVERY_ACROSS_FILESYSTEM not set).
2025-06-29 23:17:58.711 [info] > git rev-parse --show-toplevel [6ms]
2025-06-29 23:17:58.711 [info] fatal: not a git repository (or any parent up to mount point /)
Stopping at filesystem boundary (GIT_DISCOVERY_ACROSS_FILESYSTEM not set).
2025-06-29 23:17:58.735 [info] > git rev-parse --show-toplevel [7ms]
2025-06-29 23:17:58.735 [info] fatal: not a git repository (or any parent up to mount point /)
Stopping at filesystem boundary (GIT_DISCOVERY_ACROSS_FILESYSTEM not set).
2025-06-29 23:17:58.782 [info] > git rev-parse --show-toplevel [9ms]
2025-06-29 23:17:58.782 [info] fatal: not a git repository (or any parent up to mount point /)
Stopping at filesystem boundary (GIT_DISCOVERY_ACROSS_FILESYSTEM not set).
2025-06-29 23:17:58.804 [info] > git rev-parse --show-toplevel [4ms]
2025-06-29 23:17:58.804 [info] fatal: not a git repository (or any parent up to mount point /)
Stopping at filesystem boundary (GIT_DISCOVERY_ACROSS_FILESYSTEM not set).
2025-06-29 23:17:58.844 [info] > git rev-parse --show-toplevel [22ms]
2025-06-29 23:17:58.844 [info] fatal: not a git repository (or any parent up to mount point /)
Stopping at filesystem boundary (GIT_DISCOVERY_ACROSS_FILESYSTEM not set).
2025-06-29 23:17:58.870 [info] > git rev-parse --show-toplevel [5ms]
2025-06-29 23:17:58.870 [info] fatal: not a git repository (or any parent up to mount point /)
Stopping at filesystem boundary (GIT_DISCOVERY_ACROSS_FILESYSTEM not set).
2025-06-29 23:17:58.890 [info] > git rev-parse --show-toplevel [2ms]
2025-06-29 23:17:58.890 [info] fatal: not a git repository (or any parent up to mount point /)
Stopping at filesystem boundary (GIT_DISCOVERY_ACROSS_FILESYSTEM not set).
2025-06-29 23:17:58.910 [info] > git rev-parse --show-toplevel [2ms]
2025-06-29 23:17:58.910 [info] fatal: not a git repository (or any parent up to mount point /)
Stopping at filesystem boundary (GIT_DISCOVERY_ACROSS_FILESYSTEM not set).
2025-06-29 23:17:58.930 [info] > git rev-parse --show-toplevel [2ms]
2025-06-29 23:17:58.930 [info] fatal: not a git repository (or any parent up to mount point /)
Stopping at filesystem boundary (GIT_DISCOVERY_ACROSS_FILESYSTEM not set).
2025-06-29 23:17:58.951 [info] > git rev-parse --show-toplevel [1ms]
2025-06-29 23:17:58.951 [info] fatal: not a git repository (or any parent up to mount point /)
Stopping at filesystem boundary (GIT_DISCOVERY_ACROSS_FILESYSTEM not set).
2025-06-29 23:17:58.971 [info] > git rev-parse --show-toplevel [1ms]
2025-06-29 23:17:58.971 [info] fatal: not a git repository (or any parent up to mount point /)
Stopping at filesystem boundary (GIT_DISCOVERY_ACROSS_FILESYSTEM not set).
2025-06-29 23:17:58.990 [info] > git rev-parse --show-toplevel [1ms]
2025-06-29 23:17:58.990 [info] fatal: not a git repository (or any parent up to mount point /)
Stopping at filesystem boundary (GIT_DISCOVERY_ACROSS_FILESYSTEM not set).
2025-06-29 23:17:59.012 [info] > git rev-parse --show-toplevel [4ms]
2025-06-29 23:17:59.012 [info] fatal: not a git repository (or any parent up to mount point /)
Stopping at filesystem boundary (GIT_DISCOVERY_ACROSS_FILESYSTEM not set).
2025-06-29 23:17:59.033 [info] > git rev-parse --show-toplevel [2ms]
2025-06-29 23:17:59.033 [info] fatal: not a git repository (or any parent up to mount point /)
Stopping at filesystem boundary (GIT_DISCOVERY_ACROSS_FILESYSTEM not set).
2025-06-29 23:17:59.054 [info] > git rev-parse --show-toplevel [1ms]
2025-06-29 23:17:59.054 [info] fatal: not a git repository (or any parent up to mount point /)
Stopping at filesystem boundary (GIT_DISCOVERY_ACROSS_FILESYSTEM not set).
2025-06-29 23:17:59.073 [info] > git rev-parse --show-toplevel [2ms]
2025-06-29 23:17:59.073 [info] fatal: not a git repository (or any parent up to mount point /)
Stopping at filesystem boundary (GIT_DISCOVERY_ACROSS_FILESYSTEM not set).
2025-06-29 23:17:59.094 [info] > git rev-parse --show-toplevel [3ms]
2025-06-29 23:17:59.094 [info] fatal: not a git repository (or any parent up to mount point /)
Stopping at filesystem boundary (GIT_DISCOVERY_ACROSS_FILESYSTEM not set).
2025-06-29 23:17:59.117 [info] > git rev-parse --show-toplevel [4ms]
2025-06-29 23:17:59.117 [info] fatal: not a git repository (or any parent up to mount point /)
Stopping at filesystem boundary (GIT_DISCOVERY_ACROSS_FILESYSTEM not set).
2025-06-29 23:17:59.144 [info] > git rev-parse --show-toplevel [8ms]
2025-06-29 23:17:59.144 [info] fatal: not a git repository (or any parent up to mount point /)
Stopping at filesystem boundary (GIT_DISCOVERY_ACROSS_FILESYSTEM not set).
2025-06-29 23:17:59.164 [info] > git rev-parse --show-toplevel [2ms]
2025-06-29 23:17:59.164 [info] fatal: not a git repository (or any parent up to mount point /)
Stopping at filesystem boundary (GIT_DISCOVERY_ACROSS_FILESYSTEM not set).
2025-06-29 23:17:59.189 [info] > git rev-parse --show-toplevel [4ms]
2025-06-29 23:17:59.189 [info] fatal: not a git repository (or any parent up to mount point /)
Stopping at filesystem boundary (GIT_DISCOVERY_ACROSS_FILESYSTEM not set).
2025-06-29 23:17:59.213 [info] > git rev-parse --show-toplevel [1ms]
2025-06-29 23:17:59.213 [info] fatal: not a git repository (or any parent up to mount point /)
Stopping at filesystem boundary (GIT_DISCOVERY_ACROSS_FILESYSTEM not set).
2025-06-29 23:17:59.236 [info] > git rev-parse --show-toplevel [2ms]
2025-06-29 23:17:59.236 [info] fatal: not a git repository (or any parent up to mount point /)
Stopping at filesystem boundary (GIT_DISCOVERY_ACROSS_FILESYSTEM not set).
2025-06-29 23:17:59.256 [info] > git rev-parse --show-toplevel [2ms]
2025-06-29 23:17:59.256 [info] fatal: not a git repository (or any parent up to mount point /)
Stopping at filesystem boundary (GIT_DISCOVERY_ACROSS_FILESYSTEM not set).
2025-06-29 23:17:59.287 [info] > git rev-parse --show-toplevel [11ms]
2025-06-29 23:17:59.287 [info] fatal: not a git repository (or any parent up to mount point /)
Stopping at filesystem boundary (GIT_DISCOVERY_ACROSS_FILESYSTEM not set).
2025-06-29 23:17:59.307 [info] > git rev-parse --show-toplevel [3ms]
2025-06-29 23:17:59.307 [info] fatal: not a git repository (or any parent up to mount point /)
Stopping at filesystem boundary (GIT_DISCOVERY_ACROSS_FILESYSTEM not set).
2025-06-29 23:17:59.327 [info] > git rev-parse --show-toplevel [1ms]
2025-06-29 23:17:59.327 [info] fatal: not a git repository (or any parent up to mount point /)
Stopping at filesystem boundary (GIT_DISCOVERY_ACROSS_FILESYSTEM not set).
2025-06-29 23:17:59.349 [info] > git rev-parse --show-toplevel [2ms]
2025-06-29 23:17:59.349 [info] fatal: not a git repository (or any parent up to mount point /)
Stopping at filesystem boundary (GIT_DISCOVERY_ACROSS_FILESYSTEM not set).
2025-06-29 23:17:59.369 [info] > git rev-parse --show-toplevel [1ms]
2025-06-29 23:17:59.369 [info] fatal: not a git repository (or any parent up to mount point /)
Stopping at filesystem boundary (GIT_DISCOVERY_ACROSS_FILESYSTEM not set).
2025-06-29 23:17:59.389 [info] > git rev-parse --show-toplevel [2ms]
2025-06-29 23:17:59.389 [info] fatal: not a git repository (or any parent up to mount point /)
Stopping at filesystem boundary (GIT_DISCOVERY_ACROSS_FILESYSTEM not set).
2025-06-29 23:17:59.408 [info] > git rev-parse --show-toplevel [1ms]
2025-06-29 23:17:59.408 [info] fatal: not a git repository (or any parent up to mount point /)
Stopping at filesystem boundary (GIT_DISCOVERY_ACROSS_FILESYSTEM not set).
2025-06-29 23:17:59.436 [info] > git rev-parse --show-toplevel [10ms]
2025-06-29 23:17:59.436 [info] fatal: not a git repository (or any parent up to mount point /)
Stopping at filesystem boundary (GIT_DISCOVERY_ACROSS_FILESYSTEM not set).
2025-06-29 23:17:59.586 [info] > git rev-parse --show-toplevel [131ms]
2025-06-29 23:17:59.586 [info] fatal: not a git repository (or any parent up to mount point /)
Stopping at filesystem boundary (GIT_DISCOVERY_ACROSS_FILESYSTEM not set).
2025-06-29 23:17:59.587 [info] [Model][doInitialScan] Initial repository scan completed - repositories (0), closed repositories (0), parent repositories (0), unsafe repositories (0)
2025-06-29 23:18:01.501 [info] > git rev-parse --show-toplevel [8ms]
2025-06-29 23:18:01.501 [info] fatal: not a git repository (or any parent up to mount point /)
Stopping at filesystem boundary (GIT_DISCOVERY_ACROSS_FILESYSTEM not set).
2025-06-30 00:29:10.664 [info] > git rev-parse --show-toplevel [7ms]
2025-06-30 00:29:10.665 [info] fatal: not a git repository (or any parent up to mount point /)
Stopping at filesystem boundary (GIT_DISCOVERY_ACROSS_FILESYSTEM not set).
2025-06-30 00:29:12.283 [info] > git rev-parse --show-toplevel [19ms]
2025-06-30 00:29:12.283 [info] fatal: not a git repository (or any parent up to mount point /)
Stopping at filesystem boundary (GIT_DISCOVERY_ACROSS_FILESYSTEM not set).
2025-06-30 00:29:54.103 [info] > git rev-parse --show-toplevel [3ms]
2025-06-30 00:29:54.103 [info] fatal: not a git repository (or any parent up to mount point /)
Stopping at filesystem boundary (GIT_DISCOVERY_ACROSS_FILESYSTEM not set).
2025-06-30 00:29:54.812 [info] > git rev-parse --show-toplevel [4ms]
2025-06-30 00:29:54.813 [info] fatal: not a git repository (or any parent up to mount point /)
Stopping at filesystem boundary (GIT_DISCOVERY_ACROSS_FILESYSTEM not set).
2025-06-30 00:30:16.556 [info] > git rev-parse --show-toplevel [7ms]
2025-06-30 00:30:16.556 [info] fatal: not a git repository (or any parent up to mount point /)
Stopping at filesystem boundary (GIT_DISCOVERY_ACROSS_FILESYSTEM not set).
2025-06-30 00:30:52.517 [info] > git rev-parse --show-toplevel [4ms]
2025-06-30 00:30:52.517 [info] fatal: not a git repository (or any parent up to mount point /)
Stopping at filesystem boundary (GIT_DISCOVERY_ACROSS_FILESYSTEM not set).
2025-06-30 00:31:32.924 [info] > git rev-parse --show-toplevel [5ms]
2025-06-30 00:31:32.925 [info] fatal: not a git repository (or any parent up to mount point /)
Stopping at filesystem boundary (GIT_DISCOVERY_ACROSS_FILESYSTEM not set).
