2025-06-29 19:02:52.652 [info] [main] Log level: Info
2025-06-29 19:02:52.652 [info] [main] Validating found git in: "git"
2025-06-29 19:02:52.652 [info] [main] Using git "2.49.0" from "git"
2025-06-29 19:02:52.652 [info] [Model][doInitialScan] Initial repository scan started
2025-06-29 19:02:52.652 [info] > git rev-parse --show-toplevel [5ms]
2025-06-29 19:02:52.652 [info] fatal: not a git repository (or any parent up to mount point /)
Stopping at filesystem boundary (GIT_DISCOVERY_ACROSS_FILESYSTEM not set).
2025-06-29 19:02:52.652 [info] > git rev-parse --show-toplevel [3ms]
2025-06-29 19:02:52.652 [info] fatal: not a git repository (or any parent up to mount point /)
Stopping at filesystem boundary (GIT_DISCOVERY_ACROSS_FILESYSTEM not set).
2025-06-29 19:02:52.664 [info] > git rev-parse --show-toplevel [3ms]
2025-06-29 19:02:52.664 [info] fatal: not a git repository (or any parent up to mount point /)
Stopping at filesystem boundary (GIT_DISCOVERY_ACROSS_FILESYSTEM not set).
2025-06-29 19:02:52.688 [info] > git rev-parse --show-toplevel [2ms]
2025-06-29 19:02:52.688 [info] fatal: not a git repository (or any parent up to mount point /)
Stopping at filesystem boundary (GIT_DISCOVERY_ACROSS_FILESYSTEM not set).
2025-06-29 19:02:52.700 [info] > git rev-parse --show-toplevel [3ms]
2025-06-29 19:02:52.700 [info] fatal: not a git repository (or any parent up to mount point /)
Stopping at filesystem boundary (GIT_DISCOVERY_ACROSS_FILESYSTEM not set).
2025-06-29 19:02:57.637 [info] > git rev-parse --show-toplevel [4926ms]
2025-06-29 19:02:57.637 [info] fatal: not a git repository (or any parent up to mount point /)
Stopping at filesystem boundary (GIT_DISCOVERY_ACROSS_FILESYSTEM not set).
2025-06-29 19:02:58.326 [info] > git rev-parse --show-toplevel [309ms]
2025-06-29 19:02:58.326 [info] fatal: not a git repository (or any parent up to mount point /)
Stopping at filesystem boundary (GIT_DISCOVERY_ACROSS_FILESYSTEM not set).
2025-06-29 19:02:58.527 [info] > git rev-parse --show-toplevel [130ms]
2025-06-29 19:02:58.527 [info] fatal: not a git repository (or any parent up to mount point /)
Stopping at filesystem boundary (GIT_DISCOVERY_ACROSS_FILESYSTEM not set).
2025-06-29 19:02:58.609 [info] > git rev-parse --show-toplevel [34ms]
2025-06-29 19:02:58.609 [info] fatal: not a git repository (or any parent up to mount point /)
Stopping at filesystem boundary (GIT_DISCOVERY_ACROSS_FILESYSTEM not set).
2025-06-29 19:02:58.732 [info] > git rev-parse --show-toplevel [54ms]
2025-06-29 19:02:58.732 [info] fatal: not a git repository (or any parent up to mount point /)
Stopping at filesystem boundary (GIT_DISCOVERY_ACROSS_FILESYSTEM not set).
2025-06-29 19:02:58.783 [info] > git rev-parse --show-toplevel [32ms]
2025-06-29 19:02:58.783 [info] fatal: not a git repository (or any parent up to mount point /)
Stopping at filesystem boundary (GIT_DISCOVERY_ACROSS_FILESYSTEM not set).
2025-06-29 19:02:59.165 [info] > git rev-parse --show-toplevel [104ms]
2025-06-29 19:02:59.165 [info] fatal: not a git repository (or any parent up to mount point /)
Stopping at filesystem boundary (GIT_DISCOVERY_ACROSS_FILESYSTEM not set).
2025-06-29 19:02:59.772 [info] > git rev-parse --show-toplevel [556ms]
2025-06-29 19:02:59.772 [info] fatal: not a git repository (or any parent up to mount point /)
Stopping at filesystem boundary (GIT_DISCOVERY_ACROSS_FILESYSTEM not set).
2025-06-29 19:02:59.865 [info] > git rev-parse --show-toplevel [57ms]
2025-06-29 19:02:59.865 [info] fatal: not a git repository (or any parent up to mount point /)
Stopping at filesystem boundary (GIT_DISCOVERY_ACROSS_FILESYSTEM not set).
2025-06-29 19:02:59.887 [info] > git rev-parse --show-toplevel [3ms]
2025-06-29 19:02:59.887 [info] fatal: not a git repository (or any parent up to mount point /)
Stopping at filesystem boundary (GIT_DISCOVERY_ACROSS_FILESYSTEM not set).
2025-06-29 19:02:59.912 [info] > git rev-parse --show-toplevel [7ms]
2025-06-29 19:02:59.912 [info] fatal: not a git repository (or any parent up to mount point /)
Stopping at filesystem boundary (GIT_DISCOVERY_ACROSS_FILESYSTEM not set).
2025-06-29 19:02:59.931 [info] > git rev-parse --show-toplevel [3ms]
2025-06-29 19:02:59.931 [info] fatal: not a git repository (or any parent up to mount point /)
Stopping at filesystem boundary (GIT_DISCOVERY_ACROSS_FILESYSTEM not set).
2025-06-29 19:02:59.952 [info] > git rev-parse --show-toplevel [3ms]
2025-06-29 19:02:59.952 [info] fatal: not a git repository (or any parent up to mount point /)
Stopping at filesystem boundary (GIT_DISCOVERY_ACROSS_FILESYSTEM not set).
2025-06-29 19:02:59.970 [info] > git rev-parse --show-toplevel [1ms]
2025-06-29 19:02:59.970 [info] fatal: not a git repository (or any parent up to mount point /)
Stopping at filesystem boundary (GIT_DISCOVERY_ACROSS_FILESYSTEM not set).
2025-06-29 19:02:59.996 [info] > git rev-parse --show-toplevel [9ms]
2025-06-29 19:02:59.996 [info] fatal: not a git repository (or any parent up to mount point /)
Stopping at filesystem boundary (GIT_DISCOVERY_ACROSS_FILESYSTEM not set).
2025-06-29 19:03:00.016 [info] > git rev-parse --show-toplevel [4ms]
2025-06-29 19:03:00.016 [info] fatal: not a git repository (or any parent up to mount point /)
Stopping at filesystem boundary (GIT_DISCOVERY_ACROSS_FILESYSTEM not set).
2025-06-29 19:03:00.058 [info] > git rev-parse --show-toplevel [25ms]
2025-06-29 19:03:00.058 [info] fatal: not a git repository (or any parent up to mount point /)
Stopping at filesystem boundary (GIT_DISCOVERY_ACROSS_FILESYSTEM not set).
2025-06-29 19:03:00.079 [info] > git rev-parse --show-toplevel [2ms]
2025-06-29 19:03:00.079 [info] fatal: not a git repository (or any parent up to mount point /)
Stopping at filesystem boundary (GIT_DISCOVERY_ACROSS_FILESYSTEM not set).
2025-06-29 19:03:00.117 [info] > git rev-parse --show-toplevel [20ms]
2025-06-29 19:03:00.117 [info] fatal: not a git repository (or any parent up to mount point /)
Stopping at filesystem boundary (GIT_DISCOVERY_ACROSS_FILESYSTEM not set).
2025-06-29 19:03:00.140 [info] > git rev-parse --show-toplevel [4ms]
2025-06-29 19:03:00.140 [info] fatal: not a git repository (or any parent up to mount point /)
Stopping at filesystem boundary (GIT_DISCOVERY_ACROSS_FILESYSTEM not set).
2025-06-29 19:03:00.160 [info] > git rev-parse --show-toplevel [2ms]
2025-06-29 19:03:00.160 [info] fatal: not a git repository (or any parent up to mount point /)
Stopping at filesystem boundary (GIT_DISCOVERY_ACROSS_FILESYSTEM not set).
2025-06-29 19:03:00.180 [info] > git rev-parse --show-toplevel [1ms]
2025-06-29 19:03:00.180 [info] fatal: not a git repository (or any parent up to mount point /)
Stopping at filesystem boundary (GIT_DISCOVERY_ACROSS_FILESYSTEM not set).
2025-06-29 19:03:00.199 [info] > git rev-parse --show-toplevel [2ms]
2025-06-29 19:03:00.199 [info] fatal: not a git repository (or any parent up to mount point /)
Stopping at filesystem boundary (GIT_DISCOVERY_ACROSS_FILESYSTEM not set).
2025-06-29 19:03:00.220 [info] > git rev-parse --show-toplevel [4ms]
2025-06-29 19:03:00.220 [info] fatal: not a git repository (or any parent up to mount point /)
Stopping at filesystem boundary (GIT_DISCOVERY_ACROSS_FILESYSTEM not set).
2025-06-29 19:03:00.240 [info] > git rev-parse --show-toplevel [2ms]
2025-06-29 19:03:00.241 [info] fatal: not a git repository (or any parent up to mount point /)
Stopping at filesystem boundary (GIT_DISCOVERY_ACROSS_FILESYSTEM not set).
2025-06-29 19:03:00.260 [info] > git rev-parse --show-toplevel [1ms]
2025-06-29 19:03:00.260 [info] fatal: not a git repository (or any parent up to mount point /)
Stopping at filesystem boundary (GIT_DISCOVERY_ACROSS_FILESYSTEM not set).
2025-06-29 19:03:00.279 [info] > git rev-parse --show-toplevel [1ms]
2025-06-29 19:03:00.279 [info] fatal: not a git repository (or any parent up to mount point /)
Stopping at filesystem boundary (GIT_DISCOVERY_ACROSS_FILESYSTEM not set).
2025-06-29 19:03:00.297 [info] > git rev-parse --show-toplevel [1ms]
2025-06-29 19:03:00.297 [info] fatal: not a git repository (or any parent up to mount point /)
Stopping at filesystem boundary (GIT_DISCOVERY_ACROSS_FILESYSTEM not set).
2025-06-29 19:03:00.316 [info] > git rev-parse --show-toplevel [1ms]
2025-06-29 19:03:00.316 [info] fatal: not a git repository (or any parent up to mount point /)
Stopping at filesystem boundary (GIT_DISCOVERY_ACROSS_FILESYSTEM not set).
2025-06-29 19:03:00.336 [info] > git rev-parse --show-toplevel [0ms]
2025-06-29 19:03:00.336 [info] fatal: not a git repository (or any parent up to mount point /)
Stopping at filesystem boundary (GIT_DISCOVERY_ACROSS_FILESYSTEM not set).
2025-06-29 19:03:00.354 [info] > git rev-parse --show-toplevel [1ms]
2025-06-29 19:03:00.354 [info] fatal: not a git repository (or any parent up to mount point /)
Stopping at filesystem boundary (GIT_DISCOVERY_ACROSS_FILESYSTEM not set).
2025-06-29 19:03:00.356 [info] [Model][doInitialScan] Initial repository scan completed - repositories (0), closed repositories (0), parent repositories (0), unsafe repositories (0)
2025-06-29 19:03:00.375 [info] > git rev-parse --show-toplevel [2ms]
2025-06-29 19:03:00.375 [info] fatal: not a git repository (or any parent up to mount point /)
Stopping at filesystem boundary (GIT_DISCOVERY_ACROSS_FILESYSTEM not set).
2025-06-29 19:03:00.396 [info] > git rev-parse --show-toplevel [1ms]
2025-06-29 19:03:00.396 [info] fatal: not a git repository (or any parent up to mount point /)
Stopping at filesystem boundary (GIT_DISCOVERY_ACROSS_FILESYSTEM not set).
2025-06-29 19:03:00.417 [info] > git rev-parse --show-toplevel [3ms]
2025-06-29 19:03:00.417 [info] fatal: not a git repository (or any parent up to mount point /)
Stopping at filesystem boundary (GIT_DISCOVERY_ACROSS_FILESYSTEM not set).
2025-06-29 19:03:37.268 [info] > git rev-parse --show-toplevel [5ms]
2025-06-29 19:03:37.268 [info] fatal: not a git repository (or any parent up to mount point /)
Stopping at filesystem boundary (GIT_DISCOVERY_ACROSS_FILESYSTEM not set).
2025-06-29 19:03:50.879 [info] > git rev-parse --show-toplevel [4ms]
2025-06-29 19:03:50.879 [info] fatal: not a git repository (or any parent up to mount point /)
Stopping at filesystem boundary (GIT_DISCOVERY_ACROSS_FILESYSTEM not set).
2025-06-29 19:18:33.643 [info] > git rev-parse --show-toplevel [56ms]
2025-06-29 19:18:33.643 [info] fatal: not a git repository (or any parent up to mount point /)
Stopping at filesystem boundary (GIT_DISCOVERY_ACROSS_FILESYSTEM not set).
2025-06-29 19:18:55.381 [info] > git rev-parse --show-toplevel [6ms]
2025-06-29 19:18:55.381 [info] fatal: not a git repository (or any parent up to mount point /)
Stopping at filesystem boundary (GIT_DISCOVERY_ACROSS_FILESYSTEM not set).
2025-06-29 19:19:01.023 [info] > git rev-parse --show-toplevel [4ms]
2025-06-29 19:19:01.023 [info] fatal: not a git repository (or any parent up to mount point /)
Stopping at filesystem boundary (GIT_DISCOVERY_ACROSS_FILESYSTEM not set).
2025-06-29 19:19:12.921 [info] > git rev-parse --show-toplevel [7ms]
2025-06-29 19:19:12.921 [info] fatal: not a git repository (or any parent up to mount point /)
Stopping at filesystem boundary (GIT_DISCOVERY_ACROSS_FILESYSTEM not set).
2025-06-29 19:53:20.945 [info] > git rev-parse --show-toplevel [2ms]
2025-06-29 19:53:20.945 [info] fatal: not a git repository (or any parent up to mount point /)
Stopping at filesystem boundary (GIT_DISCOVERY_ACROSS_FILESYSTEM not set).
2025-06-29 19:53:28.864 [info] > git rev-parse --show-toplevel [2ms]
2025-06-29 19:53:28.864 [info] fatal: not a git repository (or any parent up to mount point /)
Stopping at filesystem boundary (GIT_DISCOVERY_ACROSS_FILESYSTEM not set).
2025-06-29 19:55:23.615 [info] > git rev-parse --show-toplevel [3ms]
2025-06-29 19:55:23.615 [info] fatal: not a git repository (or any parent up to mount point /)
Stopping at filesystem boundary (GIT_DISCOVERY_ACROSS_FILESYSTEM not set).
2025-06-29 19:55:27.842 [info] > git rev-parse --show-toplevel [7ms]
2025-06-29 19:55:27.842 [info] fatal: not a git repository (or any parent up to mount point /)
Stopping at filesystem boundary (GIT_DISCOVERY_ACROSS_FILESYSTEM not set).
2025-06-29 19:56:34.868 [info] > git rev-parse --show-toplevel [2ms]
2025-06-29 19:56:34.868 [info] fatal: not a git repository (or any parent up to mount point /)
Stopping at filesystem boundary (GIT_DISCOVERY_ACROSS_FILESYSTEM not set).
2025-06-29 19:58:52.697 [info] > git rev-parse --show-toplevel [7ms]
2025-06-29 19:58:52.697 [info] fatal: not a git repository (or any parent up to mount point /)
Stopping at filesystem boundary (GIT_DISCOVERY_ACROSS_FILESYSTEM not set).
