2025-06-29 23:17:51.040 [info] Reading sessions from keychain...
2025-06-29 23:17:51.040 [info] Getting sessions for all scopes...
2025-06-29 23:17:51.040 [info] Getting sessions for all scopes...
2025-06-29 23:17:51.040 [info] Getting sessions for all scopes...
2025-06-29 23:17:51.040 [info] Getting sessions for all scopes...
2025-06-29 23:17:51.040 [info] Getting sessions for all scopes...
2025-06-29 23:17:51.040 [info] Getting sessions for all scopes...
2025-06-29 23:17:51.040 [info] Getting sessions for all scopes...
2025-06-29 23:17:51.040 [info] Got stored sessions!
2025-06-29 23:17:51.040 [info] Got 3 verified sessions.
2025-06-29 23:17:51.040 [info] Got 3 sessions for ...
2025-06-29 23:17:51.040 [info] Got 3 sessions for ...
2025-06-29 23:17:51.040 [info] Got 3 sessions for ...
2025-06-29 23:17:51.040 [info] Got 3 sessions for ...
2025-06-29 23:17:51.041 [info] Got 3 sessions for ...
2025-06-29 23:17:51.041 [info] Got 3 sessions for ...
2025-06-29 23:17:51.041 [info] Got 3 sessions for ...
2025-06-29 23:17:51.041 [info] Getting sessions for all scopes...
2025-06-29 23:17:51.041 [info] Got 3 sessions for ...
2025-06-29 23:17:51.041 [info] Getting sessions for all scopes...
2025-06-29 23:17:51.041 [info] Got 3 sessions for ...
2025-06-29 23:17:51.041 [info] Getting sessions for all scopes...
2025-06-29 23:17:51.041 [info] Got 3 sessions for ...
2025-06-29 23:17:51.041 [info] Getting sessions for all scopes...
2025-06-29 23:17:51.041 [info] Got 3 sessions for ...
2025-06-29 23:17:51.041 [info] Getting sessions for all scopes...
2025-06-29 23:17:51.041 [info] Got 3 sessions for ...
2025-06-29 23:17:51.041 [info] Getting sessions for all scopes...
2025-06-29 23:17:51.041 [info] Got 3 sessions for ...
2025-06-29 23:17:51.213 [info] Getting sessions for all scopes...
2025-06-29 23:17:51.213 [info] Got 3 sessions for ...
2025-06-29 23:17:51.643 [info] Getting sessions for user:email...
2025-06-29 23:17:51.644 [info] Got 1 sessions for user:email...
2025-06-29 23:17:56.834 [info] Getting sessions for all scopes...
2025-06-29 23:17:56.834 [info] Got 3 sessions for ...
2025-06-29 23:17:56.866 [info] Getting sessions for all scopes...
2025-06-29 23:17:56.866 [info] Got 3 sessions for ...
2025-06-29 23:17:57.340 [info] Getting sessions for read:user,repo,user:email...
2025-06-29 23:17:57.340 [info] Got 1 sessions for read:user,repo,user:email...
2025-06-29 23:17:57.340 [info] Getting sessions for all scopes...
2025-06-29 23:17:57.340 [info] Got 3 sessions for ...
2025-06-29 23:17:57.340 [info] Getting sessions for all scopes...
2025-06-29 23:17:57.340 [info] Got 3 sessions for ...
2025-06-29 23:17:57.367 [info] Getting sessions for all scopes...
2025-06-29 23:17:57.367 [info] Got 3 sessions for ...
2025-06-29 23:17:57.533 [info] Getting sessions for all scopes...
2025-06-29 23:17:57.533 [info] Got 3 sessions for ...
2025-06-29 23:17:57.533 [info] Getting sessions for read:user,repo,user:email,workflow...
2025-06-29 23:17:57.533 [info] Got 1 sessions for read:user,repo,user:email,workflow...
2025-06-29 23:17:57.553 [info] Getting sessions for read:user,repo,user:email,workflow...
2025-06-29 23:17:57.553 [info] Got 1 sessions for read:user,repo,user:email,workflow...
2025-06-29 23:17:57.944 [info] Getting sessions for all scopes...
2025-06-29 23:17:57.944 [info] Got 3 sessions for ...
2025-06-29 23:17:58.676 [info] Getting sessions for read:user,repo,user:email,workflow...
2025-06-29 23:17:58.676 [info] Got 1 sessions for read:user,repo,user:email,workflow...
2025-06-29 23:17:58.686 [info] Getting sessions for all scopes...
2025-06-29 23:17:58.686 [info] Got 3 sessions for ...
2025-06-29 23:17:58.687 [info] Getting sessions for read:user,repo,user:email,workflow...
2025-06-29 23:17:58.688 [info] Got 1 sessions for read:user,repo,user:email,workflow...
2025-06-29 23:17:59.795 [info] Getting sessions for all scopes...
2025-06-29 23:17:59.796 [info] Got 3 sessions for ...
2025-06-29 23:17:59.796 [info] Getting sessions for all scopes...
2025-06-29 23:17:59.796 [info] Got 3 sessions for ...
2025-06-29 23:17:59.806 [info] Getting sessions for read:user,repo,user:email,workflow...
2025-06-29 23:17:59.806 [info] Got 1 sessions for read:user,repo,user:email,workflow...
2025-06-29 23:17:59.808 [info] Getting sessions for all scopes...
2025-06-29 23:17:59.808 [info] Got 3 sessions for ...
2025-06-29 23:17:59.812 [info] Getting sessions for read:user,repo,user:email,workflow...
2025-06-29 23:17:59.812 [info] Got 1 sessions for read:user,repo,user:email,workflow...
2025-06-29 23:17:59.874 [info] Getting sessions for all scopes...
2025-06-29 23:17:59.874 [info] Got 3 sessions for ...
2025-06-29 23:17:59.876 [info] Getting sessions for read:user,repo,user:email,workflow...
2025-06-29 23:17:59.876 [info] Got 1 sessions for read:user,repo,user:email,workflow...
2025-06-29 23:17:59.880 [info] Getting sessions for all scopes...
2025-06-29 23:17:59.880 [info] Got 3 sessions for ...
2025-06-29 23:17:59.881 [info] Getting sessions for all scopes...
2025-06-29 23:17:59.881 [info] Got 3 sessions for ...
2025-06-29 23:18:01.682 [info] Getting sessions for all scopes...
2025-06-29 23:18:01.682 [info] Got 3 sessions for ...
2025-06-29 23:18:01.684 [info] Getting sessions for read:user,repo,user:email,workflow...
2025-06-29 23:18:01.684 [info] Got 1 sessions for read:user,repo,user:email,workflow...
2025-06-29 23:33:01.689 [info] Getting sessions for all scopes...
2025-06-29 23:33:01.689 [info] Got 3 sessions for ...
2025-06-29 23:33:01.692 [info] Getting sessions for read:user,repo,user:email,workflow...
2025-06-29 23:33:01.692 [info] Got 1 sessions for read:user,repo,user:email,workflow...
2025-06-29 23:43:07.216 [info] Getting sessions for read:user,repo,user:email,workflow...
2025-06-29 23:43:07.216 [info] Got 1 sessions for read:user,repo,user:email,workflow...
2025-06-29 23:48:01.696 [info] Getting sessions for all scopes...
2025-06-29 23:48:01.696 [info] Got 3 sessions for ...
2025-06-29 23:48:01.698 [info] Getting sessions for read:user,repo,user:email,workflow...
2025-06-29 23:48:01.698 [info] Got 1 sessions for read:user,repo,user:email,workflow...
2025-06-29 23:48:01.700 [info] Getting sessions for all scopes...
2025-06-29 23:48:01.700 [info] Got 3 sessions for ...
2025-06-29 23:48:01.702 [info] Getting sessions for read:user,repo,user:email,workflow...
2025-06-29 23:48:01.702 [info] Got 1 sessions for read:user,repo,user:email,workflow...
2025-06-29 23:48:02.910 [info] Getting sessions for all scopes...
2025-06-29 23:48:02.910 [info] Got 3 sessions for ...
2025-06-29 23:48:02.910 [info] Getting sessions for all scopes...
2025-06-29 23:48:02.910 [info] Got 3 sessions for ...
2025-06-29 23:48:02.911 [info] Getting sessions for read:user,repo,user:email,workflow...
2025-06-29 23:48:02.911 [info] Got 1 sessions for read:user,repo,user:email,workflow...
2025-06-29 23:48:02.913 [info] Getting sessions for all scopes...
2025-06-29 23:48:02.913 [info] Got 3 sessions for ...
2025-06-29 23:48:02.915 [info] Getting sessions for read:user,repo,user:email,workflow...
2025-06-29 23:48:02.915 [info] Got 1 sessions for read:user,repo,user:email,workflow...
2025-06-29 23:48:02.919 [info] Getting sessions for all scopes...
2025-06-29 23:48:02.919 [info] Got 3 sessions for ...
2025-06-29 23:48:02.921 [info] Getting sessions for read:user,repo,user:email,workflow...
2025-06-29 23:48:02.921 [info] Got 1 sessions for read:user,repo,user:email,workflow...
2025-06-30 00:03:02.926 [info] Getting sessions for all scopes...
2025-06-30 00:03:02.926 [info] Got 3 sessions for ...
2025-06-30 00:03:02.928 [info] Getting sessions for read:user,repo,user:email,workflow...
2025-06-30 00:03:02.928 [info] Got 1 sessions for read:user,repo,user:email,workflow...
2025-06-30 00:10:32.978 [info] Getting sessions for read:user,repo,user:email,workflow...
2025-06-30 00:10:32.978 [info] Got 1 sessions for read:user,repo,user:email,workflow...
2025-06-30 00:18:02.932 [info] Getting sessions for all scopes...
2025-06-30 00:18:02.932 [info] Got 3 sessions for ...
2025-06-30 00:18:02.934 [info] Getting sessions for read:user,repo,user:email,workflow...
2025-06-30 00:18:02.934 [info] Got 1 sessions for read:user,repo,user:email,workflow...
2025-06-30 00:18:02.936 [info] Getting sessions for all scopes...
2025-06-30 00:18:02.936 [info] Got 3 sessions for ...
2025-06-30 00:18:02.938 [info] Getting sessions for read:user,repo,user:email,workflow...
2025-06-30 00:18:02.938 [info] Got 1 sessions for read:user,repo,user:email,workflow...
2025-06-30 00:18:03.979 [info] Getting sessions for all scopes...
2025-06-30 00:18:03.980 [info] Got 3 sessions for ...
2025-06-30 00:18:03.980 [info] Getting sessions for all scopes...
2025-06-30 00:18:03.980 [info] Got 3 sessions for ...
2025-06-30 00:18:03.982 [info] Getting sessions for read:user,repo,user:email,workflow...
2025-06-30 00:18:03.982 [info] Got 1 sessions for read:user,repo,user:email,workflow...
2025-06-30 00:18:03.984 [info] Getting sessions for all scopes...
2025-06-30 00:18:03.984 [info] Got 3 sessions for ...
2025-06-30 00:18:03.986 [info] Getting sessions for read:user,repo,user:email,workflow...
2025-06-30 00:18:03.986 [info] Got 1 sessions for read:user,repo,user:email,workflow...
2025-06-30 00:18:03.989 [info] Getting sessions for all scopes...
2025-06-30 00:18:03.989 [info] Got 3 sessions for ...
2025-06-30 00:18:03.991 [info] Getting sessions for read:user,repo,user:email,workflow...
2025-06-30 00:18:03.991 [info] Got 1 sessions for read:user,repo,user:email,workflow...
