2025-06-29 18:45:45.486 [info] [main] Log level: Info
2025-06-29 18:45:45.486 [info] [main] Validating found git in: "git"
2025-06-29 18:45:45.486 [info] [main] Using git "2.49.0" from "git"
2025-06-29 18:45:45.486 [info] [Model][doInitialScan] Initial repository scan started
2025-06-29 18:45:45.486 [info] > git rev-parse --show-toplevel [10ms]
2025-06-29 18:45:45.486 [info] fatal: not a git repository (or any parent up to mount point /)
Stopping at filesystem boundary (GIT_DISCOVERY_ACROSS_FILESYSTEM not set).
2025-06-29 18:45:45.486 [info] > git rev-parse --show-toplevel [3ms]
2025-06-29 18:45:45.486 [info] fatal: not a git repository (or any parent up to mount point /)
Stopping at filesystem boundary (GIT_DISCOVERY_ACROSS_FILESYSTEM not set).
2025-06-29 18:45:45.488 [info] > git rev-parse --show-toplevel [3ms]
2025-06-29 18:45:45.488 [info] fatal: not a git repository (or any parent up to mount point /)
Stopping at filesystem boundary (GIT_DISCOVERY_ACROSS_FILESYSTEM not set).
2025-06-29 18:45:45.506 [info] > git rev-parse --show-toplevel [2ms]
2025-06-29 18:45:45.506 [info] fatal: not a git repository (or any parent up to mount point /)
Stopping at filesystem boundary (GIT_DISCOVERY_ACROSS_FILESYSTEM not set).
2025-06-29 18:45:45.518 [info] > git rev-parse --show-toplevel [2ms]
2025-06-29 18:45:45.518 [info] fatal: not a git repository (or any parent up to mount point /)
Stopping at filesystem boundary (GIT_DISCOVERY_ACROSS_FILESYSTEM not set).
2025-06-29 18:45:45.533 [info] > git rev-parse --show-toplevel [2ms]
2025-06-29 18:45:45.533 [info] fatal: not a git repository (or any parent up to mount point /)
Stopping at filesystem boundary (GIT_DISCOVERY_ACROSS_FILESYSTEM not set).
2025-06-29 18:45:45.545 [info] > git rev-parse --show-toplevel [3ms]
2025-06-29 18:45:45.545 [info] fatal: not a git repository (or any parent up to mount point /)
Stopping at filesystem boundary (GIT_DISCOVERY_ACROSS_FILESYSTEM not set).
2025-06-29 18:45:45.558 [info] > git rev-parse --show-toplevel [3ms]
2025-06-29 18:45:45.558 [info] fatal: not a git repository (or any parent up to mount point /)
Stopping at filesystem boundary (GIT_DISCOVERY_ACROSS_FILESYSTEM not set).
2025-06-29 18:45:45.570 [info] > git rev-parse --show-toplevel [3ms]
2025-06-29 18:45:45.570 [info] fatal: not a git repository (or any parent up to mount point /)
Stopping at filesystem boundary (GIT_DISCOVERY_ACROSS_FILESYSTEM not set).
2025-06-29 18:45:45.725 [info] > git rev-parse --show-toplevel [146ms]
2025-06-29 18:45:45.725 [info] fatal: not a git repository (or any parent up to mount point /)
Stopping at filesystem boundary (GIT_DISCOVERY_ACROSS_FILESYSTEM not set).
2025-06-29 18:45:51.253 [info] > git rev-parse --show-toplevel [399ms]
2025-06-29 18:45:51.253 [info] fatal: not a git repository (or any parent up to mount point /)
Stopping at filesystem boundary (GIT_DISCOVERY_ACROSS_FILESYSTEM not set).
2025-06-29 18:45:51.455 [info] > git rev-parse --show-toplevel [91ms]
2025-06-29 18:45:51.455 [info] fatal: not a git repository (or any parent up to mount point /)
Stopping at filesystem boundary (GIT_DISCOVERY_ACROSS_FILESYSTEM not set).
2025-06-29 18:45:51.663 [info] > git rev-parse --show-toplevel [46ms]
2025-06-29 18:45:51.663 [info] fatal: not a git repository (or any parent up to mount point /)
Stopping at filesystem boundary (GIT_DISCOVERY_ACROSS_FILESYSTEM not set).
2025-06-29 18:45:51.706 [info] > git rev-parse --show-toplevel [19ms]
2025-06-29 18:45:51.706 [info] fatal: not a git repository (or any parent up to mount point /)
Stopping at filesystem boundary (GIT_DISCOVERY_ACROSS_FILESYSTEM not set).
2025-06-29 18:45:51.761 [info] > git rev-parse --show-toplevel [11ms]
2025-06-29 18:45:51.761 [info] fatal: not a git repository (or any parent up to mount point /)
Stopping at filesystem boundary (GIT_DISCOVERY_ACROSS_FILESYSTEM not set).
2025-06-29 18:45:52.044 [info] > git rev-parse --show-toplevel [243ms]
2025-06-29 18:45:52.044 [info] fatal: not a git repository (or any parent up to mount point /)
Stopping at filesystem boundary (GIT_DISCOVERY_ACROSS_FILESYSTEM not set).
2025-06-29 18:45:52.167 [info] > git rev-parse --show-toplevel [55ms]
2025-06-29 18:45:52.167 [info] fatal: not a git repository (or any parent up to mount point /)
Stopping at filesystem boundary (GIT_DISCOVERY_ACROSS_FILESYSTEM not set).
2025-06-29 18:45:52.833 [info] > git rev-parse --show-toplevel [36ms]
2025-06-29 18:45:52.833 [info] fatal: not a git repository (or any parent up to mount point /)
Stopping at filesystem boundary (GIT_DISCOVERY_ACROSS_FILESYSTEM not set).
2025-06-29 18:45:52.909 [info] > git rev-parse --show-toplevel [35ms]
2025-06-29 18:45:52.909 [info] fatal: not a git repository (or any parent up to mount point /)
Stopping at filesystem boundary (GIT_DISCOVERY_ACROSS_FILESYSTEM not set).
2025-06-29 18:45:52.935 [info] > git rev-parse --show-toplevel [5ms]
2025-06-29 18:45:52.935 [info] fatal: not a git repository (or any parent up to mount point /)
Stopping at filesystem boundary (GIT_DISCOVERY_ACROSS_FILESYSTEM not set).
2025-06-29 18:45:52.955 [info] > git rev-parse --show-toplevel [3ms]
2025-06-29 18:45:52.955 [info] fatal: not a git repository (or any parent up to mount point /)
Stopping at filesystem boundary (GIT_DISCOVERY_ACROSS_FILESYSTEM not set).
2025-06-29 18:45:52.973 [info] > git rev-parse --show-toplevel [2ms]
2025-06-29 18:45:52.973 [info] fatal: not a git repository (or any parent up to mount point /)
Stopping at filesystem boundary (GIT_DISCOVERY_ACROSS_FILESYSTEM not set).
2025-06-29 18:45:52.992 [info] > git rev-parse --show-toplevel [3ms]
2025-06-29 18:45:52.992 [info] fatal: not a git repository (or any parent up to mount point /)
Stopping at filesystem boundary (GIT_DISCOVERY_ACROSS_FILESYSTEM not set).
2025-06-29 18:45:53.011 [info] > git rev-parse --show-toplevel [2ms]
2025-06-29 18:45:53.011 [info] fatal: not a git repository (or any parent up to mount point /)
Stopping at filesystem boundary (GIT_DISCOVERY_ACROSS_FILESYSTEM not set).
2025-06-29 18:45:53.053 [info] > git rev-parse --show-toplevel [22ms]
2025-06-29 18:45:53.053 [info] fatal: not a git repository (or any parent up to mount point /)
Stopping at filesystem boundary (GIT_DISCOVERY_ACROSS_FILESYSTEM not set).
2025-06-29 18:45:53.075 [info] > git rev-parse --show-toplevel [2ms]
2025-06-29 18:45:53.075 [info] fatal: not a git repository (or any parent up to mount point /)
Stopping at filesystem boundary (GIT_DISCOVERY_ACROSS_FILESYSTEM not set).
2025-06-29 18:45:53.137 [info] > git rev-parse --show-toplevel [45ms]
2025-06-29 18:45:53.137 [info] fatal: not a git repository (or any parent up to mount point /)
Stopping at filesystem boundary (GIT_DISCOVERY_ACROSS_FILESYSTEM not set).
2025-06-29 18:45:53.159 [info] > git rev-parse --show-toplevel [4ms]
2025-06-29 18:45:53.159 [info] fatal: not a git repository (or any parent up to mount point /)
Stopping at filesystem boundary (GIT_DISCOVERY_ACROSS_FILESYSTEM not set).
2025-06-29 18:45:53.177 [info] > git rev-parse --show-toplevel [1ms]
2025-06-29 18:45:53.177 [info] fatal: not a git repository (or any parent up to mount point /)
Stopping at filesystem boundary (GIT_DISCOVERY_ACROSS_FILESYSTEM not set).
2025-06-29 18:45:53.196 [info] > git rev-parse --show-toplevel [1ms]
2025-06-29 18:45:53.196 [info] fatal: not a git repository (or any parent up to mount point /)
Stopping at filesystem boundary (GIT_DISCOVERY_ACROSS_FILESYSTEM not set).
2025-06-29 18:45:53.215 [info] > git rev-parse --show-toplevel [3ms]
2025-06-29 18:45:53.215 [info] fatal: not a git repository (or any parent up to mount point /)
Stopping at filesystem boundary (GIT_DISCOVERY_ACROSS_FILESYSTEM not set).
2025-06-29 18:45:53.234 [info] > git rev-parse --show-toplevel [2ms]
2025-06-29 18:45:53.234 [info] fatal: not a git repository (or any parent up to mount point /)
Stopping at filesystem boundary (GIT_DISCOVERY_ACROSS_FILESYSTEM not set).
2025-06-29 18:45:53.254 [info] > git rev-parse --show-toplevel [3ms]
2025-06-29 18:45:53.254 [info] fatal: not a git repository (or any parent up to mount point /)
Stopping at filesystem boundary (GIT_DISCOVERY_ACROSS_FILESYSTEM not set).
2025-06-29 18:45:53.274 [info] > git rev-parse --show-toplevel [3ms]
2025-06-29 18:45:53.274 [info] fatal: not a git repository (or any parent up to mount point /)
Stopping at filesystem boundary (GIT_DISCOVERY_ACROSS_FILESYSTEM not set).
2025-06-29 18:45:53.292 [info] > git rev-parse --show-toplevel [1ms]
2025-06-29 18:45:53.292 [info] fatal: not a git repository (or any parent up to mount point /)
Stopping at filesystem boundary (GIT_DISCOVERY_ACROSS_FILESYSTEM not set).
2025-06-29 18:45:53.310 [info] > git rev-parse --show-toplevel [1ms]
2025-06-29 18:45:53.310 [info] fatal: not a git repository (or any parent up to mount point /)
Stopping at filesystem boundary (GIT_DISCOVERY_ACROSS_FILESYSTEM not set).
2025-06-29 18:45:53.311 [info] [Model][doInitialScan] Initial repository scan completed - repositories (0), closed repositories (0), parent repositories (0), unsafe repositories (0)
2025-06-29 18:45:53.329 [info] > git rev-parse --show-toplevel [1ms]
2025-06-29 18:45:53.329 [info] fatal: not a git repository (or any parent up to mount point /)
Stopping at filesystem boundary (GIT_DISCOVERY_ACROSS_FILESYSTEM not set).
2025-06-29 18:45:53.348 [info] > git rev-parse --show-toplevel [1ms]
2025-06-29 18:45:53.348 [info] fatal: not a git repository (or any parent up to mount point /)
Stopping at filesystem boundary (GIT_DISCOVERY_ACROSS_FILESYSTEM not set).
2025-06-29 18:45:53.367 [info] > git rev-parse --show-toplevel [1ms]
2025-06-29 18:45:53.367 [info] fatal: not a git repository (or any parent up to mount point /)
Stopping at filesystem boundary (GIT_DISCOVERY_ACROSS_FILESYSTEM not set).
2025-06-29 18:45:53.386 [info] > git rev-parse --show-toplevel [1ms]
2025-06-29 18:45:53.386 [info] fatal: not a git repository (or any parent up to mount point /)
Stopping at filesystem boundary (GIT_DISCOVERY_ACROSS_FILESYSTEM not set).
