2025-06-29 18:52:48.259 [info] Reading sessions from keychain...
2025-06-29 18:52:48.259 [info] Getting sessions for all scopes...
2025-06-29 18:52:48.259 [info] Getting sessions for all scopes...
2025-06-29 18:52:48.259 [info] Getting sessions for all scopes...
2025-06-29 18:52:48.259 [info] Getting sessions for all scopes...
2025-06-29 18:52:48.259 [info] Getting sessions for all scopes...
2025-06-29 18:52:48.259 [info] Getting sessions for all scopes...
2025-06-29 18:52:48.259 [info] Getting sessions for all scopes...
2025-06-29 18:52:48.259 [info] Getting sessions for all scopes...
2025-06-29 18:52:48.259 [info] Got stored sessions!
2025-06-29 18:52:48.259 [info] Got 3 verified sessions.
2025-06-29 18:52:48.260 [info] Got 3 sessions for ...
2025-06-29 18:52:48.260 [info] Got 3 sessions for ...
2025-06-29 18:52:48.260 [info] Got 3 sessions for ...
2025-06-29 18:52:48.260 [info] Got 3 sessions for ...
2025-06-29 18:52:48.260 [info] Got 3 sessions for ...
2025-06-29 18:52:48.260 [info] Got 3 sessions for ...
2025-06-29 18:52:48.260 [info] Got 3 sessions for ...
2025-06-29 18:52:48.260 [info] Got 3 sessions for ...
2025-06-29 18:52:48.260 [info] Getting sessions for all scopes...
2025-06-29 18:52:48.260 [info] Got 3 sessions for ...
2025-06-29 18:52:48.261 [info] Getting sessions for all scopes...
2025-06-29 18:52:48.261 [info] Got 3 sessions for ...
2025-06-29 18:52:48.261 [info] Getting sessions for all scopes...
2025-06-29 18:52:48.261 [info] Got 3 sessions for ...
2025-06-29 18:52:48.261 [info] Getting sessions for all scopes...
2025-06-29 18:52:48.261 [info] Got 3 sessions for ...
2025-06-29 18:52:48.262 [info] Getting sessions for all scopes...
2025-06-29 18:52:48.262 [info] Got 3 sessions for ...
2025-06-29 18:52:48.262 [info] Getting sessions for all scopes...
2025-06-29 18:52:48.262 [info] Got 3 sessions for ...
2025-06-29 18:52:48.262 [info] Getting sessions for all scopes...
2025-06-29 18:52:48.262 [info] Got 3 sessions for ...
2025-06-29 18:52:52.503 [info] Getting sessions for user:email...
2025-06-29 18:52:52.503 [info] Got 1 sessions for user:email...
2025-06-29 18:52:52.547 [info] Getting sessions for all scopes...
2025-06-29 18:52:52.547 [info] Got 3 sessions for ...
2025-06-29 18:52:52.573 [info] Getting sessions for all scopes...
2025-06-29 18:52:52.573 [info] Got 3 sessions for ...
2025-06-29 18:52:53.363 [info] Getting sessions for read:user,repo,user:email...
2025-06-29 18:52:53.363 [info] Got 1 sessions for read:user,repo,user:email...
2025-06-29 18:52:53.378 [info] Getting sessions for all scopes...
2025-06-29 18:52:53.378 [info] Got 3 sessions for ...
2025-06-29 18:52:53.378 [info] Getting sessions for all scopes...
2025-06-29 18:52:53.378 [info] Got 3 sessions for ...
2025-06-29 18:52:53.456 [info] Getting sessions for all scopes...
2025-06-29 18:52:53.456 [info] Got 3 sessions for ...
2025-06-29 18:52:53.773 [info] Getting sessions for all scopes...
2025-06-29 18:52:53.773 [info] Got 3 sessions for ...
2025-06-29 18:52:53.774 [info] Getting sessions for read:user,repo,user:email,workflow...
2025-06-29 18:52:53.774 [info] Got 1 sessions for read:user,repo,user:email,workflow...
2025-06-29 18:52:53.810 [info] Getting sessions for read:user,repo,user:email,workflow...
2025-06-29 18:52:53.810 [info] Got 1 sessions for read:user,repo,user:email,workflow...
2025-06-29 18:52:54.411 [info] Getting sessions for all scopes...
2025-06-29 18:52:54.411 [info] Got 3 sessions for ...
2025-06-29 18:52:55.159 [info] Getting sessions for read:user,repo,user:email,workflow...
2025-06-29 18:52:55.159 [info] Got 1 sessions for read:user,repo,user:email,workflow...
2025-06-29 18:52:55.189 [info] Getting sessions for all scopes...
2025-06-29 18:52:55.189 [info] Got 3 sessions for ...
2025-06-29 18:52:55.191 [info] Getting sessions for read:user,repo,user:email,workflow...
2025-06-29 18:52:55.191 [info] Got 1 sessions for read:user,repo,user:email,workflow...
2025-06-29 18:52:56.302 [info] Getting sessions for all scopes...
2025-06-29 18:52:56.302 [info] Got 3 sessions for ...
2025-06-29 18:52:56.302 [info] Getting sessions for all scopes...
2025-06-29 18:52:56.302 [info] Got 3 sessions for ...
2025-06-29 18:52:56.311 [info] Getting sessions for read:user,repo,user:email,workflow...
2025-06-29 18:52:56.311 [info] Got 1 sessions for read:user,repo,user:email,workflow...
2025-06-29 18:52:56.312 [info] Getting sessions for all scopes...
2025-06-29 18:52:56.312 [info] Got 3 sessions for ...
2025-06-29 18:52:56.313 [info] Getting sessions for read:user,repo,user:email,workflow...
2025-06-29 18:52:56.313 [info] Got 1 sessions for read:user,repo,user:email,workflow...
2025-06-29 18:52:56.373 [info] Getting sessions for all scopes...
2025-06-29 18:52:56.373 [info] Got 3 sessions for ...
2025-06-29 18:52:56.376 [info] Getting sessions for read:user,repo,user:email,workflow...
2025-06-29 18:52:56.376 [info] Got 1 sessions for read:user,repo,user:email,workflow...
2025-06-29 18:52:56.378 [info] Getting sessions for all scopes...
2025-06-29 18:52:56.378 [info] Got 3 sessions for ...
2025-06-29 18:52:56.379 [info] Getting sessions for all scopes...
2025-06-29 18:52:56.379 [info] Got 3 sessions for ...
2025-06-29 18:52:58.148 [info] Getting sessions for all scopes...
2025-06-29 18:52:58.148 [info] Got 3 sessions for ...
2025-06-29 18:52:58.150 [info] Getting sessions for read:user,repo,user:email,workflow...
2025-06-29 18:52:58.150 [info] Got 1 sessions for read:user,repo,user:email,workflow...
