2025-06-29 18:52:53.914 [info] [2025-06-29 13:22:53.342] [        285ms] [/home/ero/.config] git rev-parse --show-toplevel • FAILED
2025-06-29 18:52:53.914 [info] 
Error: fatal: not a git repository (or any parent up to mount point /)
Stopping at filesystem boundary (GIT_DISCOVERY_ACROSS_FILESYSTEM not set).

2025-06-29 18:52:55.328 [info] [2025-06-29 13:22:55.328] [         42ms] [/home/ero/.config/hypr] git rev-parse --show-toplevel • FAILED
2025-06-29 18:52:55.328 [info] 
Error: fatal: not a git repository (or any parent up to mount point /)
Stopping at filesystem boundary (GIT_DISCOVERY_ACROSS_FILESYSTEM not set).

2025-06-29 18:52:55.347 [info] [2025-06-29 13:22:55.347] [         39ms] [/home/ero/.config/waybar] git rev-parse --show-toplevel • FAILED
2025-06-29 18:52:55.347 [info] 
Error: fatal: not a git repository (or any parent up to mount point /)
Stopping at filesystem boundary (GIT_DISCOVERY_ACROSS_FILESYSTEM not set).

2025-06-29 18:53:00.512 [info] [2025-06-29 13:23:00.511] [         37ms] [/home/ero/.config/discord/0.0.99/modules/discord_game_utils] git rev-parse --show-toplevel • FAILED
2025-06-29 18:53:00.512 [info] 
Error: fatal: not a git repository (or any parent up to mount point /)
Stopping at filesystem boundary (GIT_DISCOVERY_ACROSS_FILESYSTEM not set).

2025-06-29 18:53:00.552 [info] [2025-06-29 13:23:00.552] [         39ms] [/home/ero/.config/discord/0.0.99/modules/discord_spellcheck] git rev-parse --show-toplevel • FAILED
2025-06-29 18:53:00.552 [info] 
Error: fatal: not a git repository (or any parent up to mount point /)
Stopping at filesystem boundary (GIT_DISCOVERY_ACROSS_FILESYSTEM not set).

2025-06-29 18:53:00.593 [info] [2025-06-29 13:23:00.593] [         39ms] [/home/ero/.config/discord/0.0.99/modules/discord_utils] git rev-parse --show-toplevel • FAILED
2025-06-29 18:53:00.593 [info] 
Error: fatal: not a git repository (or any parent up to mount point /)
Stopping at filesystem boundary (GIT_DISCOVERY_ACROSS_FILESYSTEM not set).

2025-06-29 18:53:00.634 [info] [2025-06-29 13:23:00.634] [         39ms] [/home/ero/.config/discord/0.0.99/modules/discord_zstd] git rev-parse --show-toplevel • FAILED
2025-06-29 18:53:00.634 [info] 
Error: fatal: not a git repository (or any parent up to mount point /)
Stopping at filesystem boundary (GIT_DISCOVERY_ACROSS_FILESYSTEM not set).

2025-06-29 18:53:00.674 [info] [2025-06-29 13:23:00.674] [         39ms] [/home/ero/.config/discord/0.0.99/modules/discord_rpc] git rev-parse --show-toplevel • FAILED
2025-06-29 18:53:00.674 [info] 
Error: fatal: not a git repository (or any parent up to mount point /)
Stopping at filesystem boundary (GIT_DISCOVERY_ACROSS_FILESYSTEM not set).

2025-06-29 18:53:00.714 [info] [2025-06-29 13:23:00.714] [         38ms] [/home/ero/.config/discord/0.0.99/modules/discord_krisp] git rev-parse --show-toplevel • FAILED
2025-06-29 18:53:00.714 [info] 
Error: fatal: not a git repository (or any parent up to mount point /)
Stopping at filesystem boundary (GIT_DISCOVERY_ACROSS_FILESYSTEM not set).

2025-06-29 18:53:00.750 [info] [2025-06-29 13:23:00.750] [         34ms] [/home/ero/.config/discord/0.0.99/modules/discord_voice] git rev-parse --show-toplevel • FAILED
2025-06-29 18:53:00.750 [info] 
Error: fatal: not a git repository (or any parent up to mount point /)
Stopping at filesystem boundary (GIT_DISCOVERY_ACROSS_FILESYSTEM not set).

2025-06-29 18:53:00.792 [info] [2025-06-29 13:23:00.792] [         37ms] [/home/ero/.config/discord/0.0.99/modules/discord_erlpack] git rev-parse --show-toplevel • FAILED
2025-06-29 18:53:00.792 [info] 
Error: fatal: not a git repository (or any parent up to mount point /)
Stopping at filesystem boundary (GIT_DISCOVERY_ACROSS_FILESYSTEM not set).

2025-06-29 18:53:00.827 [info] [2025-06-29 13:23:00.827] [         33ms] [/home/ero/.config/discord/0.0.99/modules/discord_desktop_core] git rev-parse --show-toplevel • FAILED
2025-06-29 18:53:00.827 [info] 
Error: fatal: not a git repository (or any parent up to mount point /)
Stopping at filesystem boundary (GIT_DISCOVERY_ACROSS_FILESYSTEM not set).

