2025-06-29 23:17:57.585 [info] GitLens v17.2.1 activating in Visual Studio Code (1.100.3) on the desktop; language='en', logLevel='warn', defaultDateLocale='null' (18d4f8d818f9d98b575ae8d85c4ac2bcb8c22d35ed7d3d5be59bb712531d179c|367154f9-fc46-4812-bee3-ad91a282640e1751219268276)
To enable debug logging, set `"gitlens.outputLevel": "debug"` or run "GitLens: Enable Debug Logging" from the Command Palette
[2025-06-29 17:47:57.332] Warning(/usr/bin/git -c core.quotepath=false -c color.ui=false rev-parse --show-toplevel): fatal: not a git repository (or any parent up to mount point /)
Stopping at filesystem boundary (GIT_DISCOVERY_ACROSS_FILESYSTEM not set).

[2025-06-29 17:47:57.332] [GIT          ] [/home/ero/.config] git rev-parse --show-toplevel • not a git repository (or any parent up to mount point /) • Stopping at filesystem boundary (GIT_DISCOVERY_ACROSS_FILESYSTEM not set). [149ms]

2025-06-29 23:17:59.009 [info] [2025-06-29 17:47:58.867] [           10] GitCodeLensProvider.provideCodeLenses(TextDocument(jsonc, dirty=false, file:///home/ero/.config/fastfetch/config.jsonc)) Warning(/usr/bin/git -c core.quotepath=false -c color.ui=false rev-parse --show-toplevel): fatal: not a git repository (or any parent up to mount point /)
Stopping at filesystem boundary (GIT_DISCOVERY_ACROSS_FILESYSTEM not set).

[2025-06-29 17:47:58.867] [GIT          ] [/home/ero/.config/fastfetch] git rev-parse --show-toplevel • not a git repository (or any parent up to mount point /) • Stopping at filesystem boundary (GIT_DISCOVERY_ACROSS_FILESYSTEM not set). [43ms]

2025-06-29 23:18:01.609 [info] [2025-06-29 17:48:01.548] Warning(/usr/bin/git -c core.quotepath=false -c color.ui=false rev-parse --show-toplevel): fatal: not a git repository (or any parent up to mount point /)
Stopping at filesystem boundary (GIT_DISCOVERY_ACROSS_FILESYSTEM not set).

[2025-06-29 17:48:01.548] [GIT          ] [/home/ero/.config/hypr] git rev-parse --show-toplevel • not a git repository (or any parent up to mount point /) • Stopping at filesystem boundary (GIT_DISCOVERY_ACROSS_FILESYSTEM not set). [36ms]

2025-06-30 00:29:11.307 [info] [2025-06-29 18:59:10.806] Warning(/usr/bin/git -c core.quotepath=false -c color.ui=false rev-parse --show-toplevel): fatal: not a git repository (or any parent up to mount point /)
Stopping at filesystem boundary (GIT_DISCOVERY_ACROSS_FILESYSTEM not set).

[2025-06-29 18:59:10.807] [GIT          ] [/home/ero/.config/waybar] git rev-parse --show-toplevel • not a git repository (or any parent up to mount point /) • Stopping at filesystem boundary (GIT_DISCOVERY_ACROSS_FILESYSTEM not set). [54ms]

2025-06-30 00:29:12.930 [info] [2025-06-29 18:59:12.531] Warning(/usr/bin/git -c core.quotepath=false -c color.ui=false rev-parse --show-toplevel): fatal: not a git repository (or any parent up to mount point /)
Stopping at filesystem boundary (GIT_DISCOVERY_ACROSS_FILESYSTEM not set).

[2025-06-29 18:59:12.531] [GIT          ] [/home/ero/.config/waybar] git rev-parse --show-toplevel • not a git repository (or any parent up to mount point /) • Stopping at filesystem boundary (GIT_DISCOVERY_ACROSS_FILESYSTEM not set). [156ms]

2025-06-30 00:29:16.967 [info] [2025-06-29 18:59:16.904] Warning(/usr/bin/git -c core.quotepath=false -c color.ui=false rev-parse --show-toplevel): fatal: not a git repository (or any parent up to mount point /)
Stopping at filesystem boundary (GIT_DISCOVERY_ACROSS_FILESYSTEM not set).

[2025-06-29 18:59:16.905] [GIT          ] [/home/ero/.config/discord/0.0.99/modules/discord_game_utils] git rev-parse --show-toplevel • not a git repository (or any parent up to mount point /) • Stopping at filesystem boundary (GIT_DISCOVERY_ACROSS_FILESYSTEM not set). [55ms]

2025-06-30 00:29:17.467 [info] [2025-06-29 18:59:16.973] Warning(/usr/bin/git -c core.quotepath=false -c color.ui=false rev-parse --show-toplevel): fatal: not a git repository (or any parent up to mount point /)
Stopping at filesystem boundary (GIT_DISCOVERY_ACROSS_FILESYSTEM not set).

[2025-06-29 18:59:16.973] [GIT          ] [/home/ero/.config/discord/0.0.99/modules/discord_spellcheck] git rev-parse --show-toplevel • not a git repository (or any parent up to mount point /) • Stopping at filesystem boundary (GIT_DISCOVERY_ACROSS_FILESYSTEM not set). [56ms]
[2025-06-29 18:59:17.028] Warning(/usr/bin/git -c core.quotepath=false -c color.ui=false rev-parse --show-toplevel): fatal: not a git repository (or any parent up to mount point /)
Stopping at filesystem boundary (GIT_DISCOVERY_ACROSS_FILESYSTEM not set).

[2025-06-29 18:59:17.028] [GIT          ] [/home/ero/.config/discord/0.0.99/modules/discord_utils] git rev-parse --show-toplevel • not a git repository (or any parent up to mount point /) • Stopping at filesystem boundary (GIT_DISCOVERY_ACROSS_FILESYSTEM not set). [53ms]
[2025-06-29 18:59:17.089] Warning(/usr/bin/git -c core.quotepath=false -c color.ui=false rev-parse --show-toplevel): fatal: not a git repository (or any parent up to mount point /)
Stopping at filesystem boundary (GIT_DISCOVERY_ACROSS_FILESYSTEM not set).

[2025-06-29 18:59:17.089] [GIT          ] [/home/ero/.config/discord/0.0.99/modules/discord_zstd] git rev-parse --show-toplevel • not a git repository (or any parent up to mount point /) • Stopping at filesystem boundary (GIT_DISCOVERY_ACROSS_FILESYSTEM not set). [59ms]
[2025-06-29 18:59:17.145] Warning(/usr/bin/git -c core.quotepath=false -c color.ui=false rev-parse --show-toplevel): fatal: not a git repository (or any parent up to mount point /)
Stopping at filesystem boundary (GIT_DISCOVERY_ACROSS_FILESYSTEM not set).

[2025-06-29 18:59:17.145] [GIT          ] [/home/ero/.config/discord/0.0.99/modules/discord_rpc] git rev-parse --show-toplevel • not a git repository (or any parent up to mount point /) • Stopping at filesystem boundary (GIT_DISCOVERY_ACROSS_FILESYSTEM not set). [55ms]
[2025-06-29 18:59:17.199] Warning(/usr/bin/git -c core.quotepath=false -c color.ui=false rev-parse --show-toplevel): fatal: not a git repository (or any parent up to mount point /)
Stopping at filesystem boundary (GIT_DISCOVERY_ACROSS_FILESYSTEM not set).

[2025-06-29 18:59:17.199] [GIT          ] [/home/ero/.config/discord/0.0.99/modules/discord_krisp] git rev-parse --show-toplevel • not a git repository (or any parent up to mount point /) • Stopping at filesystem boundary (GIT_DISCOVERY_ACROSS_FILESYSTEM not set). [52ms]
[2025-06-29 18:59:17.293] Warning(/usr/bin/git -c core.quotepath=false -c color.ui=false rev-parse --show-toplevel): fatal: not a git repository (or any parent up to mount point /)
Stopping at filesystem boundary (GIT_DISCOVERY_ACROSS_FILESYSTEM not set).

[2025-06-29 18:59:17.294] [GIT          ] [/home/ero/.config/discord/0.0.99/modules/discord_voice] git rev-parse --show-toplevel • not a git repository (or any parent up to mount point /) • Stopping at filesystem boundary (GIT_DISCOVERY_ACROSS_FILESYSTEM not set). [93ms]
[2025-06-29 18:59:17.343] Warning(/usr/bin/git -c core.quotepath=false -c color.ui=false rev-parse --show-toplevel): fatal: not a git repository (or any parent up to mount point /)
Stopping at filesystem boundary (GIT_DISCOVERY_ACROSS_FILESYSTEM not set).

[2025-06-29 18:59:17.344] [GIT          ] [/home/ero/.config/discord/0.0.99/modules/discord_erlpack] git rev-parse --show-toplevel • not a git repository (or any parent up to mount point /) • Stopping at filesystem boundary (GIT_DISCOVERY_ACROSS_FILESYSTEM not set). [43ms]
[2025-06-29 18:59:17.381] Warning(/usr/bin/git -c core.quotepath=false -c color.ui=false rev-parse --show-toplevel): fatal: not a git repository (or any parent up to mount point /)
Stopping at filesystem boundary (GIT_DISCOVERY_ACROSS_FILESYSTEM not set).

[2025-06-29 18:59:17.381] [GIT          ] [/home/ero/.config/discord/0.0.99/modules/discord_desktop_core] git rev-parse --show-toplevel • not a git repository (or any parent up to mount point /) • Stopping at filesystem boundary (GIT_DISCOVERY_ACROSS_FILESYSTEM not set). [36ms]

2025-06-30 00:29:54.669 [info] [2025-06-29 18:59:54.168] Warning(/usr/bin/git -c core.quotepath=false -c color.ui=false rev-parse --show-toplevel): fatal: not a git repository (or any parent up to mount point /)
Stopping at filesystem boundary (GIT_DISCOVERY_ACROSS_FILESYSTEM not set).

[2025-06-29 18:59:54.168] [GIT          ] [/home/ero/.config/waybar] git rev-parse --show-toplevel • not a git repository (or any parent up to mount point /) • Stopping at filesystem boundary (GIT_DISCOVERY_ACROSS_FILESYSTEM not set). [49ms]

2025-06-30 00:30:53.099 [info] [2025-06-29 19:00:52.598] Warning(/usr/bin/git -c core.quotepath=false -c color.ui=false rev-parse --show-toplevel): fatal: not a git repository (or any parent up to mount point /)
Stopping at filesystem boundary (GIT_DISCOVERY_ACROSS_FILESYSTEM not set).

[2025-06-29 19:00:52.598] [GIT          ] [/home/ero/.config/waybar] git rev-parse --show-toplevel • not a git repository (or any parent up to mount point /) • Stopping at filesystem boundary (GIT_DISCOVERY_ACROSS_FILESYSTEM not set). [53ms]

