2025-06-29 23:17:57.588 [info] [2025-06-29 17:47:57.332] [        149ms] [/home/ero/.config] git rev-parse --show-toplevel • FAILED
2025-06-29 23:17:57.588 [info] 
Error: fatal: not a git repository (or any parent up to mount point /)
Stopping at filesystem boundary (GIT_DISCOVERY_ACROSS_FILESYSTEM not set).

2025-06-29 23:17:58.867 [info] [2025-06-29 17:47:58.867] [         43ms] [/home/ero/.config/fastfetch] git rev-parse --show-toplevel • FAILED
2025-06-29 23:17:58.867 [info] 
Error: fatal: not a git repository (or any parent up to mount point /)
Stopping at filesystem boundary (GIT_DISCOVERY_ACROSS_FILESYSTEM not set).

2025-06-29 23:18:01.548 [info] [2025-06-29 17:48:01.548] [         36ms] [/home/ero/.config/hypr] git rev-parse --show-toplevel • FAILED
2025-06-29 23:18:01.549 [info] 
Error: fatal: not a git repository (or any parent up to mount point /)
Stopping at filesystem boundary (GIT_DISCOVERY_ACROSS_FILESYSTEM not set).

2025-06-30 00:29:10.808 [info] [2025-06-29 18:59:10.808] [         54ms] [/home/ero/.config/waybar] git rev-parse --show-toplevel • FAILED
2025-06-30 00:29:10.808 [info] 
Error: fatal: not a git repository (or any parent up to mount point /)
Stopping at filesystem boundary (GIT_DISCOVERY_ACROSS_FILESYSTEM not set).

2025-06-30 00:29:12.531 [info] [2025-06-29 18:59:12.531] [        156ms] [/home/ero/.config/waybar] git rev-parse --show-toplevel • FAILED
2025-06-30 00:29:12.531 [info] 
Error: fatal: not a git repository (or any parent up to mount point /)
Stopping at filesystem boundary (GIT_DISCOVERY_ACROSS_FILESYSTEM not set).

2025-06-30 00:29:16.905 [info] [2025-06-29 18:59:16.905] [         55ms] [/home/ero/.config/discord/0.0.99/modules/discord_game_utils] git rev-parse --show-toplevel • FAILED
2025-06-30 00:29:16.905 [info] 
Error: fatal: not a git repository (or any parent up to mount point /)
Stopping at filesystem boundary (GIT_DISCOVERY_ACROSS_FILESYSTEM not set).

2025-06-30 00:29:16.974 [info] [2025-06-29 18:59:16.973] [         56ms] [/home/ero/.config/discord/0.0.99/modules/discord_spellcheck] git rev-parse --show-toplevel • FAILED
2025-06-30 00:29:16.974 [info] 
Error: fatal: not a git repository (or any parent up to mount point /)
Stopping at filesystem boundary (GIT_DISCOVERY_ACROSS_FILESYSTEM not set).

2025-06-30 00:29:17.028 [info] [2025-06-29 18:59:17.028] [         53ms] [/home/ero/.config/discord/0.0.99/modules/discord_utils] git rev-parse --show-toplevel • FAILED
2025-06-30 00:29:17.028 [info] 
Error: fatal: not a git repository (or any parent up to mount point /)
Stopping at filesystem boundary (GIT_DISCOVERY_ACROSS_FILESYSTEM not set).

2025-06-30 00:29:17.089 [info] [2025-06-29 18:59:17.089] [         59ms] [/home/ero/.config/discord/0.0.99/modules/discord_zstd] git rev-parse --show-toplevel • FAILED
2025-06-30 00:29:17.089 [info] 
Error: fatal: not a git repository (or any parent up to mount point /)
Stopping at filesystem boundary (GIT_DISCOVERY_ACROSS_FILESYSTEM not set).

2025-06-30 00:29:17.146 [info] [2025-06-29 18:59:17.145] [         55ms] [/home/ero/.config/discord/0.0.99/modules/discord_rpc] git rev-parse --show-toplevel • FAILED
2025-06-30 00:29:17.146 [info] 
Error: fatal: not a git repository (or any parent up to mount point /)
Stopping at filesystem boundary (GIT_DISCOVERY_ACROSS_FILESYSTEM not set).

2025-06-30 00:29:17.199 [info] [2025-06-29 18:59:17.199] [         52ms] [/home/ero/.config/discord/0.0.99/modules/discord_krisp] git rev-parse --show-toplevel • FAILED
2025-06-30 00:29:17.199 [info] 
Error: fatal: not a git repository (or any parent up to mount point /)
Stopping at filesystem boundary (GIT_DISCOVERY_ACROSS_FILESYSTEM not set).

2025-06-30 00:29:17.294 [info] [2025-06-29 18:59:17.294] [         93ms] [/home/ero/.config/discord/0.0.99/modules/discord_voice] git rev-parse --show-toplevel • FAILED
2025-06-30 00:29:17.294 [info] 
Error: fatal: not a git repository (or any parent up to mount point /)
Stopping at filesystem boundary (GIT_DISCOVERY_ACROSS_FILESYSTEM not set).

2025-06-30 00:29:17.344 [info] [2025-06-29 18:59:17.344] [         43ms] [/home/ero/.config/discord/0.0.99/modules/discord_erlpack] git rev-parse --show-toplevel • FAILED
2025-06-30 00:29:17.344 [info] 
Error: fatal: not a git repository (or any parent up to mount point /)
Stopping at filesystem boundary (GIT_DISCOVERY_ACROSS_FILESYSTEM not set).

2025-06-30 00:29:17.381 [info] [2025-06-29 18:59:17.381] [         36ms] [/home/ero/.config/discord/0.0.99/modules/discord_desktop_core] git rev-parse --show-toplevel • FAILED
2025-06-30 00:29:17.381 [info] 
Error: fatal: not a git repository (or any parent up to mount point /)
Stopping at filesystem boundary (GIT_DISCOVERY_ACROSS_FILESYSTEM not set).

2025-06-30 00:29:54.168 [info] [2025-06-29 18:59:54.168] [         49ms] [/home/ero/.config/waybar] git rev-parse --show-toplevel • FAILED
2025-06-30 00:29:54.169 [info] 
Error: fatal: not a git repository (or any parent up to mount point /)
Stopping at filesystem boundary (GIT_DISCOVERY_ACROSS_FILESYSTEM not set).

2025-06-30 00:30:52.598 [info] [2025-06-29 19:00:52.598] [         53ms] [/home/ero/.config/waybar] git rev-parse --show-toplevel • FAILED
2025-06-30 00:30:52.598 [info] 
Error: fatal: not a git repository (or any parent up to mount point /)
Stopping at filesystem boundary (GIT_DISCOVERY_ACROSS_FILESYSTEM not set).

