2025-06-30 00:33:12.661 [info] [main] Log level: Info
2025-06-30 00:33:12.661 [info] [main] Validating found git in: "git"
2025-06-30 00:33:12.661 [info] [main] Using git "2.49.0" from "git"
2025-06-30 00:33:12.661 [info] [Model][doInitialScan] Initial repository scan started
2025-06-30 00:33:12.661 [info] > git rev-parse --show-toplevel [15ms]
2025-06-30 00:33:12.661 [info] fatal: not a git repository (or any parent up to mount point /)
Stopping at filesystem boundary (GIT_DISCOVERY_ACROSS_FILESYSTEM not set).
2025-06-30 00:33:12.661 [info] > git rev-parse --show-toplevel [3ms]
2025-06-30 00:33:12.661 [info] fatal: not a git repository (or any parent up to mount point /)
Stopping at filesystem boundary (GIT_DISCOVERY_ACROSS_FILESYSTEM not set).
2025-06-30 00:33:12.679 [info] > git rev-parse --show-toplevel [2ms]
2025-06-30 00:33:12.679 [info] fatal: not a git repository (or any parent up to mount point /)
Stopping at filesystem boundary (GIT_DISCOVERY_ACROSS_FILESYSTEM not set).
2025-06-30 00:33:12.689 [info] > git rev-parse --show-toplevel [2ms]
2025-06-30 00:33:12.689 [info] fatal: not a git repository (or any parent up to mount point /)
Stopping at filesystem boundary (GIT_DISCOVERY_ACROSS_FILESYSTEM not set).
2025-06-30 00:33:12.700 [info] > git rev-parse --show-toplevel [2ms]
2025-06-30 00:33:12.700 [info] fatal: not a git repository (or any parent up to mount point /)
Stopping at filesystem boundary (GIT_DISCOVERY_ACROSS_FILESYSTEM not set).
2025-06-30 00:33:16.987 [info] > git rev-parse --show-toplevel [481ms]
2025-06-30 00:33:16.987 [info] fatal: not a git repository (or any parent up to mount point /)
Stopping at filesystem boundary (GIT_DISCOVERY_ACROSS_FILESYSTEM not set).
2025-06-30 00:33:17.507 [info] > git rev-parse --show-toplevel [195ms]
2025-06-30 00:33:17.507 [info] fatal: not a git repository (or any parent up to mount point /)
Stopping at filesystem boundary (GIT_DISCOVERY_ACROSS_FILESYSTEM not set).
2025-06-30 00:33:17.747 [info] > git rev-parse --show-toplevel [33ms]
2025-06-30 00:33:17.747 [info] fatal: not a git repository (or any parent up to mount point /)
Stopping at filesystem boundary (GIT_DISCOVERY_ACROSS_FILESYSTEM not set).
2025-06-30 00:33:17.854 [info] > git rev-parse --show-toplevel [53ms]
2025-06-30 00:33:17.854 [info] fatal: not a git repository (or any parent up to mount point /)
Stopping at filesystem boundary (GIT_DISCOVERY_ACROSS_FILESYSTEM not set).
2025-06-30 00:33:17.969 [info] > git rev-parse --show-toplevel [28ms]
2025-06-30 00:33:17.969 [info] fatal: not a git repository (or any parent up to mount point /)
Stopping at filesystem boundary (GIT_DISCOVERY_ACROSS_FILESYSTEM not set).
2025-06-30 00:33:18.395 [info] > git rev-parse --show-toplevel [369ms]
2025-06-30 00:33:18.395 [info] fatal: not a git repository (or any parent up to mount point /)
Stopping at filesystem boundary (GIT_DISCOVERY_ACROSS_FILESYSTEM not set).
2025-06-30 00:33:18.499 [info] > git rev-parse --show-toplevel [37ms]
2025-06-30 00:33:18.499 [info] fatal: not a git repository (or any parent up to mount point /)
Stopping at filesystem boundary (GIT_DISCOVERY_ACROSS_FILESYSTEM not set).
2025-06-30 00:33:19.154 [info] > git rev-parse --show-toplevel [40ms]
2025-06-30 00:33:19.154 [info] fatal: not a git repository (or any parent up to mount point /)
Stopping at filesystem boundary (GIT_DISCOVERY_ACROSS_FILESYSTEM not set).
2025-06-30 00:33:19.240 [info] > git rev-parse --show-toplevel [42ms]
2025-06-30 00:33:19.240 [info] fatal: not a git repository (or any parent up to mount point /)
Stopping at filesystem boundary (GIT_DISCOVERY_ACROSS_FILESYSTEM not set).
2025-06-30 00:33:19.269 [info] > git rev-parse --show-toplevel [3ms]
2025-06-30 00:33:19.269 [info] fatal: not a git repository (or any parent up to mount point /)
Stopping at filesystem boundary (GIT_DISCOVERY_ACROSS_FILESYSTEM not set).
2025-06-30 00:33:19.292 [info] > git rev-parse --show-toplevel [4ms]
2025-06-30 00:33:19.292 [info] fatal: not a git repository (or any parent up to mount point /)
Stopping at filesystem boundary (GIT_DISCOVERY_ACROSS_FILESYSTEM not set).
2025-06-30 00:33:19.310 [info] > git rev-parse --show-toplevel [1ms]
2025-06-30 00:33:19.310 [info] fatal: not a git repository (or any parent up to mount point /)
Stopping at filesystem boundary (GIT_DISCOVERY_ACROSS_FILESYSTEM not set).
2025-06-30 00:33:19.331 [info] > git rev-parse --show-toplevel [4ms]
2025-06-30 00:33:19.331 [info] fatal: not a git repository (or any parent up to mount point /)
Stopping at filesystem boundary (GIT_DISCOVERY_ACROSS_FILESYSTEM not set).
2025-06-30 00:33:19.355 [info] > git rev-parse --show-toplevel [4ms]
2025-06-30 00:33:19.355 [info] fatal: not a git repository (or any parent up to mount point /)
Stopping at filesystem boundary (GIT_DISCOVERY_ACROSS_FILESYSTEM not set).
2025-06-30 00:33:19.402 [info] > git rev-parse --show-toplevel [26ms]
2025-06-30 00:33:19.402 [info] fatal: not a git repository (or any parent up to mount point /)
Stopping at filesystem boundary (GIT_DISCOVERY_ACROSS_FILESYSTEM not set).
2025-06-30 00:33:19.434 [info] > git rev-parse --show-toplevel [8ms]
2025-06-30 00:33:19.434 [info] fatal: not a git repository (or any parent up to mount point /)
Stopping at filesystem boundary (GIT_DISCOVERY_ACROSS_FILESYSTEM not set).
2025-06-30 00:33:19.457 [info] > git rev-parse --show-toplevel [3ms]
2025-06-30 00:33:19.457 [info] fatal: not a git repository (or any parent up to mount point /)
Stopping at filesystem boundary (GIT_DISCOVERY_ACROSS_FILESYSTEM not set).
2025-06-30 00:33:19.500 [info] > git rev-parse --show-toplevel [24ms]
2025-06-30 00:33:19.500 [info] fatal: not a git repository (or any parent up to mount point /)
Stopping at filesystem boundary (GIT_DISCOVERY_ACROSS_FILESYSTEM not set).
2025-06-30 00:33:19.520 [info] > git rev-parse --show-toplevel [1ms]
2025-06-30 00:33:19.520 [info] fatal: not a git repository (or any parent up to mount point /)
Stopping at filesystem boundary (GIT_DISCOVERY_ACROSS_FILESYSTEM not set).
2025-06-30 00:33:19.543 [info] > git rev-parse --show-toplevel [4ms]
2025-06-30 00:33:19.543 [info] fatal: not a git repository (or any parent up to mount point /)
Stopping at filesystem boundary (GIT_DISCOVERY_ACROSS_FILESYSTEM not set).
2025-06-30 00:33:19.566 [info] > git rev-parse --show-toplevel [4ms]
2025-06-30 00:33:19.566 [info] fatal: not a git repository (or any parent up to mount point /)
Stopping at filesystem boundary (GIT_DISCOVERY_ACROSS_FILESYSTEM not set).
2025-06-30 00:33:19.587 [info] > git rev-parse --show-toplevel [2ms]
2025-06-30 00:33:19.587 [info] fatal: not a git repository (or any parent up to mount point /)
Stopping at filesystem boundary (GIT_DISCOVERY_ACROSS_FILESYSTEM not set).
2025-06-30 00:33:19.607 [info] > git rev-parse --show-toplevel [1ms]
2025-06-30 00:33:19.607 [info] fatal: not a git repository (or any parent up to mount point /)
Stopping at filesystem boundary (GIT_DISCOVERY_ACROSS_FILESYSTEM not set).
2025-06-30 00:33:19.629 [info] > git rev-parse --show-toplevel [2ms]
2025-06-30 00:33:19.630 [info] fatal: not a git repository (or any parent up to mount point /)
Stopping at filesystem boundary (GIT_DISCOVERY_ACROSS_FILESYSTEM not set).
2025-06-30 00:33:19.653 [info] > git rev-parse --show-toplevel [1ms]
2025-06-30 00:33:19.653 [info] fatal: not a git repository (or any parent up to mount point /)
Stopping at filesystem boundary (GIT_DISCOVERY_ACROSS_FILESYSTEM not set).
2025-06-30 00:33:19.674 [info] > git rev-parse --show-toplevel [1ms]
2025-06-30 00:33:19.674 [info] fatal: not a git repository (or any parent up to mount point /)
Stopping at filesystem boundary (GIT_DISCOVERY_ACROSS_FILESYSTEM not set).
2025-06-30 00:33:19.694 [info] > git rev-parse --show-toplevel [1ms]
2025-06-30 00:33:19.694 [info] fatal: not a git repository (or any parent up to mount point /)
Stopping at filesystem boundary (GIT_DISCOVERY_ACROSS_FILESYSTEM not set).
2025-06-30 00:33:19.725 [info] > git rev-parse --show-toplevel [3ms]
2025-06-30 00:33:19.725 [info] fatal: not a git repository (or any parent up to mount point /)
Stopping at filesystem boundary (GIT_DISCOVERY_ACROSS_FILESYSTEM not set).
2025-06-30 00:33:19.746 [info] > git rev-parse --show-toplevel [2ms]
2025-06-30 00:33:19.746 [info] fatal: not a git repository (or any parent up to mount point /)
Stopping at filesystem boundary (GIT_DISCOVERY_ACROSS_FILESYSTEM not set).
2025-06-30 00:33:19.769 [info] > git rev-parse --show-toplevel [2ms]
2025-06-30 00:33:19.769 [info] fatal: not a git repository (or any parent up to mount point /)
Stopping at filesystem boundary (GIT_DISCOVERY_ACROSS_FILESYSTEM not set).
2025-06-30 00:33:19.791 [info] > git rev-parse --show-toplevel [3ms]
2025-06-30 00:33:19.791 [info] fatal: not a git repository (or any parent up to mount point /)
Stopping at filesystem boundary (GIT_DISCOVERY_ACROSS_FILESYSTEM not set).
2025-06-30 00:33:19.811 [info] > git rev-parse --show-toplevel [3ms]
2025-06-30 00:33:19.811 [info] fatal: not a git repository (or any parent up to mount point /)
Stopping at filesystem boundary (GIT_DISCOVERY_ACROSS_FILESYSTEM not set).
2025-06-30 00:33:19.813 [info] [Model][doInitialScan] Initial repository scan completed - repositories (0), closed repositories (0), parent repositories (0), unsafe repositories (0)
2025-06-30 00:33:19.835 [info] > git rev-parse --show-toplevel [2ms]
2025-06-30 00:33:19.835 [info] fatal: not a git repository (or any parent up to mount point /)
Stopping at filesystem boundary (GIT_DISCOVERY_ACROSS_FILESYSTEM not set).
2025-06-30 00:33:19.859 [info] > git rev-parse --show-toplevel [2ms]
2025-06-30 00:33:19.860 [info] fatal: not a git repository (or any parent up to mount point /)
Stopping at filesystem boundary (GIT_DISCOVERY_ACROSS_FILESYSTEM not set).
2025-06-30 00:33:19.923 [info] > git rev-parse --show-toplevel [44ms]
2025-06-30 00:33:19.923 [info] fatal: not a git repository (or any parent up to mount point /)
Stopping at filesystem boundary (GIT_DISCOVERY_ACROSS_FILESYSTEM not set).
2025-06-30 00:33:19.945 [info] > git rev-parse --show-toplevel [2ms]
2025-06-30 00:33:19.945 [info] fatal: not a git repository (or any parent up to mount point /)
Stopping at filesystem boundary (GIT_DISCOVERY_ACROSS_FILESYSTEM not set).
