2025-06-29 18:45:45.037 [info] Reading sessions from keychain...
2025-06-29 18:45:45.037 [info] Getting sessions for all scopes...
2025-06-29 18:45:45.037 [info] Getting sessions for all scopes...
2025-06-29 18:45:45.047 [info] Getting sessions for all scopes...
2025-06-29 18:45:45.047 [info] Getting sessions for all scopes...
2025-06-29 18:45:45.048 [info] Getting sessions for all scopes...
2025-06-29 18:45:45.048 [info] Getting sessions for all scopes...
2025-06-29 18:45:45.048 [info] Getting sessions for all scopes...
2025-06-29 18:45:45.155 [info] Got stored sessions!
2025-06-29 18:45:45.155 [info] Got 3 verified sessions.
2025-06-29 18:45:45.155 [info] Got 3 sessions for ...
2025-06-29 18:45:45.155 [info] Got 3 sessions for ...
2025-06-29 18:45:45.155 [info] Got 3 sessions for ...
2025-06-29 18:45:45.155 [info] Got 3 sessions for ...
2025-06-29 18:45:45.155 [info] Got 3 sessions for ...
2025-06-29 18:45:45.155 [info] Got 3 sessions for ...
2025-06-29 18:45:45.155 [info] Got 3 sessions for ...
2025-06-29 18:45:45.309 [info] Getting sessions for all scopes...
2025-06-29 18:45:45.309 [info] Got 3 sessions for ...
2025-06-29 18:45:45.310 [info] Getting sessions for all scopes...
2025-06-29 18:45:45.310 [info] Got 3 sessions for ...
2025-06-29 18:45:45.310 [info] Getting sessions for all scopes...
2025-06-29 18:45:45.310 [info] Got 3 sessions for ...
2025-06-29 18:45:45.310 [info] Getting sessions for all scopes...
2025-06-29 18:45:45.310 [info] Got 3 sessions for ...
2025-06-29 18:45:45.310 [info] Getting sessions for all scopes...
2025-06-29 18:45:45.310 [info] Got 3 sessions for ...
2025-06-29 18:45:45.311 [info] Getting sessions for all scopes...
2025-06-29 18:45:45.311 [info] Got 3 sessions for ...
2025-06-29 18:45:45.369 [info] Getting sessions for all scopes...
2025-06-29 18:45:45.369 [info] Got 3 sessions for ...
2025-06-29 18:45:50.864 [info] Getting sessions for user:email...
2025-06-29 18:45:50.864 [info] Got 1 sessions for user:email...
2025-06-29 18:45:50.878 [info] Getting sessions for all scopes...
2025-06-29 18:45:50.878 [info] Got 3 sessions for ...
2025-06-29 18:45:51.074 [info] Getting sessions for all scopes...
2025-06-29 18:45:51.074 [info] Got 3 sessions for ...
2025-06-29 18:45:51.399 [info] Getting sessions for read:user,repo,user:email...
2025-06-29 18:45:51.399 [info] Got 1 sessions for read:user,repo,user:email...
2025-06-29 18:45:51.400 [info] Getting sessions for all scopes...
2025-06-29 18:45:51.400 [info] Got 3 sessions for ...
2025-06-29 18:45:51.400 [info] Getting sessions for all scopes...
2025-06-29 18:45:51.400 [info] Got 3 sessions for ...
2025-06-29 18:45:51.460 [info] Getting sessions for all scopes...
2025-06-29 18:45:51.460 [info] Got 3 sessions for ...
2025-06-29 18:45:51.636 [info] Getting sessions for all scopes...
2025-06-29 18:45:51.636 [info] Got 3 sessions for ...
2025-06-29 18:45:51.636 [info] Getting sessions for read:user,repo,user:email,workflow...
2025-06-29 18:45:51.636 [info] Got 1 sessions for read:user,repo,user:email,workflow...
2025-06-29 18:45:51.701 [info] Getting sessions for read:user,repo,user:email,workflow...
2025-06-29 18:45:51.701 [info] Got 1 sessions for read:user,repo,user:email,workflow...
2025-06-29 18:45:52.140 [info] Getting sessions for all scopes...
2025-06-29 18:45:52.140 [info] Got 3 sessions for ...
2025-06-29 18:45:52.875 [info] Getting sessions for read:user,repo,user:email,workflow...
2025-06-29 18:45:52.875 [info] Got 1 sessions for read:user,repo,user:email,workflow...
2025-06-29 18:45:52.952 [info] Getting sessions for all scopes...
2025-06-29 18:45:52.952 [info] Got 3 sessions for ...
2025-06-29 18:45:52.973 [info] Getting sessions for read:user,repo,user:email,workflow...
2025-06-29 18:45:52.973 [info] Got 1 sessions for read:user,repo,user:email,workflow...
2025-06-29 18:45:54.117 [info] Getting sessions for all scopes...
2025-06-29 18:45:54.117 [info] Got 3 sessions for ...
2025-06-29 18:45:54.118 [info] Getting sessions for all scopes...
2025-06-29 18:45:54.118 [info] Got 3 sessions for ...
2025-06-29 18:45:54.125 [info] Getting sessions for read:user,repo,user:email,workflow...
2025-06-29 18:45:54.125 [info] Got 1 sessions for read:user,repo,user:email,workflow...
2025-06-29 18:45:54.128 [info] Getting sessions for all scopes...
2025-06-29 18:45:54.128 [info] Got 3 sessions for ...
2025-06-29 18:45:54.129 [info] Getting sessions for read:user,repo,user:email,workflow...
2025-06-29 18:45:54.129 [info] Got 1 sessions for read:user,repo,user:email,workflow...
2025-06-29 18:45:54.184 [info] Getting sessions for all scopes...
2025-06-29 18:45:54.184 [info] Got 3 sessions for ...
2025-06-29 18:45:54.196 [info] Getting sessions for read:user,repo,user:email,workflow...
2025-06-29 18:45:54.196 [info] Got 1 sessions for read:user,repo,user:email,workflow...
2025-06-29 18:45:54.201 [info] Getting sessions for all scopes...
2025-06-29 18:45:54.201 [info] Got 3 sessions for ...
2025-06-29 18:45:54.202 [info] Getting sessions for all scopes...
2025-06-29 18:45:54.202 [info] Got 3 sessions for ...
2025-06-29 18:45:56.021 [info] Getting sessions for all scopes...
2025-06-29 18:45:56.021 [info] Got 3 sessions for ...
2025-06-29 18:45:56.023 [info] Getting sessions for read:user,repo,user:email,workflow...
2025-06-29 18:45:56.023 [info] Got 1 sessions for read:user,repo,user:email,workflow...
