2025-06-29 18:25:58.275 [info] Reading sessions from keychain...
2025-06-29 18:25:58.275 [info] Getting sessions for all scopes...
2025-06-29 18:25:58.275 [info] Getting sessions for all scopes...
2025-06-29 18:25:58.275 [info] Getting sessions for all scopes...
2025-06-29 18:25:58.275 [info] Getting sessions for all scopes...
2025-06-29 18:25:58.275 [info] Getting sessions for all scopes...
2025-06-29 18:25:58.275 [info] Getting sessions for all scopes...
2025-06-29 18:25:58.275 [info] Getting sessions for all scopes...
2025-06-29 18:25:58.428 [info] Got stored sessions!
2025-06-29 18:25:58.428 [info] Got 3 verified sessions.
2025-06-29 18:25:58.428 [info] Got 3 sessions for ...
2025-06-29 18:25:58.428 [info] Got 3 sessions for ...
2025-06-29 18:25:58.428 [info] Got 3 sessions for ...
2025-06-29 18:25:58.428 [info] Got 3 sessions for ...
2025-06-29 18:25:58.428 [info] Got 3 sessions for ...
2025-06-29 18:25:58.428 [info] Got 3 sessions for ...
2025-06-29 18:25:58.428 [info] Got 3 sessions for ...
2025-06-29 18:25:58.463 [info] Getting sessions for all scopes...
2025-06-29 18:25:58.464 [info] Got 3 sessions for ...
2025-06-29 18:25:58.464 [info] Getting sessions for all scopes...
2025-06-29 18:25:58.464 [info] Got 3 sessions for ...
2025-06-29 18:25:58.464 [info] Getting sessions for all scopes...
2025-06-29 18:25:58.464 [info] Got 3 sessions for ...
2025-06-29 18:25:58.464 [info] Getting sessions for all scopes...
2025-06-29 18:25:58.465 [info] Got 3 sessions for ...
2025-06-29 18:25:58.465 [info] Getting sessions for all scopes...
2025-06-29 18:25:58.465 [info] Got 3 sessions for ...
2025-06-29 18:25:58.465 [info] Getting sessions for all scopes...
2025-06-29 18:25:58.465 [info] Got 3 sessions for ...
2025-06-29 18:25:58.646 [info] Getting sessions for all scopes...
2025-06-29 18:25:58.646 [info] Got 3 sessions for ...
2025-06-29 18:26:02.709 [info] Getting sessions for user:email...
2025-06-29 18:26:02.710 [info] Got 1 sessions for user:email...
2025-06-29 18:26:02.722 [info] Getting sessions for all scopes...
2025-06-29 18:26:02.722 [info] Got 3 sessions for ...
2025-06-29 18:26:02.737 [info] Getting sessions for all scopes...
2025-06-29 18:26:02.737 [info] Got 3 sessions for ...
2025-06-29 18:26:03.258 [info] Getting sessions for read:user,repo,user:email...
2025-06-29 18:26:03.258 [info] Got 1 sessions for read:user,repo,user:email...
2025-06-29 18:26:03.258 [info] Getting sessions for all scopes...
2025-06-29 18:26:03.258 [info] Got 3 sessions for ...
2025-06-29 18:26:03.258 [info] Getting sessions for all scopes...
2025-06-29 18:26:03.258 [info] Got 3 sessions for ...
2025-06-29 18:26:03.357 [info] Getting sessions for all scopes...
2025-06-29 18:26:03.357 [info] Got 3 sessions for ...
2025-06-29 18:26:03.665 [info] Getting sessions for all scopes...
2025-06-29 18:26:03.665 [info] Got 3 sessions for ...
2025-06-29 18:26:03.665 [info] Getting sessions for read:user,repo,user:email,workflow...
2025-06-29 18:26:03.665 [info] Got 1 sessions for read:user,repo,user:email,workflow...
2025-06-29 18:26:03.736 [info] Getting sessions for read:user,repo,user:email,workflow...
2025-06-29 18:26:03.737 [info] Got 1 sessions for read:user,repo,user:email,workflow...
2025-06-29 18:26:04.286 [info] Getting sessions for all scopes...
2025-06-29 18:26:04.286 [info] Got 3 sessions for ...
2025-06-29 18:26:04.286 [info] Getting sessions for all scopes...
2025-06-29 18:26:04.286 [info] Got 3 sessions for ...
2025-06-29 18:26:04.977 [info] Getting sessions for read:user,repo,user:email,workflow...
2025-06-29 18:26:04.977 [info] Got 1 sessions for read:user,repo,user:email,workflow...
2025-06-29 18:26:06.033 [info] Getting sessions for all scopes...
2025-06-29 18:26:06.033 [info] Got 3 sessions for ...
2025-06-29 18:26:06.033 [info] Getting sessions for all scopes...
2025-06-29 18:26:06.033 [info] Got 3 sessions for ...
2025-06-29 18:26:06.035 [info] Getting sessions for read:user,repo,user:email,workflow...
2025-06-29 18:26:06.035 [info] Got 1 sessions for read:user,repo,user:email,workflow...
2025-06-29 18:26:06.038 [info] Getting sessions for all scopes...
2025-06-29 18:26:06.038 [info] Got 3 sessions for ...
2025-06-29 18:26:06.040 [info] Getting sessions for read:user,repo,user:email,workflow...
2025-06-29 18:26:06.041 [info] Got 1 sessions for read:user,repo,user:email,workflow...
2025-06-29 18:26:06.122 [info] Getting sessions for all scopes...
2025-06-29 18:26:06.122 [info] Got 3 sessions for ...
2025-06-29 18:26:06.128 [info] Getting sessions for read:user,repo,user:email,workflow...
2025-06-29 18:26:06.128 [info] Got 1 sessions for read:user,repo,user:email,workflow...
2025-06-29 18:26:06.134 [info] Getting sessions for all scopes...
2025-06-29 18:26:06.134 [info] Got 3 sessions for ...
2025-06-29 18:26:06.135 [info] Getting sessions for all scopes...
2025-06-29 18:26:06.135 [info] Got 3 sessions for ...
2025-06-29 18:26:07.854 [info] Getting sessions for all scopes...
2025-06-29 18:26:07.854 [info] Got 3 sessions for ...
2025-06-29 18:26:07.858 [info] Getting sessions for read:user,repo,user:email,workflow...
2025-06-29 18:26:07.858 [info] Got 1 sessions for read:user,repo,user:email,workflow...
2025-06-29 18:36:58.182 [info] Reading sessions from keychain...
2025-06-29 18:36:58.182 [info] Getting sessions for all scopes...
2025-06-29 18:36:58.182 [info] Getting sessions for all scopes...
2025-06-29 18:36:58.182 [info] Got stored sessions!
2025-06-29 18:36:58.182 [info] Got 3 verified sessions.
2025-06-29 18:36:58.182 [info] Got 3 sessions for ...
2025-06-29 18:36:58.182 [info] Got 3 sessions for ...
2025-06-29 18:36:58.220 [info] Getting sessions for all scopes...
2025-06-29 18:36:58.220 [info] Got 3 sessions for ...
2025-06-29 18:36:58.220 [info] Getting sessions for all scopes...
2025-06-29 18:36:58.220 [info] Got 3 sessions for ...
2025-06-29 18:36:58.220 [info] Getting sessions for all scopes...
2025-06-29 18:36:58.220 [info] Got 3 sessions for ...
2025-06-29 18:36:58.221 [info] Getting sessions for all scopes...
2025-06-29 18:36:58.221 [info] Got 3 sessions for ...
2025-06-29 18:36:58.221 [info] Getting sessions for all scopes...
2025-06-29 18:36:58.221 [info] Got 3 sessions for ...
2025-06-29 18:36:58.278 [info] Getting sessions for all scopes...
2025-06-29 18:36:58.278 [info] Got 3 sessions for ...
2025-06-29 18:36:58.279 [info] Getting sessions for all scopes...
2025-06-29 18:36:58.279 [info] Got 3 sessions for ...
2025-06-29 18:36:58.279 [info] Getting sessions for all scopes...
2025-06-29 18:36:58.279 [info] Got 3 sessions for ...
2025-06-29 18:36:58.279 [info] Getting sessions for all scopes...
2025-06-29 18:36:58.279 [info] Got 3 sessions for ...
2025-06-29 18:36:58.279 [info] Getting sessions for all scopes...
2025-06-29 18:36:58.279 [info] Got 3 sessions for ...
2025-06-29 18:36:58.280 [info] Getting sessions for all scopes...
2025-06-29 18:36:58.280 [info] Got 3 sessions for ...
2025-06-29 18:36:58.328 [info] Getting sessions for all scopes...
2025-06-29 18:36:58.328 [info] Got 3 sessions for ...
2025-06-29 18:37:02.597 [info] Getting sessions for user:email...
2025-06-29 18:37:02.597 [info] Got 1 sessions for user:email...
2025-06-29 18:37:02.714 [info] Getting sessions for all scopes...
2025-06-29 18:37:02.715 [info] Got 3 sessions for ...
2025-06-29 18:37:02.733 [info] Getting sessions for all scopes...
2025-06-29 18:37:02.733 [info] Got 3 sessions for ...
2025-06-29 18:37:03.376 [info] Getting sessions for read:user,repo,user:email...
2025-06-29 18:37:03.376 [info] Got 1 sessions for read:user,repo,user:email...
2025-06-29 18:37:03.376 [info] Getting sessions for all scopes...
2025-06-29 18:37:03.376 [info] Got 3 sessions for ...
2025-06-29 18:37:03.376 [info] Getting sessions for all scopes...
2025-06-29 18:37:03.376 [info] Got 3 sessions for ...
2025-06-29 18:37:03.412 [info] Getting sessions for all scopes...
2025-06-29 18:37:03.413 [info] Got 3 sessions for ...
2025-06-29 18:37:03.665 [info] Getting sessions for all scopes...
2025-06-29 18:37:03.665 [info] Got 3 sessions for ...
2025-06-29 18:37:03.665 [info] Getting sessions for read:user,repo,user:email,workflow...
2025-06-29 18:37:03.665 [info] Got 1 sessions for read:user,repo,user:email,workflow...
2025-06-29 18:37:03.720 [info] Getting sessions for read:user,repo,user:email,workflow...
2025-06-29 18:37:03.720 [info] Got 1 sessions for read:user,repo,user:email,workflow...
2025-06-29 18:37:04.383 [info] Getting sessions for all scopes...
2025-06-29 18:37:04.383 [info] Got 3 sessions for ...
2025-06-29 18:37:05.608 [info] Getting sessions for read:user,repo,user:email,workflow...
2025-06-29 18:37:05.608 [info] Got 1 sessions for read:user,repo,user:email,workflow...
2025-06-29 18:37:05.630 [info] Getting sessions for all scopes...
2025-06-29 18:37:05.630 [info] Got 3 sessions for ...
2025-06-29 18:37:05.632 [info] Getting sessions for read:user,repo,user:email,workflow...
2025-06-29 18:37:05.632 [info] Got 1 sessions for read:user,repo,user:email,workflow...
2025-06-29 18:37:06.794 [info] Getting sessions for all scopes...
2025-06-29 18:37:06.794 [info] Got 3 sessions for ...
2025-06-29 18:37:06.794 [info] Getting sessions for all scopes...
2025-06-29 18:37:06.794 [info] Got 3 sessions for ...
2025-06-29 18:37:06.814 [info] Getting sessions for read:user,repo,user:email,workflow...
2025-06-29 18:37:06.814 [info] Got 1 sessions for read:user,repo,user:email,workflow...
2025-06-29 18:37:06.818 [info] Getting sessions for all scopes...
2025-06-29 18:37:06.818 [info] Got 3 sessions for ...
2025-06-29 18:37:06.820 [info] Getting sessions for read:user,repo,user:email,workflow...
2025-06-29 18:37:06.820 [info] Got 1 sessions for read:user,repo,user:email,workflow...
2025-06-29 18:37:06.893 [info] Getting sessions for all scopes...
2025-06-29 18:37:06.893 [info] Got 3 sessions for ...
2025-06-29 18:37:06.895 [info] Getting sessions for read:user,repo,user:email,workflow...
2025-06-29 18:37:06.895 [info] Got 1 sessions for read:user,repo,user:email,workflow...
2025-06-29 18:37:06.899 [info] Getting sessions for all scopes...
2025-06-29 18:37:06.899 [info] Got 3 sessions for ...
2025-06-29 18:37:06.901 [info] Getting sessions for all scopes...
2025-06-29 18:37:06.901 [info] Got 3 sessions for ...
2025-06-29 18:37:08.650 [info] Getting sessions for all scopes...
2025-06-29 18:37:08.650 [info] Got 3 sessions for ...
2025-06-29 18:37:08.652 [info] Getting sessions for read:user,repo,user:email,workflow...
2025-06-29 18:37:08.652 [info] Got 1 sessions for read:user,repo,user:email,workflow...
2025-06-29 18:37:16.472 [info] Reading sessions from keychain...
2025-06-29 18:37:16.472 [info] Getting sessions for all scopes...
2025-06-29 18:37:16.472 [info] Getting sessions for all scopes...
2025-06-29 18:37:16.472 [info] Getting sessions for all scopes...
2025-06-29 18:37:16.472 [info] Getting sessions for all scopes...
2025-06-29 18:37:16.472 [info] Getting sessions for all scopes...
2025-06-29 18:37:16.472 [info] Getting sessions for all scopes...
2025-06-29 18:37:16.472 [info] Getting sessions for all scopes...
2025-06-29 18:37:16.641 [info] Got stored sessions!
2025-06-29 18:37:16.641 [info] Got 3 verified sessions.
2025-06-29 18:37:16.641 [info] Got 3 sessions for ...
2025-06-29 18:37:16.641 [info] Got 3 sessions for ...
2025-06-29 18:37:16.641 [info] Got 3 sessions for ...
2025-06-29 18:37:16.641 [info] Got 3 sessions for ...
2025-06-29 18:37:16.641 [info] Got 3 sessions for ...
2025-06-29 18:37:16.641 [info] Got 3 sessions for ...
2025-06-29 18:37:16.641 [info] Got 3 sessions for ...
2025-06-29 18:37:16.799 [info] Getting sessions for all scopes...
2025-06-29 18:37:16.799 [info] Got 3 sessions for ...
2025-06-29 18:37:16.804 [info] Getting sessions for all scopes...
2025-06-29 18:37:16.804 [info] Got 3 sessions for ...
2025-06-29 18:37:16.808 [info] Getting sessions for all scopes...
2025-06-29 18:37:16.809 [info] Got 3 sessions for ...
2025-06-29 18:37:16.809 [info] Getting sessions for all scopes...
2025-06-29 18:37:16.809 [info] Got 3 sessions for ...
2025-06-29 18:37:16.809 [info] Getting sessions for all scopes...
2025-06-29 18:37:16.809 [info] Got 3 sessions for ...
2025-06-29 18:37:16.809 [info] Getting sessions for all scopes...
2025-06-29 18:37:16.809 [info] Got 3 sessions for ...
2025-06-29 18:37:16.810 [info] Getting sessions for all scopes...
2025-06-29 18:37:16.810 [info] Got 3 sessions for ...
2025-06-29 18:37:22.151 [info] Getting sessions for user:email...
2025-06-29 18:37:22.152 [info] Got 1 sessions for user:email...
2025-06-29 18:37:22.162 [info] Getting sessions for all scopes...
2025-06-29 18:37:22.162 [info] Got 3 sessions for ...
2025-06-29 18:37:22.370 [info] Getting sessions for all scopes...
2025-06-29 18:37:22.370 [info] Got 3 sessions for ...
2025-06-29 18:37:22.891 [info] Getting sessions for read:user,repo,user:email...
2025-06-29 18:37:22.891 [info] Got 1 sessions for read:user,repo,user:email...
2025-06-29 18:37:22.892 [info] Getting sessions for all scopes...
2025-06-29 18:37:22.892 [info] Got 3 sessions for ...
2025-06-29 18:37:22.892 [info] Getting sessions for all scopes...
2025-06-29 18:37:22.892 [info] Got 3 sessions for ...
2025-06-29 18:37:22.915 [info] Getting sessions for all scopes...
2025-06-29 18:37:22.915 [info] Got 3 sessions for ...
2025-06-29 18:37:23.110 [info] Getting sessions for all scopes...
2025-06-29 18:37:23.110 [info] Got 3 sessions for ...
2025-06-29 18:37:23.111 [info] Getting sessions for read:user,repo,user:email,workflow...
2025-06-29 18:37:23.111 [info] Got 1 sessions for read:user,repo,user:email,workflow...
2025-06-29 18:37:23.178 [info] Getting sessions for read:user,repo,user:email,workflow...
2025-06-29 18:37:23.178 [info] Got 1 sessions for read:user,repo,user:email,workflow...
2025-06-29 18:37:23.549 [info] Getting sessions for all scopes...
2025-06-29 18:37:23.549 [info] Got 3 sessions for ...
2025-06-29 18:37:24.286 [info] Getting sessions for read:user,repo,user:email,workflow...
2025-06-29 18:37:24.286 [info] Got 1 sessions for read:user,repo,user:email,workflow...
2025-06-29 18:37:24.355 [info] Getting sessions for all scopes...
2025-06-29 18:37:24.355 [info] Got 3 sessions for ...
2025-06-29 18:37:24.361 [info] Getting sessions for read:user,repo,user:email,workflow...
2025-06-29 18:37:24.361 [info] Got 1 sessions for read:user,repo,user:email,workflow...
2025-06-29 18:37:25.480 [info] Getting sessions for all scopes...
2025-06-29 18:37:25.480 [info] Got 3 sessions for ...
2025-06-29 18:37:25.480 [info] Getting sessions for all scopes...
2025-06-29 18:37:25.480 [info] Got 3 sessions for ...
2025-06-29 18:37:25.487 [info] Getting sessions for read:user,repo,user:email,workflow...
2025-06-29 18:37:25.487 [info] Got 1 sessions for read:user,repo,user:email,workflow...
2025-06-29 18:37:25.488 [info] Getting sessions for all scopes...
2025-06-29 18:37:25.489 [info] Got 3 sessions for ...
2025-06-29 18:37:25.490 [info] Getting sessions for read:user,repo,user:email,workflow...
2025-06-29 18:37:25.490 [info] Got 1 sessions for read:user,repo,user:email,workflow...
2025-06-29 18:37:25.545 [info] Getting sessions for all scopes...
2025-06-29 18:37:25.545 [info] Got 3 sessions for ...
2025-06-29 18:37:25.551 [info] Getting sessions for read:user,repo,user:email,workflow...
2025-06-29 18:37:25.551 [info] Got 1 sessions for read:user,repo,user:email,workflow...
2025-06-29 18:37:25.553 [info] Getting sessions for all scopes...
2025-06-29 18:37:25.553 [info] Got 3 sessions for ...
2025-06-29 18:37:25.554 [info] Getting sessions for all scopes...
2025-06-29 18:37:25.554 [info] Got 3 sessions for ...
2025-06-29 18:37:26.174 [info] Getting sessions for all scopes...
2025-06-29 18:37:26.174 [info] Got 3 sessions for ...
2025-06-29 18:37:26.175 [info] Getting sessions for read:user,repo,user:email,workflow...
2025-06-29 18:37:26.175 [info] Got 1 sessions for read:user,repo,user:email,workflow...
