6/27/2025, 6:48:51 PM GMT+5:30 0: 

----------------------------------------------
6/27/2025, 6:48:51 PM GMT+5:30 1: Discord starting: {"releaseChannel":"stable","version":"0.0.99"}, modulepath: /home/ero/.config/discord/0.0.99/modules
6/27/2025, 6:48:51 PM GMT+5:30 2: ✅ webContents.created web1 ""
6/27/2025, 6:48:51 PM GMT+5:30 3: ✅ window.created win1 "discord"
6/27/2025, 6:48:51 PM GMT+5:30 4: ✅ webContents.did-finish-load web1
6/27/2025, 6:49:28 PM GMT+5:30 5: ✅ webContents.created web2 ""
6/27/2025, 6:49:28 PM GMT+5:30 6: ✅ window.created win2 "Discord"
6/27/2025, 6:49:31 PM GMT+5:30 7: ✅ webContents.did-finish-load web2
6/27/2025, 6:49:32 PM GMT+5:30 8: window.close win1
6/27/2025, 6:49:32 PM GMT+5:30 9: webContents.destroyed web1
6/27/2025, 6:49:32 PM GMT+5:30 10: window.closed win1
6/27/2025, 6:50:39 PM GMT+5:30 11: before-quit
6/27/2025, 6:50:39 PM GMT+5:30 12: window.close win2
6/27/2025, 6:50:39 PM GMT+5:30 13: webContents.destroyed web2
6/27/2025, 6:55:41 PM GMT+5:30 0: 

----------------------------------------------
6/27/2025, 6:55:41 PM GMT+5:30 1: Discord starting: {"releaseChannel":"stable","version":"0.0.99"}, modulepath: /home/ero/.config/discord/0.0.99/modules
6/27/2025, 6:55:41 PM GMT+5:30 2: ✅ webContents.created web1 ""
6/27/2025, 6:55:41 PM GMT+5:30 3: ✅ window.created win1 "discord"
6/27/2025, 6:55:42 PM GMT+5:30 4: ✅ webContents.did-finish-load web1
6/27/2025, 6:55:42 PM GMT+5:30 5: ✅ webContents.created web2 ""
6/27/2025, 6:55:42 PM GMT+5:30 6: ✅ window.created win2 "Discord"
6/27/2025, 6:55:46 PM GMT+5:30 7: ✅ webContents.did-finish-load web2
6/27/2025, 6:55:47 PM GMT+5:30 8: window.close win1
6/27/2025, 6:55:47 PM GMT+5:30 9: webContents.destroyed web1
6/27/2025, 6:55:47 PM GMT+5:30 10: window.closed win1
6/27/2025, 6:55:49 PM GMT+5:30 11: ✅ webContents.did-finish-load web2
6/27/2025, 6:56:45 PM GMT+5:30 12: window.close win2
6/27/2025, 6:56:49 PM GMT+5:30 0: 

----------------------------------------------
6/27/2025, 6:56:49 PM GMT+5:30 1: Discord starting: {"releaseChannel":"stable","version":"0.0.99"}, modulepath: /home/ero/.config/discord/0.0.99/modules
6/27/2025, 6:57:02 PM GMT+5:30 13: window.close win2
6/27/2025, 6:57:10 PM GMT+5:30 0: 

----------------------------------------------
6/27/2025, 6:57:10 PM GMT+5:30 1: Discord starting: {"releaseChannel":"stable","version":"0.0.99"}, modulepath: /home/ero/.config/discord/0.0.99/modules
