2025-06-30 00:33:51.133 [info] Reading sessions from keychain...
2025-06-30 00:33:51.133 [info] Getting sessions for all scopes...
2025-06-30 00:33:51.133 [info] Getting sessions for all scopes...
2025-06-30 00:33:51.133 [info] Getting sessions for all scopes...
2025-06-30 00:33:51.133 [info] Getting sessions for all scopes...
2025-06-30 00:33:51.133 [info] Getting sessions for all scopes...
2025-06-30 00:33:51.133 [info] Getting sessions for all scopes...
2025-06-30 00:33:51.133 [info] Getting sessions for all scopes...
2025-06-30 00:33:51.206 [info] Got stored sessions!
2025-06-30 00:33:51.206 [info] Got 3 verified sessions.
2025-06-30 00:33:51.206 [info] Got 3 sessions for ...
2025-06-30 00:33:51.206 [info] Got 3 sessions for ...
2025-06-30 00:33:51.206 [info] Got 3 sessions for ...
2025-06-30 00:33:51.206 [info] Got 3 sessions for ...
2025-06-30 00:33:51.206 [info] Got 3 sessions for ...
2025-06-30 00:33:51.206 [info] Got 3 sessions for ...
2025-06-30 00:33:51.206 [info] Got 3 sessions for ...
2025-06-30 00:33:51.282 [info] Getting sessions for all scopes...
2025-06-30 00:33:51.282 [info] Got 3 sessions for ...
2025-06-30 00:33:51.282 [info] Getting sessions for all scopes...
2025-06-30 00:33:51.282 [info] Got 3 sessions for ...
2025-06-30 00:33:51.282 [info] Getting sessions for all scopes...
2025-06-30 00:33:51.282 [info] Got 3 sessions for ...
2025-06-30 00:33:51.283 [info] Getting sessions for all scopes...
2025-06-30 00:33:51.283 [info] Got 3 sessions for ...
2025-06-30 00:33:51.283 [info] Getting sessions for all scopes...
2025-06-30 00:33:51.283 [info] Got 3 sessions for ...
2025-06-30 00:33:51.283 [info] Getting sessions for all scopes...
2025-06-30 00:33:51.283 [info] Got 3 sessions for ...
2025-06-30 00:33:51.479 [info] Getting sessions for all scopes...
2025-06-30 00:33:51.479 [info] Got 3 sessions for ...
2025-06-30 00:33:56.833 [info] Getting sessions for user:email...
2025-06-30 00:33:56.833 [info] Got 1 sessions for user:email...
2025-06-30 00:33:56.847 [info] Getting sessions for all scopes...
2025-06-30 00:33:56.847 [info] Got 3 sessions for ...
2025-06-30 00:33:56.868 [info] Getting sessions for all scopes...
2025-06-30 00:33:56.868 [info] Got 3 sessions for ...
2025-06-30 00:33:57.416 [info] Getting sessions for read:user,repo,user:email...
2025-06-30 00:33:57.416 [info] Got 1 sessions for read:user,repo,user:email...
2025-06-30 00:33:57.416 [info] Getting sessions for all scopes...
2025-06-30 00:33:57.416 [info] Got 3 sessions for ...
2025-06-30 00:33:57.416 [info] Getting sessions for all scopes...
2025-06-30 00:33:57.416 [info] Got 3 sessions for ...
2025-06-30 00:33:57.500 [info] Getting sessions for all scopes...
2025-06-30 00:33:57.500 [info] Got 3 sessions for ...
2025-06-30 00:33:57.737 [info] Getting sessions for all scopes...
2025-06-30 00:33:57.737 [info] Got 3 sessions for ...
2025-06-30 00:33:57.737 [info] Getting sessions for read:user,repo,user:email,workflow...
2025-06-30 00:33:57.737 [info] Got 1 sessions for read:user,repo,user:email,workflow...
2025-06-30 00:33:57.758 [info] Getting sessions for read:user,repo,user:email,workflow...
2025-06-30 00:33:57.758 [info] Got 1 sessions for read:user,repo,user:email,workflow...
2025-06-30 00:33:58.223 [info] Getting sessions for all scopes...
2025-06-30 00:33:58.223 [info] Got 3 sessions for ...
2025-06-30 00:33:58.962 [info] Getting sessions for read:user,repo,user:email,workflow...
2025-06-30 00:33:58.962 [info] Got 1 sessions for read:user,repo,user:email,workflow...
2025-06-30 00:33:59.012 [info] Getting sessions for all scopes...
2025-06-30 00:33:59.012 [info] Got 3 sessions for ...
2025-06-30 00:33:59.053 [info] Getting sessions for read:user,repo,user:email,workflow...
2025-06-30 00:33:59.053 [info] Got 1 sessions for read:user,repo,user:email,workflow...
2025-06-30 00:34:00.159 [info] Getting sessions for all scopes...
2025-06-30 00:34:00.160 [info] Got 3 sessions for ...
2025-06-30 00:34:00.160 [info] Getting sessions for all scopes...
2025-06-30 00:34:00.160 [info] Got 3 sessions for ...
2025-06-30 00:34:00.167 [info] Getting sessions for read:user,repo,user:email,workflow...
2025-06-30 00:34:00.167 [info] Got 1 sessions for read:user,repo,user:email,workflow...
2025-06-30 00:34:00.168 [info] Getting sessions for all scopes...
2025-06-30 00:34:00.169 [info] Got 3 sessions for ...
2025-06-30 00:34:00.169 [info] Getting sessions for read:user,repo,user:email,workflow...
2025-06-30 00:34:00.170 [info] Got 1 sessions for read:user,repo,user:email,workflow...
2025-06-30 00:34:00.209 [info] Getting sessions for all scopes...
2025-06-30 00:34:00.209 [info] Got 3 sessions for ...
2025-06-30 00:34:00.210 [info] Getting sessions for read:user,repo,user:email,workflow...
2025-06-30 00:34:00.210 [info] Got 1 sessions for read:user,repo,user:email,workflow...
2025-06-30 00:34:00.213 [info] Getting sessions for all scopes...
2025-06-30 00:34:00.213 [info] Got 3 sessions for ...
2025-06-30 00:34:00.218 [info] Getting sessions for all scopes...
2025-06-30 00:34:00.218 [info] Got 3 sessions for ...
2025-06-30 00:34:01.972 [info] Getting sessions for all scopes...
2025-06-30 00:34:01.972 [info] Got 3 sessions for ...
2025-06-30 00:34:01.974 [info] Getting sessions for read:user,repo,user:email,workflow...
2025-06-30 00:34:01.974 [info] Got 1 sessions for read:user,repo,user:email,workflow...
