2025-06-29 19:02:52.215 [info] Reading sessions from keychain...
2025-06-29 19:02:52.219 [info] Getting sessions for all scopes...
2025-06-29 19:02:52.220 [info] Getting sessions for all scopes...
2025-06-29 19:02:52.220 [info] Getting sessions for all scopes...
2025-06-29 19:02:52.221 [info] Getting sessions for all scopes...
2025-06-29 19:02:52.221 [info] Getting sessions for all scopes...
2025-06-29 19:02:52.221 [info] Getting sessions for all scopes...
2025-06-29 19:02:52.221 [info] Getting sessions for all scopes...
2025-06-29 19:02:52.339 [info] Got stored sessions!
2025-06-29 19:02:52.339 [info] Got 3 verified sessions.
2025-06-29 19:02:52.339 [info] Got 3 sessions for ...
2025-06-29 19:02:52.339 [info] Got 3 sessions for ...
2025-06-29 19:02:52.339 [info] Got 3 sessions for ...
2025-06-29 19:02:52.339 [info] Got 3 sessions for ...
2025-06-29 19:02:52.339 [info] Got 3 sessions for ...
2025-06-29 19:02:52.339 [info] Got 3 sessions for ...
2025-06-29 19:02:52.339 [info] Got 3 sessions for ...
2025-06-29 19:02:52.479 [info] Getting sessions for all scopes...
2025-06-29 19:02:52.479 [info] Got 3 sessions for ...
2025-06-29 19:02:52.479 [info] Getting sessions for all scopes...
2025-06-29 19:02:52.479 [info] Got 3 sessions for ...
2025-06-29 19:02:52.480 [info] Getting sessions for all scopes...
2025-06-29 19:02:52.480 [info] Got 3 sessions for ...
2025-06-29 19:02:52.480 [info] Getting sessions for all scopes...
2025-06-29 19:02:52.480 [info] Got 3 sessions for ...
2025-06-29 19:02:52.481 [info] Getting sessions for all scopes...
2025-06-29 19:02:52.481 [info] Got 3 sessions for ...
2025-06-29 19:02:52.481 [info] Getting sessions for all scopes...
2025-06-29 19:02:52.481 [info] Got 3 sessions for ...
2025-06-29 19:02:52.532 [info] Getting sessions for all scopes...
2025-06-29 19:02:52.532 [info] Got 3 sessions for ...
2025-06-29 19:02:57.714 [info] Getting sessions for user:email...
2025-06-29 19:02:57.714 [info] Got 1 sessions for user:email...
2025-06-29 19:02:57.725 [info] Getting sessions for all scopes...
2025-06-29 19:02:57.725 [info] Got 3 sessions for ...
2025-06-29 19:02:57.912 [info] Getting sessions for all scopes...
2025-06-29 19:02:57.913 [info] Got 3 sessions for ...
2025-06-29 19:02:58.372 [info] Getting sessions for read:user,repo,user:email...
2025-06-29 19:02:58.372 [info] Got 1 sessions for read:user,repo,user:email...
2025-06-29 19:02:58.372 [info] Getting sessions for all scopes...
2025-06-29 19:02:58.372 [info] Got 3 sessions for ...
2025-06-29 19:02:58.373 [info] Getting sessions for all scopes...
2025-06-29 19:02:58.373 [info] Got 3 sessions for ...
2025-06-29 19:02:58.403 [info] Getting sessions for all scopes...
2025-06-29 19:02:58.403 [info] Got 3 sessions for ...
2025-06-29 19:02:58.581 [info] Getting sessions for all scopes...
2025-06-29 19:02:58.581 [info] Got 3 sessions for ...
2025-06-29 19:02:58.582 [info] Getting sessions for read:user,repo,user:email,workflow...
2025-06-29 19:02:58.582 [info] Got 1 sessions for read:user,repo,user:email,workflow...
2025-06-29 19:02:58.637 [info] Getting sessions for read:user,repo,user:email,workflow...
2025-06-29 19:02:58.637 [info] Got 1 sessions for read:user,repo,user:email,workflow...
2025-06-29 19:02:59.101 [info] Getting sessions for all scopes...
2025-06-29 19:02:59.102 [info] Got 3 sessions for ...
2025-06-29 19:02:59.839 [info] Getting sessions for read:user,repo,user:email,workflow...
2025-06-29 19:02:59.839 [info] Got 1 sessions for read:user,repo,user:email,workflow...
2025-06-29 19:02:59.912 [info] Getting sessions for all scopes...
2025-06-29 19:02:59.912 [info] Got 3 sessions for ...
2025-06-29 19:02:59.971 [info] Getting sessions for read:user,repo,user:email,workflow...
2025-06-29 19:02:59.971 [info] Got 1 sessions for read:user,repo,user:email,workflow...
2025-06-29 19:03:01.017 [info] Getting sessions for all scopes...
2025-06-29 19:03:01.017 [info] Got 3 sessions for ...
2025-06-29 19:03:01.017 [info] Getting sessions for all scopes...
2025-06-29 19:03:01.017 [info] Got 3 sessions for ...
2025-06-29 19:03:01.024 [info] Getting sessions for read:user,repo,user:email,workflow...
2025-06-29 19:03:01.024 [info] Got 1 sessions for read:user,repo,user:email,workflow...
2025-06-29 19:03:01.025 [info] Getting sessions for all scopes...
2025-06-29 19:03:01.025 [info] Got 3 sessions for ...
2025-06-29 19:03:01.026 [info] Getting sessions for read:user,repo,user:email,workflow...
2025-06-29 19:03:01.026 [info] Got 1 sessions for read:user,repo,user:email,workflow...
2025-06-29 19:03:01.060 [info] Getting sessions for all scopes...
2025-06-29 19:03:01.060 [info] Got 3 sessions for ...
2025-06-29 19:03:01.061 [info] Getting sessions for read:user,repo,user:email,workflow...
2025-06-29 19:03:01.061 [info] Got 1 sessions for read:user,repo,user:email,workflow...
2025-06-29 19:03:01.063 [info] Getting sessions for all scopes...
2025-06-29 19:03:01.063 [info] Got 3 sessions for ...
2025-06-29 19:03:01.064 [info] Getting sessions for all scopes...
2025-06-29 19:03:01.064 [info] Got 3 sessions for ...
2025-06-29 19:03:02.802 [info] Getting sessions for all scopes...
2025-06-29 19:03:02.802 [info] Got 3 sessions for ...
2025-06-29 19:03:02.804 [info] Getting sessions for read:user,repo,user:email,workflow...
2025-06-29 19:03:02.804 [info] Got 1 sessions for read:user,repo,user:email,workflow...
2025-06-29 19:18:02.808 [info] Getting sessions for all scopes...
2025-06-29 19:18:02.808 [info] Got 3 sessions for ...
2025-06-29 19:18:02.811 [info] Getting sessions for read:user,repo,user:email,workflow...
2025-06-29 19:18:02.811 [info] Got 1 sessions for read:user,repo,user:email,workflow...
2025-06-29 19:28:54.346 [info] Getting sessions for read:user,repo,user:email,workflow...
2025-06-29 19:28:54.346 [info] Got 1 sessions for read:user,repo,user:email,workflow...
2025-06-29 19:33:02.852 [info] Getting sessions for all scopes...
2025-06-29 19:33:02.852 [info] Got 3 sessions for ...
2025-06-29 19:33:02.854 [info] Getting sessions for read:user,repo,user:email,workflow...
2025-06-29 19:33:02.854 [info] Got 1 sessions for read:user,repo,user:email,workflow...
2025-06-29 19:33:02.857 [info] Getting sessions for all scopes...
2025-06-29 19:33:02.857 [info] Got 3 sessions for ...
2025-06-29 19:33:02.859 [info] Getting sessions for read:user,repo,user:email,workflow...
2025-06-29 19:33:02.859 [info] Got 1 sessions for read:user,repo,user:email,workflow...
2025-06-29 19:33:03.894 [info] Getting sessions for all scopes...
2025-06-29 19:33:03.894 [info] Got 3 sessions for ...
2025-06-29 19:33:03.894 [info] Getting sessions for all scopes...
2025-06-29 19:33:03.894 [info] Got 3 sessions for ...
2025-06-29 19:33:03.896 [info] Getting sessions for read:user,repo,user:email,workflow...
2025-06-29 19:33:03.896 [info] Got 1 sessions for read:user,repo,user:email,workflow...
2025-06-29 19:33:03.898 [info] Getting sessions for all scopes...
2025-06-29 19:33:03.898 [info] Got 3 sessions for ...
2025-06-29 19:33:03.900 [info] Getting sessions for read:user,repo,user:email,workflow...
2025-06-29 19:33:03.900 [info] Got 1 sessions for read:user,repo,user:email,workflow...
2025-06-29 19:33:03.903 [info] Getting sessions for all scopes...
2025-06-29 19:33:03.903 [info] Got 3 sessions for ...
2025-06-29 19:33:03.905 [info] Getting sessions for read:user,repo,user:email,workflow...
2025-06-29 19:33:03.905 [info] Got 1 sessions for read:user,repo,user:email,workflow...
2025-06-29 19:48:03.909 [info] Getting sessions for all scopes...
2025-06-29 19:48:03.909 [info] Got 3 sessions for ...
2025-06-29 19:48:03.910 [info] Getting sessions for read:user,repo,user:email,workflow...
2025-06-29 19:48:03.910 [info] Got 1 sessions for read:user,repo,user:email,workflow...
2025-06-29 19:48:03.911 [info] Getting sessions for all scopes...
2025-06-29 19:48:03.911 [info] Got 3 sessions for ...
2025-06-29 19:48:03.913 [info] Getting sessions for read:user,repo,user:email,workflow...
2025-06-29 19:48:03.913 [info] Got 1 sessions for read:user,repo,user:email,workflow...
2025-06-29 19:56:37.154 [info] Getting sessions for read:user,repo,user:email,workflow...
2025-06-29 19:56:37.154 [info] Got 1 sessions for read:user,repo,user:email,workflow...
2025-06-29 20:03:05.112 [info] Getting sessions for all scopes...
2025-06-29 20:03:05.112 [info] Got 3 sessions for ...
2025-06-29 20:03:05.114 [info] Getting sessions for read:user,repo,user:email,workflow...
2025-06-29 20:03:05.114 [info] Got 1 sessions for read:user,repo,user:email,workflow...
2025-06-29 20:03:05.116 [info] Getting sessions for all scopes...
2025-06-29 20:03:05.116 [info] Got 3 sessions for ...
2025-06-29 20:03:05.118 [info] Getting sessions for read:user,repo,user:email,workflow...
2025-06-29 20:03:05.118 [info] Got 1 sessions for read:user,repo,user:email,workflow...
2025-06-29 20:03:06.148 [info] Getting sessions for all scopes...
2025-06-29 20:03:06.148 [info] Got 3 sessions for ...
2025-06-29 20:03:06.148 [info] Getting sessions for all scopes...
2025-06-29 20:03:06.148 [info] Got 3 sessions for ...
2025-06-29 20:03:06.150 [info] Getting sessions for read:user,repo,user:email,workflow...
2025-06-29 20:03:06.150 [info] Got 1 sessions for read:user,repo,user:email,workflow...
2025-06-29 20:03:06.152 [info] Getting sessions for all scopes...
2025-06-29 20:03:06.152 [info] Got 3 sessions for ...
2025-06-29 20:03:06.160 [info] Getting sessions for read:user,repo,user:email,workflow...
2025-06-29 20:03:06.160 [info] Got 1 sessions for read:user,repo,user:email,workflow...
2025-06-29 20:03:06.163 [info] Getting sessions for all scopes...
2025-06-29 20:03:06.163 [info] Got 3 sessions for ...
2025-06-29 20:03:06.164 [info] Getting sessions for read:user,repo,user:email,workflow...
2025-06-29 20:03:06.164 [info] Got 1 sessions for read:user,repo,user:email,workflow...
2025-06-29 20:18:06.169 [info] Getting sessions for all scopes...
2025-06-29 20:18:06.169 [info] Got 3 sessions for ...
2025-06-29 20:18:06.171 [info] Getting sessions for read:user,repo,user:email,workflow...
2025-06-29 20:18:06.171 [info] Got 1 sessions for read:user,repo,user:email,workflow...
2025-06-29 20:18:06.173 [info] Getting sessions for all scopes...
2025-06-29 20:18:06.173 [info] Got 3 sessions for ...
2025-06-29 20:18:06.175 [info] Getting sessions for read:user,repo,user:email,workflow...
2025-06-29 20:18:06.175 [info] Got 1 sessions for read:user,repo,user:email,workflow...
