2025-06-29 19:02:58.731 [info] GitLens v17.2.1 activating in Visual Studio Code (1.100.3) on the desktop; language='en', logLevel='warn', defaultDateLocale='null' (18d4f8d818f9d98b575ae8d85c4ac2bcb8c22d35ed7d3d5be59bb712531d179c|6750d2cd-eae5-4d48-bfcf-7f4a431b4c111751203969762)
To enable debug logging, set `"gitlens.outputLevel": "debug"` or run "GitLens: Enable Debug Logging" from the Command Palette
[2025-06-29 13:32:58.325] Warning(/usr/bin/git -c core.quotepath=false -c color.ui=false rev-parse --show-toplevel): fatal: not a git repository (or any parent up to mount point /)
Stopping at filesystem boundary (GIT_DISCOVERY_ACROSS_FILESYSTEM not set).

[2025-06-29 13:32:58.325] [GIT          ] [/home/ero/.config] git rev-parse --show-toplevel • not a git repository (or any parent up to mount point /) • Stopping at filesystem boundary (GIT_DISCOVERY_ACROSS_FILESYSTEM not set). [262ms]

2025-06-29 19:03:00.278 [info] [2025-06-29 13:33:00.138] [           12] GitCodeLensProvider.provideCodeLenses(TextDocument(json, dirty=false, file:///home/ero/.config/waybar/config)) Warning(/usr/bin/git -c core.quotepath=false -c color.ui=false rev-parse --show-toplevel): fatal: not a git repository (or any parent up to mount point /)
Stopping at filesystem boundary (GIT_DISCOVERY_ACROSS_FILESYSTEM not set).

[2025-06-29 13:33:00.138] [GIT          ] [/home/ero/.config/waybar] git rev-parse --show-toplevel • not a git repository (or any parent up to mount point /) • Stopping at filesystem boundary (GIT_DISCOVERY_ACROSS_FILESYSTEM not set). [40ms]

2025-06-29 19:03:05.641 [info] [2025-06-29 13:33:05.269] Warning(/usr/bin/git -c core.quotepath=false -c color.ui=false rev-parse --show-toplevel): fatal: not a git repository (or any parent up to mount point /)
Stopping at filesystem boundary (GIT_DISCOVERY_ACROSS_FILESYSTEM not set).

[2025-06-29 13:33:05.270] [GIT          ] [/home/ero/.config/discord/0.0.99/modules/discord_game_utils] git rev-parse --show-toplevel • not a git repository (or any parent up to mount point /) • Stopping at filesystem boundary (GIT_DISCOVERY_ACROSS_FILESYSTEM not set). [49ms]
[2025-06-29 13:33:05.315] Warning(/usr/bin/git -c core.quotepath=false -c color.ui=false rev-parse --show-toplevel): fatal: not a git repository (or any parent up to mount point /)
Stopping at filesystem boundary (GIT_DISCOVERY_ACROSS_FILESYSTEM not set).

[2025-06-29 13:33:05.315] [GIT          ] [/home/ero/.config/discord/0.0.99/modules/discord_spellcheck] git rev-parse --show-toplevel • not a git repository (or any parent up to mount point /) • Stopping at filesystem boundary (GIT_DISCOVERY_ACROSS_FILESYSTEM not set). [40ms]
[2025-06-29 13:33:05.354] Warning(/usr/bin/git -c core.quotepath=false -c color.ui=false rev-parse --show-toplevel): fatal: not a git repository (or any parent up to mount point /)
Stopping at filesystem boundary (GIT_DISCOVERY_ACROSS_FILESYSTEM not set).

[2025-06-29 13:33:05.354] [GIT          ] [/home/ero/.config/discord/0.0.99/modules/discord_utils] git rev-parse --show-toplevel • not a git repository (or any parent up to mount point /) • Stopping at filesystem boundary (GIT_DISCOVERY_ACROSS_FILESYSTEM not set). [37ms]
[2025-06-29 13:33:05.398] Warning(/usr/bin/git -c core.quotepath=false -c color.ui=false rev-parse --show-toplevel): fatal: not a git repository (or any parent up to mount point /)
Stopping at filesystem boundary (GIT_DISCOVERY_ACROSS_FILESYSTEM not set).

[2025-06-29 13:33:05.399] [GIT          ] [/home/ero/.config/discord/0.0.99/modules/discord_zstd] git rev-parse --show-toplevel • not a git repository (or any parent up to mount point /) • Stopping at filesystem boundary (GIT_DISCOVERY_ACROSS_FILESYSTEM not set). [43ms]
[2025-06-29 13:33:05.439] Warning(/usr/bin/git -c core.quotepath=false -c color.ui=false rev-parse --show-toplevel): fatal: not a git repository (or any parent up to mount point /)
Stopping at filesystem boundary (GIT_DISCOVERY_ACROSS_FILESYSTEM not set).

[2025-06-29 13:33:05.439] [GIT          ] [/home/ero/.config/discord/0.0.99/modules/discord_rpc] git rev-parse --show-toplevel • not a git repository (or any parent up to mount point /) • Stopping at filesystem boundary (GIT_DISCOVERY_ACROSS_FILESYSTEM not set). [39ms]
[2025-06-29 13:33:05.481] Warning(/usr/bin/git -c core.quotepath=false -c color.ui=false rev-parse --show-toplevel): fatal: not a git repository (or any parent up to mount point /)
Stopping at filesystem boundary (GIT_DISCOVERY_ACROSS_FILESYSTEM not set).

[2025-06-29 13:33:05.481] [GIT          ] [/home/ero/.config/discord/0.0.99/modules/discord_voice] git rev-parse --show-toplevel • not a git repository (or any parent up to mount point /) • Stopping at filesystem boundary (GIT_DISCOVERY_ACROSS_FILESYSTEM not set). [41ms]
[2025-06-29 13:33:05.525] Warning(/usr/bin/git -c core.quotepath=false -c color.ui=false rev-parse --show-toplevel): fatal: not a git repository (or any parent up to mount point /)
Stopping at filesystem boundary (GIT_DISCOVERY_ACROSS_FILESYSTEM not set).

[2025-06-29 13:33:05.525] [GIT          ] [/home/ero/.config/discord/0.0.99/modules/discord_erlpack] git rev-parse --show-toplevel • not a git repository (or any parent up to mount point /) • Stopping at filesystem boundary (GIT_DISCOVERY_ACROSS_FILESYSTEM not set). [42ms]
[2025-06-29 13:33:05.568] Warning(/usr/bin/git -c core.quotepath=false -c color.ui=false rev-parse --show-toplevel): fatal: not a git repository (or any parent up to mount point /)
Stopping at filesystem boundary (GIT_DISCOVERY_ACROSS_FILESYSTEM not set).

[2025-06-29 13:33:05.569] [GIT          ] [/home/ero/.config/discord/0.0.99/modules/discord_desktop_core] git rev-parse --show-toplevel • not a git repository (or any parent up to mount point /) • Stopping at filesystem boundary (GIT_DISCOVERY_ACROSS_FILESYSTEM not set). [42ms]
[2025-06-29 13:33:05.608] Warning(/usr/bin/git -c core.quotepath=false -c color.ui=false rev-parse --show-toplevel): fatal: not a git repository (or any parent up to mount point /)
Stopping at filesystem boundary (GIT_DISCOVERY_ACROSS_FILESYSTEM not set).

[2025-06-29 13:33:05.608] [GIT          ] [/home/ero/.config/discord/0.0.99/modules/discord_krisp] git rev-parse --show-toplevel • not a git repository (or any parent up to mount point /) • Stopping at filesystem boundary (GIT_DISCOVERY_ACROSS_FILESYSTEM not set). [38ms]

2025-06-29 19:03:37.882 [info] [2025-06-29 13:33:37.382] Warning(/usr/bin/git -c core.quotepath=false -c color.ui=false rev-parse --show-toplevel): fatal: not a git repository (or any parent up to mount point /)
Stopping at filesystem boundary (GIT_DISCOVERY_ACROSS_FILESYSTEM not set).

[2025-06-29 13:33:37.383] [GIT          ] [/home/ero/.config/hypr] git rev-parse --show-toplevel • not a git repository (or any parent up to mount point /) • Stopping at filesystem boundary (GIT_DISCOVERY_ACROSS_FILESYSTEM not set). [39ms]

2025-06-29 19:03:51.477 [info] [2025-06-29 13:33:50.976] Warning(/usr/bin/git -c core.quotepath=false -c color.ui=false rev-parse --show-toplevel): fatal: not a git repository (or any parent up to mount point /)
Stopping at filesystem boundary (GIT_DISCOVERY_ACROSS_FILESYSTEM not set).

[2025-06-29 13:33:50.976] [GIT          ] [/home/ero/.config/fastfetch] git rev-parse --show-toplevel • not a git repository (or any parent up to mount point /) • Stopping at filesystem boundary (GIT_DISCOVERY_ACROSS_FILESYSTEM not set). [49ms]

2025-06-29 19:18:34.039 [info] [2025-06-29 13:48:33.538] Warning(/usr/bin/git -c core.quotepath=false -c color.ui=false rev-parse --show-toplevel): fatal: not a git repository (or any parent up to mount point /)
Stopping at filesystem boundary (GIT_DISCOVERY_ACROSS_FILESYSTEM not set).

[2025-06-29 13:48:33.538] [GIT          ] [/home/ero/.config/fastfetch] git rev-parse --show-toplevel • not a git repository (or any parent up to mount point /) • Stopping at filesystem boundary (GIT_DISCOVERY_ACROSS_FILESYSTEM not set). [46ms]

2025-06-29 19:55:24.297 [info] [2025-06-29 14:25:23.796] Warning(/usr/bin/git -c core.quotepath=false -c color.ui=false rev-parse --show-toplevel): fatal: not a git repository (or any parent up to mount point /)
Stopping at filesystem boundary (GIT_DISCOVERY_ACROSS_FILESYSTEM not set).

[2025-06-29 14:25:23.797] [GIT          ] [/home/ero/.config/fastfetch] git rev-parse --show-toplevel • not a git repository (or any parent up to mount point /) • Stopping at filesystem boundary (GIT_DISCOVERY_ACROSS_FILESYSTEM not set). [43ms]

