2025-06-29 18:25:58.711 [info] [main] Log level: Info
2025-06-29 18:25:58.711 [info] [main] Validating found git in: "git"
2025-06-29 18:25:58.711 [info] [main] Using git "2.49.0" from "git"
2025-06-29 18:25:58.711 [info] [Model][doInitialScan] Initial repository scan started
2025-06-29 18:25:58.711 [info] > git rev-parse --show-toplevel [10ms]
2025-06-29 18:25:58.711 [info] fatal: not a git repository (or any parent up to mount point /)
Stopping at filesystem boundary (GIT_DISCOVERY_ACROSS_FILESYSTEM not set).
2025-06-29 18:25:58.711 [info] [Model][doInitialScan] Initial repository scan completed - repositories (0), closed repositories (0), parent repositories (0), unsafe repositories (0)
2025-06-29 18:26:54.879 [info] > git rev-parse --show-toplevel [5ms]
2025-06-29 18:26:54.880 [info] fatal: not a git repository (or any parent up to mount point /)
Stopping at filesystem boundary (GIT_DISCOVERY_ACROSS_FILESYSTEM not set).
2025-06-29 18:28:33.327 [info] > git rev-parse --show-toplevel [4ms]
2025-06-29 18:28:33.327 [info] fatal: not a git repository (or any parent up to mount point /)
Stopping at filesystem boundary (GIT_DISCOVERY_ACROSS_FILESYSTEM not set).
2025-06-29 18:34:05.793 [info] > git rev-parse --show-toplevel [6ms]
2025-06-29 18:34:05.793 [info] fatal: not a git repository (or any parent up to mount point /)
Stopping at filesystem boundary (GIT_DISCOVERY_ACROSS_FILESYSTEM not set).
2025-06-29 18:37:03.268 [info] [main] Log level: Info
2025-06-29 18:37:03.268 [info] [main] Validating found git in: "git"
2025-06-29 18:37:03.268 [info] [main] Using git "2.49.0" from "git"
2025-06-29 18:37:03.268 [info] [Model][doInitialScan] Initial repository scan started
2025-06-29 18:37:03.268 [info] > git rev-parse --show-toplevel [128ms]
2025-06-29 18:37:03.268 [info] fatal: not a git repository (or any parent up to mount point /)
Stopping at filesystem boundary (GIT_DISCOVERY_ACROSS_FILESYSTEM not set).
2025-06-29 18:37:03.268 [info] [Model][doInitialScan] Initial repository scan completed - repositories (0), closed repositories (0), parent repositories (0), unsafe repositories (0)
2025-06-29 18:37:03.268 [info] > git rev-parse --show-toplevel [466ms]
2025-06-29 18:37:03.268 [info] fatal: not a git repository (or any parent up to mount point /)
Stopping at filesystem boundary (GIT_DISCOVERY_ACROSS_FILESYSTEM not set).
2025-06-29 18:37:03.412 [info] > git rev-parse --show-toplevel [119ms]
2025-06-29 18:37:03.412 [info] fatal: not a git repository (or any parent up to mount point /)
Stopping at filesystem boundary (GIT_DISCOVERY_ACROSS_FILESYSTEM not set).
2025-06-29 18:37:03.657 [info] > git rev-parse --show-toplevel [26ms]
2025-06-29 18:37:03.657 [info] fatal: not a git repository (or any parent up to mount point /)
Stopping at filesystem boundary (GIT_DISCOVERY_ACROSS_FILESYSTEM not set).
2025-06-29 18:37:22.015 [info] [main] Log level: Info
2025-06-29 18:37:22.015 [info] [main] Validating found git in: "git"
2025-06-29 18:37:22.015 [info] [main] Using git "2.49.0" from "git"
2025-06-29 18:37:22.015 [info] [Model][doInitialScan] Initial repository scan started
2025-06-29 18:37:22.015 [info] > git rev-parse --show-toplevel [12ms]
2025-06-29 18:37:22.015 [info] fatal: not a git repository (or any parent up to mount point /)
Stopping at filesystem boundary (GIT_DISCOVERY_ACROSS_FILESYSTEM not set).
2025-06-29 18:37:22.558 [info] > git rev-parse --show-toplevel [517ms]
2025-06-29 18:37:22.558 [info] fatal: not a git repository (or any parent up to mount point /)
Stopping at filesystem boundary (GIT_DISCOVERY_ACROSS_FILESYSTEM not set).
2025-06-29 18:37:22.914 [info] > git rev-parse --show-toplevel [118ms]
2025-06-29 18:37:22.914 [info] fatal: not a git repository (or any parent up to mount point /)
Stopping at filesystem boundary (GIT_DISCOVERY_ACROSS_FILESYSTEM not set).
2025-06-29 18:37:23.114 [info] > git rev-parse --show-toplevel [27ms]
2025-06-29 18:37:23.114 [info] fatal: not a git repository (or any parent up to mount point /)
Stopping at filesystem boundary (GIT_DISCOVERY_ACROSS_FILESYSTEM not set).
2025-06-29 18:37:23.203 [info] > git rev-parse --show-toplevel [41ms]
2025-06-29 18:37:23.203 [info] fatal: not a git repository (or any parent up to mount point /)
Stopping at filesystem boundary (GIT_DISCOVERY_ACROSS_FILESYSTEM not set).
2025-06-29 18:37:23.266 [info] > git rev-parse --show-toplevel [9ms]
2025-06-29 18:37:23.266 [info] fatal: not a git repository (or any parent up to mount point /)
Stopping at filesystem boundary (GIT_DISCOVERY_ACROSS_FILESYSTEM not set).
2025-06-29 18:37:24.384 [info] > git rev-parse --show-toplevel [2ms]
2025-06-29 18:37:24.385 [info] fatal: not a git repository (or any parent up to mount point /)
Stopping at filesystem boundary (GIT_DISCOVERY_ACROSS_FILESYSTEM not set).
2025-06-29 18:37:24.435 [info] > git rev-parse --show-toplevel [29ms]
2025-06-29 18:37:24.435 [info] fatal: not a git repository (or any parent up to mount point /)
Stopping at filesystem boundary (GIT_DISCOVERY_ACROSS_FILESYSTEM not set).
2025-06-29 18:37:24.478 [info] > git rev-parse --show-toplevel [21ms]
2025-06-29 18:37:24.478 [info] fatal: not a git repository (or any parent up to mount point /)
Stopping at filesystem boundary (GIT_DISCOVERY_ACROSS_FILESYSTEM not set).
2025-06-29 18:37:24.503 [info] > git rev-parse --show-toplevel [5ms]
2025-06-29 18:37:24.503 [info] fatal: not a git repository (or any parent up to mount point /)
Stopping at filesystem boundary (GIT_DISCOVERY_ACROSS_FILESYSTEM not set).
2025-06-29 18:37:24.530 [info] > git rev-parse --show-toplevel [3ms]
2025-06-29 18:37:24.530 [info] fatal: not a git repository (or any parent up to mount point /)
Stopping at filesystem boundary (GIT_DISCOVERY_ACROSS_FILESYSTEM not set).
2025-06-29 18:37:24.554 [info] > git rev-parse --show-toplevel [1ms]
2025-06-29 18:37:24.554 [info] fatal: not a git repository (or any parent up to mount point /)
Stopping at filesystem boundary (GIT_DISCOVERY_ACROSS_FILESYSTEM not set).
2025-06-29 18:37:24.578 [info] > git rev-parse --show-toplevel [2ms]
2025-06-29 18:37:24.578 [info] fatal: not a git repository (or any parent up to mount point /)
Stopping at filesystem boundary (GIT_DISCOVERY_ACROSS_FILESYSTEM not set).
2025-06-29 18:37:24.599 [info] > git rev-parse --show-toplevel [1ms]
2025-06-29 18:37:24.599 [info] fatal: not a git repository (or any parent up to mount point /)
Stopping at filesystem boundary (GIT_DISCOVERY_ACROSS_FILESYSTEM not set).
2025-06-29 18:37:24.620 [info] > git rev-parse --show-toplevel [1ms]
2025-06-29 18:37:24.620 [info] fatal: not a git repository (or any parent up to mount point /)
Stopping at filesystem boundary (GIT_DISCOVERY_ACROSS_FILESYSTEM not set).
2025-06-29 18:37:24.642 [info] > git rev-parse --show-toplevel [1ms]
2025-06-29 18:37:24.642 [info] fatal: not a git repository (or any parent up to mount point /)
Stopping at filesystem boundary (GIT_DISCOVERY_ACROSS_FILESYSTEM not set).
2025-06-29 18:37:24.666 [info] > git rev-parse --show-toplevel [2ms]
2025-06-29 18:37:24.666 [info] fatal: not a git repository (or any parent up to mount point /)
Stopping at filesystem boundary (GIT_DISCOVERY_ACROSS_FILESYSTEM not set).
2025-06-29 18:37:24.687 [info] > git rev-parse --show-toplevel [1ms]
2025-06-29 18:37:24.687 [info] fatal: not a git repository (or any parent up to mount point /)
Stopping at filesystem boundary (GIT_DISCOVERY_ACROSS_FILESYSTEM not set).
2025-06-29 18:37:24.711 [info] > git rev-parse --show-toplevel [2ms]
2025-06-29 18:37:24.711 [info] fatal: not a git repository (or any parent up to mount point /)
Stopping at filesystem boundary (GIT_DISCOVERY_ACROSS_FILESYSTEM not set).
2025-06-29 18:37:24.734 [info] > git rev-parse --show-toplevel [4ms]
2025-06-29 18:37:24.734 [info] fatal: not a git repository (or any parent up to mount point /)
Stopping at filesystem boundary (GIT_DISCOVERY_ACROSS_FILESYSTEM not set).
2025-06-29 18:37:24.755 [info] > git rev-parse --show-toplevel [2ms]
2025-06-29 18:37:24.755 [info] fatal: not a git repository (or any parent up to mount point /)
Stopping at filesystem boundary (GIT_DISCOVERY_ACROSS_FILESYSTEM not set).
2025-06-29 18:37:24.778 [info] > git rev-parse --show-toplevel [2ms]
2025-06-29 18:37:24.778 [info] fatal: not a git repository (or any parent up to mount point /)
Stopping at filesystem boundary (GIT_DISCOVERY_ACROSS_FILESYSTEM not set).
2025-06-29 18:37:24.801 [info] > git rev-parse --show-toplevel [3ms]
2025-06-29 18:37:24.801 [info] fatal: not a git repository (or any parent up to mount point /)
Stopping at filesystem boundary (GIT_DISCOVERY_ACROSS_FILESYSTEM not set).
2025-06-29 18:37:24.824 [info] > git rev-parse --show-toplevel [5ms]
2025-06-29 18:37:24.824 [info] fatal: not a git repository (or any parent up to mount point /)
Stopping at filesystem boundary (GIT_DISCOVERY_ACROSS_FILESYSTEM not set).
2025-06-29 18:37:24.845 [info] > git rev-parse --show-toplevel [2ms]
2025-06-29 18:37:24.845 [info] fatal: not a git repository (or any parent up to mount point /)
Stopping at filesystem boundary (GIT_DISCOVERY_ACROSS_FILESYSTEM not set).
2025-06-29 18:37:24.868 [info] > git rev-parse --show-toplevel [3ms]
2025-06-29 18:37:24.868 [info] fatal: not a git repository (or any parent up to mount point /)
Stopping at filesystem boundary (GIT_DISCOVERY_ACROSS_FILESYSTEM not set).
2025-06-29 18:37:24.891 [info] > git rev-parse --show-toplevel [2ms]
2025-06-29 18:37:24.891 [info] fatal: not a git repository (or any parent up to mount point /)
Stopping at filesystem boundary (GIT_DISCOVERY_ACROSS_FILESYSTEM not set).
2025-06-29 18:37:24.912 [info] > git rev-parse --show-toplevel [1ms]
2025-06-29 18:37:24.912 [info] fatal: not a git repository (or any parent up to mount point /)
Stopping at filesystem boundary (GIT_DISCOVERY_ACROSS_FILESYSTEM not set).
2025-06-29 18:37:24.931 [info] > git rev-parse --show-toplevel [1ms]
2025-06-29 18:37:24.931 [info] fatal: not a git repository (or any parent up to mount point /)
Stopping at filesystem boundary (GIT_DISCOVERY_ACROSS_FILESYSTEM not set).
2025-06-29 18:37:24.950 [info] > git rev-parse --show-toplevel [1ms]
2025-06-29 18:37:24.950 [info] fatal: not a git repository (or any parent up to mount point /)
Stopping at filesystem boundary (GIT_DISCOVERY_ACROSS_FILESYSTEM not set).
2025-06-29 18:37:24.973 [info] > git rev-parse --show-toplevel [3ms]
2025-06-29 18:37:24.973 [info] fatal: not a git repository (or any parent up to mount point /)
Stopping at filesystem boundary (GIT_DISCOVERY_ACROSS_FILESYSTEM not set).
2025-06-29 18:37:24.997 [info] > git rev-parse --show-toplevel [1ms]
2025-06-29 18:37:24.997 [info] fatal: not a git repository (or any parent up to mount point /)
Stopping at filesystem boundary (GIT_DISCOVERY_ACROSS_FILESYSTEM not set).
2025-06-29 18:37:25.025 [info] > git rev-parse --show-toplevel [1ms]
2025-06-29 18:37:25.026 [info] fatal: not a git repository (or any parent up to mount point /)
Stopping at filesystem boundary (GIT_DISCOVERY_ACROSS_FILESYSTEM not set).
2025-06-29 18:37:25.047 [info] > git rev-parse --show-toplevel [1ms]
2025-06-29 18:37:25.048 [info] fatal: not a git repository (or any parent up to mount point /)
Stopping at filesystem boundary (GIT_DISCOVERY_ACROSS_FILESYSTEM not set).
2025-06-29 18:37:25.066 [info] > git rev-parse --show-toplevel [1ms]
2025-06-29 18:37:25.066 [info] fatal: not a git repository (or any parent up to mount point /)
Stopping at filesystem boundary (GIT_DISCOVERY_ACROSS_FILESYSTEM not set).
2025-06-29 18:37:25.084 [info] > git rev-parse --show-toplevel [1ms]
2025-06-29 18:37:25.084 [info] fatal: not a git repository (or any parent up to mount point /)
Stopping at filesystem boundary (GIT_DISCOVERY_ACROSS_FILESYSTEM not set).
2025-06-29 18:37:25.104 [info] > git rev-parse --show-toplevel [1ms]
2025-06-29 18:37:25.104 [info] fatal: not a git repository (or any parent up to mount point /)
Stopping at filesystem boundary (GIT_DISCOVERY_ACROSS_FILESYSTEM not set).
2025-06-29 18:37:25.124 [info] > git rev-parse --show-toplevel [1ms]
2025-06-29 18:37:25.124 [info] fatal: not a git repository (or any parent up to mount point /)
Stopping at filesystem boundary (GIT_DISCOVERY_ACROSS_FILESYSTEM not set).
2025-06-29 18:37:25.146 [info] > git rev-parse --show-toplevel [2ms]
2025-06-29 18:37:25.146 [info] fatal: not a git repository (or any parent up to mount point /)
Stopping at filesystem boundary (GIT_DISCOVERY_ACROSS_FILESYSTEM not set).
2025-06-29 18:37:25.147 [info] [Model][doInitialScan] Initial repository scan completed - repositories (0), closed repositories (0), parent repositories (0), unsafe repositories (0)
2025-06-29 18:37:51.227 [info] > git rev-parse --show-toplevel [4ms]
2025-06-29 18:37:51.227 [info] fatal: not a git repository (or any parent up to mount point /)
Stopping at filesystem boundary (GIT_DISCOVERY_ACROSS_FILESYSTEM not set).
2025-06-29 18:38:52.087 [info] > git rev-parse --show-toplevel [3ms]
2025-06-29 18:38:52.087 [info] fatal: not a git repository (or any parent up to mount point /)
Stopping at filesystem boundary (GIT_DISCOVERY_ACROSS_FILESYSTEM not set).
2025-06-29 18:38:52.898 [info] > git rev-parse --show-toplevel [18ms]
2025-06-29 18:38:52.898 [info] fatal: not a git repository (or any parent up to mount point /)
Stopping at filesystem boundary (GIT_DISCOVERY_ACROSS_FILESYSTEM not set).
2025-06-29 18:39:27.648 [info] > git rev-parse --show-toplevel [7ms]
2025-06-29 18:39:27.648 [info] fatal: not a git repository (or any parent up to mount point /)
Stopping at filesystem boundary (GIT_DISCOVERY_ACROSS_FILESYSTEM not set).
