2025-06-30 00:33:51.574 [info] [main] Log level: Info
2025-06-30 00:33:51.574 [info] [main] Validating found git in: "git"
2025-06-30 00:33:51.574 [info] [main] Using git "2.49.0" from "git"
2025-06-30 00:33:51.574 [info] [Model][doInitialScan] Initial repository scan started
2025-06-30 00:33:51.574 [info] > git rev-parse --show-toplevel [14ms]
2025-06-30 00:33:51.574 [info] fatal: not a git repository (or any parent up to mount point /)
Stopping at filesystem boundary (GIT_DISCOVERY_ACROSS_FILESYSTEM not set).
2025-06-30 00:33:51.574 [info] > git rev-parse --show-toplevel [3ms]
2025-06-30 00:33:51.574 [info] fatal: not a git repository (or any parent up to mount point /)
Stopping at filesystem boundary (GIT_DISCOVERY_ACROSS_FILESYSTEM not set).
2025-06-30 00:33:51.575 [info] > git rev-parse --show-toplevel [3ms]
2025-06-30 00:33:51.575 [info] fatal: not a git repository (or any parent up to mount point /)
Stopping at filesystem boundary (GIT_DISCOVERY_ACROSS_FILESYSTEM not set).
2025-06-30 00:33:51.595 [info] > git rev-parse --show-toplevel [2ms]
2025-06-30 00:33:51.595 [info] fatal: not a git repository (or any parent up to mount point /)
Stopping at filesystem boundary (GIT_DISCOVERY_ACROSS_FILESYSTEM not set).
2025-06-30 00:33:51.606 [info] > git rev-parse --show-toplevel [2ms]
2025-06-30 00:33:51.606 [info] fatal: not a git repository (or any parent up to mount point /)
Stopping at filesystem boundary (GIT_DISCOVERY_ACROSS_FILESYSTEM not set).
2025-06-30 00:33:51.618 [info] > git rev-parse --show-toplevel [2ms]
2025-06-30 00:33:51.618 [info] fatal: not a git repository (or any parent up to mount point /)
Stopping at filesystem boundary (GIT_DISCOVERY_ACROSS_FILESYSTEM not set).
2025-06-30 00:33:56.765 [info] > git rev-parse --show-toplevel [5139ms]
2025-06-30 00:33:56.765 [info] fatal: not a git repository (or any parent up to mount point /)
Stopping at filesystem boundary (GIT_DISCOVERY_ACROSS_FILESYSTEM not set).
2025-06-30 00:33:57.410 [info] > git rev-parse --show-toplevel [198ms]
2025-06-30 00:33:57.410 [info] fatal: not a git repository (or any parent up to mount point /)
Stopping at filesystem boundary (GIT_DISCOVERY_ACROSS_FILESYSTEM not set).
2025-06-30 00:33:57.666 [info] > git rev-parse --show-toplevel [201ms]
2025-06-30 00:33:57.666 [info] fatal: not a git repository (or any parent up to mount point /)
Stopping at filesystem boundary (GIT_DISCOVERY_ACROSS_FILESYSTEM not set).
2025-06-30 00:33:57.744 [info] > git rev-parse --show-toplevel [10ms]
2025-06-30 00:33:57.744 [info] fatal: not a git repository (or any parent up to mount point /)
Stopping at filesystem boundary (GIT_DISCOVERY_ACROSS_FILESYSTEM not set).
2025-06-30 00:33:57.826 [info] > git rev-parse --show-toplevel [47ms]
2025-06-30 00:33:57.826 [info] fatal: not a git repository (or any parent up to mount point /)
Stopping at filesystem boundary (GIT_DISCOVERY_ACROSS_FILESYSTEM not set).
2025-06-30 00:33:57.885 [info] > git rev-parse --show-toplevel [38ms]
2025-06-30 00:33:57.885 [info] fatal: not a git repository (or any parent up to mount point /)
Stopping at filesystem boundary (GIT_DISCOVERY_ACROSS_FILESYSTEM not set).
2025-06-30 00:33:58.212 [info] > git rev-parse --show-toplevel [70ms]
2025-06-30 00:33:58.212 [info] fatal: not a git repository (or any parent up to mount point /)
Stopping at filesystem boundary (GIT_DISCOVERY_ACROSS_FILESYSTEM not set).
2025-06-30 00:33:58.856 [info] > git rev-parse --show-toplevel [596ms]
2025-06-30 00:33:58.856 [info] fatal: not a git repository (or any parent up to mount point /)
Stopping at filesystem boundary (GIT_DISCOVERY_ACROSS_FILESYSTEM not set).
2025-06-30 00:33:58.926 [info] > git rev-parse --show-toplevel [37ms]
2025-06-30 00:33:58.926 [info] fatal: not a git repository (or any parent up to mount point /)
Stopping at filesystem boundary (GIT_DISCOVERY_ACROSS_FILESYSTEM not set).
2025-06-30 00:33:58.990 [info] > git rev-parse --show-toplevel [9ms]
2025-06-30 00:33:58.990 [info] fatal: not a git repository (or any parent up to mount point /)
Stopping at filesystem boundary (GIT_DISCOVERY_ACROSS_FILESYSTEM not set).
2025-06-30 00:33:59.012 [info] > git rev-parse --show-toplevel [4ms]
2025-06-30 00:33:59.012 [info] fatal: not a git repository (or any parent up to mount point /)
Stopping at filesystem boundary (GIT_DISCOVERY_ACROSS_FILESYSTEM not set).
2025-06-30 00:33:59.035 [info] > git rev-parse --show-toplevel [6ms]
2025-06-30 00:33:59.035 [info] fatal: not a git repository (or any parent up to mount point /)
Stopping at filesystem boundary (GIT_DISCOVERY_ACROSS_FILESYSTEM not set).
2025-06-30 00:33:59.053 [info] > git rev-parse --show-toplevel [1ms]
2025-06-30 00:33:59.053 [info] fatal: not a git repository (or any parent up to mount point /)
Stopping at filesystem boundary (GIT_DISCOVERY_ACROSS_FILESYSTEM not set).
2025-06-30 00:33:59.074 [info] > git rev-parse --show-toplevel [3ms]
2025-06-30 00:33:59.074 [info] fatal: not a git repository (or any parent up to mount point /)
Stopping at filesystem boundary (GIT_DISCOVERY_ACROSS_FILESYSTEM not set).
2025-06-30 00:33:59.101 [info] > git rev-parse --show-toplevel [8ms]
2025-06-30 00:33:59.101 [info] fatal: not a git repository (or any parent up to mount point /)
Stopping at filesystem boundary (GIT_DISCOVERY_ACROSS_FILESYSTEM not set).
2025-06-30 00:33:59.146 [info] > git rev-parse --show-toplevel [5ms]
2025-06-30 00:33:59.146 [info] fatal: not a git repository (or any parent up to mount point /)
Stopping at filesystem boundary (GIT_DISCOVERY_ACROSS_FILESYSTEM not set).
2025-06-30 00:33:59.169 [info] > git rev-parse --show-toplevel [1ms]
2025-06-30 00:33:59.169 [info] fatal: not a git repository (or any parent up to mount point /)
Stopping at filesystem boundary (GIT_DISCOVERY_ACROSS_FILESYSTEM not set).
2025-06-30 00:33:59.191 [info] > git rev-parse --show-toplevel [1ms]
2025-06-30 00:33:59.191 [info] fatal: not a git repository (or any parent up to mount point /)
Stopping at filesystem boundary (GIT_DISCOVERY_ACROSS_FILESYSTEM not set).
2025-06-30 00:33:59.231 [info] > git rev-parse --show-toplevel [2ms]
2025-06-30 00:33:59.231 [info] fatal: not a git repository (or any parent up to mount point /)
Stopping at filesystem boundary (GIT_DISCOVERY_ACROSS_FILESYSTEM not set).
2025-06-30 00:33:59.253 [info] > git rev-parse --show-toplevel [1ms]
2025-06-30 00:33:59.253 [info] fatal: not a git repository (or any parent up to mount point /)
Stopping at filesystem boundary (GIT_DISCOVERY_ACROSS_FILESYSTEM not set).
2025-06-30 00:33:59.274 [info] > git rev-parse --show-toplevel [2ms]
2025-06-30 00:33:59.274 [info] fatal: not a git repository (or any parent up to mount point /)
Stopping at filesystem boundary (GIT_DISCOVERY_ACROSS_FILESYSTEM not set).
2025-06-30 00:33:59.299 [info] > git rev-parse --show-toplevel [6ms]
2025-06-30 00:33:59.299 [info] fatal: not a git repository (or any parent up to mount point /)
Stopping at filesystem boundary (GIT_DISCOVERY_ACROSS_FILESYSTEM not set).
2025-06-30 00:33:59.322 [info] > git rev-parse --show-toplevel [2ms]
2025-06-30 00:33:59.322 [info] fatal: not a git repository (or any parent up to mount point /)
Stopping at filesystem boundary (GIT_DISCOVERY_ACROSS_FILESYSTEM not set).
2025-06-30 00:33:59.341 [info] > git rev-parse --show-toplevel [0ms]
2025-06-30 00:33:59.342 [info] fatal: not a git repository (or any parent up to mount point /)
Stopping at filesystem boundary (GIT_DISCOVERY_ACROSS_FILESYSTEM not set).
2025-06-30 00:33:59.362 [info] > git rev-parse --show-toplevel [2ms]
2025-06-30 00:33:59.362 [info] fatal: not a git repository (or any parent up to mount point /)
Stopping at filesystem boundary (GIT_DISCOVERY_ACROSS_FILESYSTEM not set).
2025-06-30 00:33:59.382 [info] > git rev-parse --show-toplevel [1ms]
2025-06-30 00:33:59.382 [info] fatal: not a git repository (or any parent up to mount point /)
Stopping at filesystem boundary (GIT_DISCOVERY_ACROSS_FILESYSTEM not set).
2025-06-30 00:33:59.405 [info] > git rev-parse --show-toplevel [2ms]
2025-06-30 00:33:59.405 [info] fatal: not a git repository (or any parent up to mount point /)
Stopping at filesystem boundary (GIT_DISCOVERY_ACROSS_FILESYSTEM not set).
2025-06-30 00:33:59.426 [info] > git rev-parse --show-toplevel [1ms]
2025-06-30 00:33:59.426 [info] fatal: not a git repository (or any parent up to mount point /)
Stopping at filesystem boundary (GIT_DISCOVERY_ACROSS_FILESYSTEM not set).
2025-06-30 00:33:59.446 [info] > git rev-parse --show-toplevel [1ms]
2025-06-30 00:33:59.446 [info] fatal: not a git repository (or any parent up to mount point /)
Stopping at filesystem boundary (GIT_DISCOVERY_ACROSS_FILESYSTEM not set).
2025-06-30 00:33:59.469 [info] > git rev-parse --show-toplevel [2ms]
2025-06-30 00:33:59.469 [info] fatal: not a git repository (or any parent up to mount point /)
Stopping at filesystem boundary (GIT_DISCOVERY_ACROSS_FILESYSTEM not set).
2025-06-30 00:33:59.491 [info] > git rev-parse --show-toplevel [3ms]
2025-06-30 00:33:59.491 [info] fatal: not a git repository (or any parent up to mount point /)
Stopping at filesystem boundary (GIT_DISCOVERY_ACROSS_FILESYSTEM not set).
2025-06-30 00:33:59.516 [info] > git rev-parse --show-toplevel [5ms]
2025-06-30 00:33:59.516 [info] fatal: not a git repository (or any parent up to mount point /)
Stopping at filesystem boundary (GIT_DISCOVERY_ACROSS_FILESYSTEM not set).
2025-06-30 00:33:59.518 [info] [Model][doInitialScan] Initial repository scan completed - repositories (0), closed repositories (0), parent repositories (0), unsafe repositories (0)
2025-06-30 00:33:59.538 [info] > git rev-parse --show-toplevel [1ms]
2025-06-30 00:33:59.539 [info] fatal: not a git repository (or any parent up to mount point /)
Stopping at filesystem boundary (GIT_DISCOVERY_ACROSS_FILESYSTEM not set).
2025-06-30 00:33:59.560 [info] > git rev-parse --show-toplevel [3ms]
2025-06-30 00:33:59.560 [info] fatal: not a git repository (or any parent up to mount point /)
Stopping at filesystem boundary (GIT_DISCOVERY_ACROSS_FILESYSTEM not set).
2025-06-30 00:33:59.582 [info] > git rev-parse --show-toplevel [2ms]
2025-06-30 00:33:59.582 [info] fatal: not a git repository (or any parent up to mount point /)
Stopping at filesystem boundary (GIT_DISCOVERY_ACROSS_FILESYSTEM not set).
